#
# There is insufficient memory for the Java Runtime Environment to continue.
# Native memory allocation (malloc) failed to allocate 372496 bytes for Chunk::new
# Possible reasons:
#   The system is out of physical RAM or swap space
#   The process is running with CompressedOops enabled, and the Java Heap may be blocking the growth of the native heap
# Possible solutions:
#   Reduce memory load on the system
#   Increase physical memory or swap space
#   Check if swap backing store is full
#   Decrease Java heap size (-Xmx/-Xms)
#   Decrease number of Java threads
#   Decrease Java thread stack sizes (-Xss)
#   Set larger code cache with -XX:ReservedCodeCacheSize=
#   JVM is running with Unscaled Compressed Oops mode in which the Java heap is
#     placed in the first 4GB address space. The Java Heap base address is the
#     maximum limit for the native heap growth. Please use -XX:HeapBaseMinAddress
#     to set the Java Heap base and to place the Java Heap above 4GB virtual address.
# This output file may be truncated or incomplete.
#
#  Out of Memory Error (arena.cpp:189), pid=2792, tid=7264
#
# JRE version: Java(TM) SE Runtime Environment (17.0.11+7) (build 17.0.11+7-LTS-207)
# Java VM: Java HotSpot(TM) 64-Bit Server VM (17.0.11+7-LTS-207, mixed mode, sharing, tiered, compressed oops, compressed class ptrs, g1 gc, windows-amd64)
# No core dump will be written. Minidumps are not enabled by default on client versions of Windows
#

---------------  S U M M A R Y ------------

Command Line: -javaagent:C:\Program Files\JetBrains\IntelliJ IDEA Community Edition 2025.2.6.1\lib\idea_rt.jar=52964 -Dfile.encoding=UTF-8 com.ovr.oceanview_reservation_api.OceanviewReservationApiApplication

Host: 11th Gen Intel(R) Core(TM) i5-1135G7 @ 2.40GHz, 8 cores, 7G,  Windows 11 , 64 bit Build 26100 (10.0.26100.7705)
Time: Wed Mar  4 12:32:21 2026 Sri Lanka Standard Time elapsed time: 561.545027 seconds (0d 0h 9m 21s)

---------------  T H R E A D  ---------------

Current thread (0x000001d3d909f930):  JavaThread "C2 CompilerThread0" daemon [_thread_in_native, id=7264, stack(0x0000007195f00000,0x0000007196000000)]


Current CompileTask:
C2: 561545 7143       4       org.bson.codecs.BsonDocumentCodec::decode (74 bytes)

Stack: [0x0000007195f00000,0x0000007196000000]
Native frames: (J=compiled Java code, j=interpreted, Vv=VM code, C=native code)
V  [jvm.dll+0x679cca]
V  [jvm.dll+0x7da13d]
V  [jvm.dll+0x7dba83]
V  [jvm.dll+0x7dc0f3]
V  [jvm.dll+0x2449af]
V  [jvm.dll+0xab83b]
V  [jvm.dll+0xabe1c]
V  [jvm.dll+0x2a9e6f]
V  [jvm.dll+0x5818d9]
V  [jvm.dll+0x21ed62]
V  [jvm.dll+0x21f13f]
V  [jvm.dll+0x218331]
V  [jvm.dll+0x215505]
V  [jvm.dll+0x1a2040]
V  [jvm.dll+0x225a2b]
V  [jvm.dll+0x223bcb]
V  [jvm.dll+0x7903ec]
V  [jvm.dll+0x78a85a]
V  [jvm.dll+0x678bb5]
C  [ucrtbase.dll+0x37b0]
C  [KERNEL32.DLL+0x2e8d7]
C  [ntdll.dll+0x8c40c]


---------------  P R O C E S S  ---------------

Threads class SMR info:
_java_thread_list=0x000001d4226d8da0, length=41, elements={
0x000001d3d9087f10, 0x000001d3d9089440, 0x000001d3d909a810, 0x000001d3d909c1e0,
0x000001d3d909d710, 0x000001d3d909ec40, 0x000001d3d909f930, 0x000001d3d90a0ea0,
0x000001d3d90b1330, 0x000001d3d9070760, 0x000001d3d960c880, 0x000001d3d960cd60,
0x000001d41f5aa610, 0x000001d41f5ad8b0, 0x000001d41f5aba50, 0x000001d41f5abf60,
0x000001d41f5ac470, 0x000001d41f5addc0, 0x000001d422805f60, 0x000001d4228036e0,
0x000001d422802cc0, 0x000001d422804610, 0x000001d422806980, 0x000001d422805540,
0x000001d4228031d0, 0x000001d422806e90, 0x000001d422806470, 0x000001d422803bf0,
0x000001d422807dc0, 0x000001d422805a50, 0x000001d4228082d0, 0x000001d422804b20,
0x000001d4228087e0, 0x000001d422805030, 0x000001d422809710, 0x000001d422808cf0,
0x000001d422809200, 0x000001d422809c20, 0x000001d42280a130, 0x000001d42280a640,
0x000001d423bcd090
}

Java Threads: ( => current thread )
  0x000001d3d9087f10 JavaThread "Reference Handler" daemon [_thread_blocked, id=17560, stack(0x0000007195900000,0x0000007195a00000)]
  0x000001d3d9089440 JavaThread "Finalizer" daemon [_thread_blocked, id=4856, stack(0x0000007195a00000,0x0000007195b00000)]
  0x000001d3d909a810 JavaThread "Signal Dispatcher" daemon [_thread_blocked, id=16584, stack(0x0000007195b00000,0x0000007195c00000)]
  0x000001d3d909c1e0 JavaThread "Attach Listener" daemon [_thread_blocked, id=1472, stack(0x0000007195c00000,0x0000007195d00000)]
  0x000001d3d909d710 JavaThread "Service Thread" daemon [_thread_blocked, id=15252, stack(0x0000007195d00000,0x0000007195e00000)]
  0x000001d3d909ec40 JavaThread "Monitor Deflation Thread" daemon [_thread_blocked, id=2344, stack(0x0000007195e00000,0x0000007195f00000)]
=>0x000001d3d909f930 JavaThread "C2 CompilerThread0" daemon [_thread_in_native, id=7264, stack(0x0000007195f00000,0x0000007196000000)]
  0x000001d3d90a0ea0 JavaThread "C1 CompilerThread0" daemon [_thread_blocked, id=13864, stack(0x0000007196000000,0x0000007196100000)]
  0x000001d3d90b1330 JavaThread "Sweeper thread" daemon [_thread_blocked, id=17936, stack(0x0000007196100000,0x0000007196200000)]
  0x000001d3d9070760 JavaThread "Common-Cleaner" daemon [_thread_blocked, id=15164, stack(0x0000007196200000,0x0000007196300000)]
  0x000001d3d960c880 JavaThread "Monitor Ctrl-Break" daemon [_thread_in_native, id=15168, stack(0x0000007196300000,0x0000007196400000)]
  0x000001d3d960cd60 JavaThread "Notification Thread" daemon [_thread_blocked, id=17992, stack(0x0000007196400000,0x0000007196500000)]
  0x000001d41f5aa610 JavaThread "Thread-4" daemon [_thread_in_native, id=8660, stack(0x0000007197200000,0x0000007197300000)]
  0x000001d41f5ad8b0 JavaThread "BufferPoolPruner-1-thread-1" daemon [_thread_blocked, id=14224, stack(0x0000007197300000,0x0000007197400000)]
  0x000001d41f5aba50 JavaThread "cluster-ClusterId{value='69a7d6d19d110a48ad52078e', description='OceanViewCluster'}-ac-6i55nrq-shard-00-02.eqqjlz8.mongodb.net:27017" daemon [_thread_in_native, id=6860, stack(0x0000007197500000,0x0000007197600000)]
  0x000001d41f5abf60 JavaThread "cluster-ClusterId{value='69a7d6d19d110a48ad52078e', description='OceanViewCluster'}-ac-6i55nrq-shard-00-00.eqqjlz8.mongodb.net:27017" daemon [_thread_in_native, id=15212, stack(0x0000007197600000,0x0000007197700000)]
  0x000001d41f5ac470 JavaThread "cluster-ClusterId{value='69a7d6d19d110a48ad52078e', description='OceanViewCluster'}-ac-6i55nrq-shard-00-01.eqqjlz8.mongodb.net:27017" daemon [_thread_in_native, id=15072, stack(0x0000007197700000,0x0000007197800000)]
  0x000001d41f5addc0 JavaThread "Catalina-utility-1" [_thread_blocked, id=17188, stack(0x0000007197900000,0x0000007197a00000)]
  0x000001d422805f60 JavaThread "Catalina-utility-2" [_thread_blocked, id=16840, stack(0x0000007197a00000,0x0000007197b00000)]
  0x000001d4228036e0 JavaThread "container-0" [_thread_blocked, id=11944, stack(0x0000007197b00000,0x0000007197c00000)]
  0x000001d422802cc0 JavaThread "Live Reload Server" daemon [_thread_in_native, id=15864, stack(0x0000007197d00000,0x0000007197e00000)]
  0x000001d422804610 JavaThread "cluster-rtt-ClusterId{value='69a7d6d19d110a48ad52078e', description='OceanViewCluster'}-ac-6i55nrq-shard-00-01.eqqjlz8.mongodb.net:27017" daemon [_thread_blocked, id=14540, stack(0x0000007197c00000,0x0000007197d00000)]
  0x000001d422806980 JavaThread "cluster-rtt-ClusterId{value='69a7d6d19d110a48ad52078e', description='OceanViewCluster'}-ac-6i55nrq-shard-00-02.eqqjlz8.mongodb.net:27017" daemon [_thread_blocked, id=17232, stack(0x0000007197e00000,0x0000007197f00000)]
  0x000001d422805540 JavaThread "cluster-rtt-ClusterId{value='69a7d6d19d110a48ad52078e', description='OceanViewCluster'}-ac-6i55nrq-shard-00-00.eqqjlz8.mongodb.net:27017" daemon [_thread_blocked, id=17888, stack(0x0000007197f00000,0x0000007198000000)]
  0x000001d4228031d0 JavaThread "MaintenanceTimer-4-thread-1" daemon [_thread_blocked, id=17572, stack(0x0000007198000000,0x0000007198100000)]
  0x000001d422806e90 JavaThread "MaintenanceTimer-2-thread-1" daemon [_thread_blocked, id=18424, stack(0x0000007198100000,0x0000007198200000)]
  0x000001d422806470 JavaThread "MaintenanceTimer-3-thread-1" daemon [_thread_blocked, id=5436, stack(0x0000007198200000,0x0000007198300000)]
  0x000001d422803bf0 JavaThread "File Watcher" daemon [_thread_blocked, id=3876, stack(0x0000007198300000,0x0000007198400000)]
  0x000001d422807dc0 JavaThread "http-nio-8080-exec-1" daemon [_thread_blocked, id=15264, stack(0x0000007198400000,0x0000007198500000)]
  0x000001d422805a50 JavaThread "http-nio-8080-exec-2" daemon [_thread_blocked, id=9540, stack(0x0000007198500000,0x0000007198600000)]
  0x000001d4228082d0 JavaThread "http-nio-8080-exec-3" daemon [_thread_blocked, id=10708, stack(0x0000007198600000,0x0000007198700000)]
  0x000001d422804b20 JavaThread "http-nio-8080-exec-4" daemon [_thread_blocked, id=10960, stack(0x0000007198700000,0x0000007198800000)]
  0x000001d4228087e0 JavaThread "http-nio-8080-exec-5" daemon [_thread_blocked, id=17668, stack(0x0000007198800000,0x0000007198900000)]
  0x000001d422805030 JavaThread "http-nio-8080-exec-6" daemon [_thread_blocked, id=17760, stack(0x0000007198900000,0x0000007198a00000)]
  0x000001d422809710 JavaThread "http-nio-8080-exec-7" daemon [_thread_blocked, id=17580, stack(0x0000007198a00000,0x0000007198b00000)]
  0x000001d422808cf0 JavaThread "http-nio-8080-exec-8" daemon [_thread_blocked, id=17460, stack(0x0000007198b00000,0x0000007198c00000)]
  0x000001d422809200 JavaThread "http-nio-8080-exec-9" daemon [_thread_blocked, id=18140, stack(0x0000007198c00000,0x0000007198d00000)]
  0x000001d422809c20 JavaThread "http-nio-8080-exec-10" daemon [_thread_blocked, id=8932, stack(0x0000007198d00000,0x0000007198e00000)]
  0x000001d42280a130 JavaThread "http-nio-8080-Poller" daemon [_thread_in_native, id=16876, stack(0x0000007198e00000,0x0000007198f00000)]
  0x000001d42280a640 JavaThread "http-nio-8080-Acceptor" daemon [_thread_in_native, id=14404, stack(0x0000007198f00000,0x0000007199000000)]
  0x000001d423bcd090 JavaThread "DestroyJavaVM" [_thread_blocked, id=11708, stack(0x0000007195200000,0x0000007195300000)]

Other Threads:
  0x000001d3d9081ae0 VMThread "VM Thread" [stack: 0x0000007195800000,0x0000007195900000] [id=10272]
  0x000001d3bb1755e0 WatcherThread [stack: 0x0000007196500000,0x0000007196600000] [id=17716]
  0x000001d3bb155c90 GCTaskThread "GC Thread#0" [stack: 0x0000007195300000,0x0000007195400000] [id=17672]
  0x000001d3d9da5a50 GCTaskThread "GC Thread#1" [stack: 0x0000007196900000,0x0000007196a00000] [id=13844]
  0x000001d41f13aab0 GCTaskThread "GC Thread#2" [stack: 0x0000007196a00000,0x0000007196b00000] [id=17236]
  0x000001d3d9bee690 GCTaskThread "GC Thread#3" [stack: 0x0000007196b00000,0x0000007196c00000] [id=16736]
  0x000001d3d9bee950 GCTaskThread "GC Thread#4" [stack: 0x0000007196c00000,0x0000007196d00000] [id=5492]
  0x000001d41f13bf70 GCTaskThread "GC Thread#5" [stack: 0x0000007196d00000,0x0000007196e00000] [id=10512]
  0x000001d41f4dec90 GCTaskThread "GC Thread#6" [stack: 0x0000007197000000,0x0000007197100000] [id=8492]
  0x000001d41f4def50 GCTaskThread "GC Thread#7" [stack: 0x0000007197100000,0x0000007197200000] [id=5668]
  0x000001d3bb1663e0 ConcurrentGCThread "G1 Main Marker" [stack: 0x0000007195400000,0x0000007195500000] [id=17740]
  0x000001d3bb168ad0 ConcurrentGCThread "G1 Conc#0" [stack: 0x0000007195500000,0x0000007195600000] [id=17464]
  0x000001d41f544480 ConcurrentGCThread "G1 Conc#1" [stack: 0x0000007196e00000,0x0000007196f00000] [id=7948]
  0x000001d3d8f330d0 ConcurrentGCThread "G1 Refine#0" [stack: 0x0000007195600000,0x0000007195700000] [id=17064]
  0x000001d3d8f33a00 ConcurrentGCThread "G1 Service" [stack: 0x0000007195700000,0x0000007195800000] [id=6812]

Threads with active compile tasks:
C2 CompilerThread0   561579 7143       4       org.bson.codecs.BsonDocumentCodec::decode (74 bytes)

VM state: not at safepoint (normal execution)

VM Mutex/Monitor currently owned by a thread: None

Heap address: 0x0000000084000000, size: 1984 MB, Compressed Oops mode: 32-bit

CDS archive(s) mapped at: [0x000001d3da000000-0x000001d3dabd0000-0x000001d3dabd0000), size 12386304, SharedBaseAddress: 0x000001d3da000000, ArchiveRelocationMode: 1.
Compressed class space mapped at: 0x000001d3db000000-0x000001d41b000000, reserved size: 1073741824
Narrow klass base: 0x000001d3da000000, Narrow klass shift: 0, Narrow klass range: 0x100000000

GC Precious Log:
 CPUs: 8 total, 8 available
 Memory: 7932M
 Large Page Support: Disabled
 NUMA Support: Disabled
 Compressed Oops: Enabled (32-bit)
 Heap Region Size: 1M
 Heap Min Capacity: 8M
 Heap Initial Capacity: 124M
 Heap Max Capacity: 1984M
 Pre-touch: Disabled
 Parallel Workers: 8
 Concurrent Workers: 2
 Concurrent Refinement Workers: 8
 Periodic GC: Disabled

Heap:
 garbage-first heap   total 58368K, used 33827K [0x0000000084000000, 0x0000000100000000)
  region size 1024K, 7 young (7168K), 1 survivors (1024K)
 Metaspace       used 54752K, committed 55296K, reserved 1114112K
  class space    used 7227K, committed 7488K, reserved 1048576K

Heap Regions: E=young(eden), S=young(survivor), O=old, HS=humongous(starts), HC=humongous(continues), CS=collection set, F=free, OA=open archive, CA=closed archive, TAMS=top-at-mark-start (previous, next)
|   0|0x0000000084000000, 0x0000000084100000, 0x0000000084100000|100%| O|  |TAMS 0x0000000084100000, 0x0000000084000000| Untracked 
|   1|0x0000000084100000, 0x0000000084200000, 0x0000000084200000|100%| O|  |TAMS 0x0000000084200000, 0x0000000084100000| Untracked 
|   2|0x0000000084200000, 0x0000000084300000, 0x0000000084300000|100%| O|  |TAMS 0x0000000084300000, 0x0000000084200000| Untracked 
|   3|0x0000000084300000, 0x0000000084400000, 0x0000000084400000|100%| O|  |TAMS 0x0000000084400000, 0x0000000084300000| Untracked 
|   4|0x0000000084400000, 0x0000000084500000, 0x0000000084500000|100%| O|  |TAMS 0x0000000084500000, 0x0000000084400000| Untracked 
|   5|0x0000000084500000, 0x0000000084500000, 0x0000000084600000|  0%| F|  |TAMS 0x0000000084500000, 0x0000000084500000| Untracked 
|   6|0x0000000084600000, 0x0000000084700000, 0x0000000084700000|100%| O|  |TAMS 0x0000000084700000, 0x0000000084600000| Untracked 
|   7|0x0000000084700000, 0x0000000084800000, 0x0000000084800000|100%| O|  |TAMS 0x0000000084800000, 0x0000000084700000| Untracked 
|   8|0x0000000084800000, 0x0000000084900000, 0x0000000084900000|100%| O|  |TAMS 0x0000000084900000, 0x0000000084800000| Untracked 
|   9|0x0000000084900000, 0x0000000084a00000, 0x0000000084a00000|100%| O|  |TAMS 0x0000000084a00000, 0x0000000084900000| Untracked 
|  10|0x0000000084a00000, 0x0000000084b00000, 0x0000000084b00000|100%| O|  |TAMS 0x0000000084b00000, 0x0000000084a00000| Untracked 
|  11|0x0000000084b00000, 0x0000000084c00000, 0x0000000084c00000|100%| O|  |TAMS 0x0000000084c00000, 0x0000000084b00000| Untracked 
|  12|0x0000000084c00000, 0x0000000084d00000, 0x0000000084d00000|100%| O|  |TAMS 0x0000000084d00000, 0x0000000084c00000| Untracked 
|  13|0x0000000084d00000, 0x0000000084d00000, 0x0000000084e00000|  0%| F|  |TAMS 0x0000000084d00000, 0x0000000084d00000| Untracked 
|  14|0x0000000084e00000, 0x0000000084f00000, 0x0000000084f00000|100%| O|  |TAMS 0x0000000084f00000, 0x0000000084e00000| Untracked 
|  15|0x0000000084f00000, 0x0000000085000000, 0x0000000085000000|100%| O|  |TAMS 0x0000000085000000, 0x0000000084f00000| Untracked 
|  16|0x0000000085000000, 0x0000000085100000, 0x0000000085100000|100%| O|  |TAMS 0x0000000085100000, 0x0000000085000000| Untracked 
|  17|0x0000000085100000, 0x0000000085200000, 0x0000000085200000|100%| O|  |TAMS 0x0000000085200000, 0x0000000085100000| Untracked 
|  18|0x0000000085200000, 0x0000000085300000, 0x0000000085300000|100%| O|  |TAMS 0x0000000085300000, 0x0000000085200000| Untracked 
|  19|0x0000000085300000, 0x0000000085400000, 0x0000000085400000|100%| O|  |TAMS 0x0000000085400000, 0x0000000085300000| Untracked 
|  20|0x0000000085400000, 0x0000000085500000, 0x0000000085500000|100%| O|  |TAMS 0x0000000085500000, 0x0000000085400000| Untracked 
|  21|0x0000000085500000, 0x0000000085600000, 0x0000000085600000|100%| O|  |TAMS 0x0000000085600000, 0x0000000085500000| Untracked 
|  22|0x0000000085600000, 0x0000000085700000, 0x0000000085700000|100%| O|  |TAMS 0x0000000085700000, 0x0000000085600000| Complete 
|  23|0x0000000085700000, 0x0000000085800000, 0x0000000085800000|100%| O|  |TAMS 0x0000000085800000, 0x0000000085700000| Untracked 
|  24|0x0000000085800000, 0x0000000085900000, 0x0000000085900000|100%| O|  |TAMS 0x0000000085900000, 0x0000000085800000| Untracked 
|  25|0x0000000085900000, 0x0000000085a00000, 0x0000000085a00000|100%| O|  |TAMS 0x0000000085a00000, 0x0000000085900000| Untracked 
|  26|0x0000000085a00000, 0x0000000085b00000, 0x0000000085b00000|100%| O|  |TAMS 0x0000000085b00000, 0x0000000085a00000| Untracked 
|  27|0x0000000085b00000, 0x0000000085c00000, 0x0000000085c00000|100%| O|  |TAMS 0x0000000085c00000, 0x0000000085b00000| Untracked 
|  28|0x0000000085c00000, 0x0000000085d00000, 0x0000000085d00000|100%| O|  |TAMS 0x0000000085d00000, 0x0000000085c00000| Untracked 
|  29|0x0000000085d00000, 0x0000000085d7be00, 0x0000000085e00000| 48%| O|  |TAMS 0x0000000085d7be00, 0x0000000085d00000| Untracked 
|  30|0x0000000085e00000, 0x0000000085e00000, 0x0000000085f00000|  0%| F|  |TAMS 0x0000000085e00000, 0x0000000085e00000| Untracked 
|  31|0x0000000085f00000, 0x0000000085f00000, 0x0000000086000000|  0%| F|  |TAMS 0x0000000085f00000, 0x0000000085f00000| Untracked 
|  32|0x0000000086000000, 0x0000000086000000, 0x0000000086100000|  0%| F|  |TAMS 0x0000000086000000, 0x0000000086000000| Untracked 
|  33|0x0000000086100000, 0x0000000086100000, 0x0000000086200000|  0%| F|  |TAMS 0x0000000086100000, 0x0000000086100000| Untracked 
|  34|0x0000000086200000, 0x0000000086200000, 0x0000000086300000|  0%| F|  |TAMS 0x0000000086200000, 0x0000000086200000| Untracked 
|  35|0x0000000086300000, 0x0000000086300000, 0x0000000086400000|  0%| F|  |TAMS 0x0000000086300000, 0x0000000086300000| Untracked 
|  36|0x0000000086400000, 0x000000008648ce88, 0x0000000086500000| 55%| S|CS|TAMS 0x0000000086400000, 0x0000000086400000| Complete 
|  37|0x0000000086500000, 0x0000000086500000, 0x0000000086600000|  0%| F|  |TAMS 0x0000000086500000, 0x0000000086500000| Untracked 
|  38|0x0000000086600000, 0x0000000086600000, 0x0000000086700000|  0%| F|  |TAMS 0x0000000086600000, 0x0000000086600000| Untracked 
|  39|0x0000000086700000, 0x0000000086700000, 0x0000000086800000|  0%| F|  |TAMS 0x0000000086700000, 0x0000000086700000| Untracked 
|  40|0x0000000086800000, 0x0000000086800000, 0x0000000086900000|  0%| F|  |TAMS 0x0000000086800000, 0x0000000086800000| Untracked 
|  41|0x0000000086900000, 0x0000000086900000, 0x0000000086a00000|  0%| F|  |TAMS 0x0000000086900000, 0x0000000086900000| Untracked 
|  42|0x0000000086a00000, 0x0000000086a00000, 0x0000000086b00000|  0%| F|  |TAMS 0x0000000086a00000, 0x0000000086a00000| Untracked 
|  43|0x0000000086b00000, 0x0000000086b00000, 0x0000000086c00000|  0%| F|  |TAMS 0x0000000086b00000, 0x0000000086b00000| Untracked 
|  44|0x0000000086c00000, 0x0000000086c00000, 0x0000000086d00000|  0%| F|  |TAMS 0x0000000086c00000, 0x0000000086c00000| Untracked 
|  45|0x0000000086d00000, 0x0000000086d00000, 0x0000000086e00000|  0%| F|  |TAMS 0x0000000086d00000, 0x0000000086d00000| Untracked 
|  46|0x0000000086e00000, 0x0000000086e00000, 0x0000000086f00000|  0%| F|  |TAMS 0x0000000086e00000, 0x0000000086e00000| Untracked 
|  47|0x0000000086f00000, 0x0000000086f00000, 0x0000000087000000|  0%| F|  |TAMS 0x0000000086f00000, 0x0000000086f00000| Untracked 
|  48|0x0000000087000000, 0x0000000087000000, 0x0000000087100000|  0%| F|  |TAMS 0x0000000087000000, 0x0000000087000000| Untracked 
|  67|0x0000000088300000, 0x0000000088300000, 0x0000000088400000|  0%| F|  |TAMS 0x0000000088300000, 0x0000000088300000| Untracked 
|  68|0x0000000088400000, 0x0000000088400000, 0x0000000088500000|  0%| F|  |TAMS 0x0000000088400000, 0x0000000088400000| Untracked 
|  69|0x0000000088500000, 0x0000000088500800, 0x0000000088600000|  0%| E|  |TAMS 0x0000000088500000, 0x0000000088500000| Complete 
|  70|0x0000000088600000, 0x0000000088700000, 0x0000000088700000|100%| E|CS|TAMS 0x0000000088600000, 0x0000000088600000| Complete 
|  71|0x0000000088700000, 0x0000000088800000, 0x0000000088800000|100%| E|CS|TAMS 0x0000000088700000, 0x0000000088700000| Complete 
|  72|0x0000000088800000, 0x0000000088900000, 0x0000000088900000|100%| E|CS|TAMS 0x0000000088800000, 0x0000000088800000| Complete 
|  73|0x0000000088900000, 0x0000000088a00000, 0x0000000088a00000|100%| E|CS|TAMS 0x0000000088900000, 0x0000000088900000| Complete 
| 123|0x000000008bb00000, 0x000000008bc00000, 0x000000008bc00000|100%| E|CS|TAMS 0x000000008bb00000, 0x000000008bb00000| Complete 

Card table byte_map: [0x000001d3d20c0000,0x000001d3d24a0000] _byte_map_base: 0x000001d3d1ca0000

Marking Bits (Prev, Next): (CMBitMap*) 0x000001d3bb1562f0, (CMBitMap*) 0x000001d3bb1562b0
 Prev Bits: [0x000001d3d4780000, 0x000001d3d6680000)
 Next Bits: [0x000001d3d2880000, 0x000001d3d4780000)

Polling page: 0x000001d3b90a0000

Metaspace:

Usage:
  Non-class:     46.41 MB used.
      Class:      7.06 MB used.
       Both:     53.47 MB used.

Virtual space:
  Non-class space:       64.00 MB reserved,      46.69 MB ( 73%) committed,  1 nodes.
      Class space:        1.00 GB reserved,       7.31 MB ( <1%) committed,  1 nodes.
             Both:        1.06 GB reserved,      54.00 MB (  5%) committed. 

Chunk freelists:
   Non-Class:  896.00 KB
       Class:  8.70 MB
        Both:  9.58 MB

MaxMetaspaceSize: unlimited
CompressedClassSpaceSize: 1.00 GB
Initial GC threshold: 21.00 MB
Current GC threshold: 90.00 MB
CDS: on
MetaspaceReclaimPolicy: balanced
 - commit_granule_bytes: 65536.
 - commit_granule_words: 8192.
 - virtual_space_node_default_size: 8388608.
 - enlarge_chunks_in_place: 1.
 - new_chunks_are_fully_committed: 0.
 - uncommit_free_chunks: 1.
 - use_allocation_guard: 0.
 - handle_deallocations: 1.


Internal statistics:

num_allocs_failed_limit: 6.
num_arena_births: 750.
num_arena_deaths: 16.
num_vsnodes_births: 2.
num_vsnodes_deaths: 0.
num_space_committed: 864.
num_space_uncommitted: 0.
num_chunks_returned_to_freelist: 26.
num_chunks_taken_from_freelist: 2719.
num_chunk_merges: 5.
num_chunk_splits: 1825.
num_chunks_enlarged: 1341.
num_inconsistent_stats: 0.

CodeHeap 'non-profiled nmethods': size=120000Kb used=4355Kb max_used=4355Kb free=115644Kb
 bounds [0x000001d3ca480000, 0x000001d3ca8d0000, 0x000001d3d19b0000]
CodeHeap 'profiled nmethods': size=120000Kb used=12195Kb max_used=12195Kb free=107805Kb
 bounds [0x000001d3c29b0000, 0x000001d3c35a0000, 0x000001d3c9ee0000]
CodeHeap 'non-nmethods': size=5760Kb used=1330Kb max_used=1392Kb free=4429Kb
 bounds [0x000001d3c9ee0000, 0x000001d3ca150000, 0x000001d3ca480000]
 total_blobs=7028 nmethods=6386 adapters=552
 compilation: enabled
              stopped_count=0, restarted_count=0
 full_count=0

Compilation events (20 events):
Event: 538.385 Thread 0x000001d3d90a0ea0 nmethod 7136 0x000001d3c3596710 code [0x000001d3c35968c0, 0x000001d3c3596ad8]
Event: 545.442 Thread 0x000001d3d909f930 7137       4       org.bson.BsonBinaryReader::doSkipValue (365 bytes)
Event: 545.455 Thread 0x000001d3d909f930 nmethod 7137 0x000001d3ca8bea10 code [0x000001d3ca8beca0, 0x000001d3ca8bfae0]
Event: 545.485 Thread 0x000001d3d90a0ea0 7138       1       com.mongodb.internal.connection.PowerOfTwoBufferPool$IdleTrackingByteBuffer::getLastUsedNanos (5 bytes)
Event: 545.485 Thread 0x000001d3d90a0ea0 nmethod 7138 0x000001d3ca8c0710 code [0x000001d3ca8c08a0, 0x000001d3ca8c0978]
Event: 545.485 Thread 0x000001d3d90a0ea0 7139       1       com.mongodb.internal.connection.PowerOfTwoBufferPool::access$200 (5 bytes)
Event: 545.486 Thread 0x000001d3d90a0ea0 nmethod 7139 0x000001d3ca8c0a10 code [0x000001d3ca8c0ba0, 0x000001d3ca8c0c58]
Event: 547.468 Thread 0x000001d3d90a0ea0 7140       3       java.util.TimSort::reverseRange (32 bytes)
Event: 547.469 Thread 0x000001d3d90a0ea0 nmethod 7140 0x000001d3c3596b90 code [0x000001d3c3596d60, 0x000001d3c3597278]
Event: 547.497 Thread 0x000001d3d90a0ea0 7141       3       org.bson.BsonDocument::getArray (19 bytes)
Event: 547.498 Thread 0x000001d3d90a0ea0 nmethod 7141 0x000001d3c3597410 code [0x000001d3c35975e0, 0x000001d3c3597b28]
Event: 547.548 Thread 0x000001d3d90a0ea0 7142       3       org.bson.BsonArray::<init> (13 bytes)
Event: 547.549 Thread 0x000001d3d90a0ea0 nmethod 7142 0x000001d3c3597c90 code [0x000001d3c3597e60, 0x000001d3c3598338]
Event: 557.485 Thread 0x000001d3d909f930 7143       4       org.bson.codecs.BsonDocumentCodec::decode (74 bytes)
Event: 557.485 Thread 0x000001d3d90a0ea0 7144       3       java.lang.Integer::compareTo (9 bytes)
Event: 557.486 Thread 0x000001d3d90a0ea0 nmethod 7144 0x000001d3c3598510 code [0x000001d3c35986e0, 0x000001d3c3598a98]
Event: 557.486 Thread 0x000001d3d90a0ea0 7145       3       java.lang.Integer::compareTo (12 bytes)
Event: 557.486 Thread 0x000001d3d90a0ea0 nmethod 7145 0x000001d3c3598b90 code [0x000001d3c3598d40, 0x000001d3c3598f98]
Event: 557.499 Thread 0x000001d3d90a0ea0 7147       3       org.bson.BsonDocument::getString (14 bytes)
Event: 558.499 Thread 0x000001d3d90a0ea0 nmethod 7147 0x000001d3c3599090 code [0x000001d3c3599260, 0x000001d3c35996a8]

GC Heap History (20 events):
Event: 6.528 GC heap before
{Heap before GC invocations=11 (full 0):
 garbage-first heap   total 48128K, used 37397K [0x0000000084000000, 0x0000000100000000)
  region size 1024K, 19 young (19456K), 3 survivors (3072K)
 Metaspace       used 42410K, committed 42880K, reserved 1114112K
  class space    used 5611K, committed 5824K, reserved 1048576K
}
Event: 6.533 GC heap after
{Heap after GC invocations=12 (full 0):
 garbage-first heap   total 48128K, used 22712K [0x0000000084000000, 0x0000000100000000)
  region size 1024K, 2 young (2048K), 2 survivors (2048K)
 Metaspace       used 42410K, committed 42880K, reserved 1114112K
  class space    used 5611K, committed 5824K, reserved 1048576K
}
Event: 6.839 GC heap before
{Heap before GC invocations=12 (full 0):
 garbage-first heap   total 48128K, used 36024K [0x0000000084000000, 0x0000000100000000)
  region size 1024K, 16 young (16384K), 2 survivors (2048K)
 Metaspace       used 44091K, committed 44544K, reserved 1114112K
  class space    used 5827K, committed 6080K, reserved 1048576K
}
Event: 6.843 GC heap after
{Heap after GC invocations=13 (full 0):
 garbage-first heap   total 48128K, used 24101K [0x0000000084000000, 0x0000000100000000)
  region size 1024K, 2 young (2048K), 2 survivors (2048K)
 Metaspace       used 44091K, committed 44544K, reserved 1114112K
  class space    used 5827K, committed 6080K, reserved 1048576K
}
Event: 7.098 GC heap before
{Heap before GC invocations=13 (full 0):
 garbage-first heap   total 48128K, used 37413K [0x0000000084000000, 0x0000000100000000)
  region size 1024K, 15 young (15360K), 2 survivors (2048K)
 Metaspace       used 45607K, committed 46080K, reserved 1114112K
  class space    used 6051K, committed 6272K, reserved 1048576K
}
Event: 7.101 GC heap after
{Heap after GC invocations=14 (full 0):
 garbage-first heap   total 58368K, used 25156K [0x0000000084000000, 0x0000000100000000)
  region size 1024K, 2 young (2048K), 2 survivors (2048K)
 Metaspace       used 45607K, committed 46080K, reserved 1114112K
  class space    used 6051K, committed 6272K, reserved 1048576K
}
Event: 7.615 GC heap before
{Heap before GC invocations=15 (full 0):
 garbage-first heap   total 58368K, used 44612K [0x0000000084000000, 0x0000000100000000)
  region size 1024K, 21 young (21504K), 2 survivors (2048K)
 Metaspace       used 47066K, committed 47552K, reserved 1114112K
  class space    used 6244K, committed 6464K, reserved 1048576K
}
Event: 7.617 GC heap after
{Heap after GC invocations=16 (full 0):
 garbage-first heap   total 58368K, used 26618K [0x0000000084000000, 0x0000000100000000)
  region size 1024K, 3 young (3072K), 3 survivors (3072K)
 Metaspace       used 47066K, committed 47552K, reserved 1114112K
  class space    used 6244K, committed 6464K, reserved 1048576K
}
Event: 8.071 GC heap before
{Heap before GC invocations=16 (full 0):
 garbage-first heap   total 58368K, used 45050K [0x0000000084000000, 0x0000000100000000)
  region size 1024K, 22 young (22528K), 3 survivors (3072K)
 Metaspace       used 48676K, committed 49216K, reserved 1114112K
  class space    used 6468K, committed 6720K, reserved 1048576K
}
Event: 8.075 GC heap after
{Heap after GC invocations=17 (full 0):
 garbage-first heap   total 58368K, used 27912K [0x0000000084000000, 0x0000000100000000)
  region size 1024K, 3 young (3072K), 3 survivors (3072K)
 Metaspace       used 48676K, committed 49216K, reserved 1114112K
  class space    used 6468K, committed 6720K, reserved 1048576K
}
Event: 41.384 GC heap before
{Heap before GC invocations=17 (full 0):
 garbage-first heap   total 58368K, used 45320K [0x0000000084000000, 0x0000000100000000)
  region size 1024K, 21 young (21504K), 3 survivors (3072K)
 Metaspace       used 52511K, committed 53056K, reserved 1114112K
  class space    used 6966K, committed 7232K, reserved 1048576K
}
Event: 41.387 GC heap after
{Heap after GC invocations=18 (full 0):
 garbage-first heap   total 58368K, used 28950K [0x0000000084000000, 0x0000000100000000)
  region size 1024K, 3 young (3072K), 3 survivors (3072K)
 Metaspace       used 52511K, committed 53056K, reserved 1114112K
  class space    used 6966K, committed 7232K, reserved 1048576K
}
Event: 213.494 GC heap before
{Heap before GC invocations=18 (full 0):
 garbage-first heap   total 58368K, used 46358K [0x0000000084000000, 0x0000000100000000)
  region size 1024K, 20 young (20480K), 3 survivors (3072K)
 Metaspace       used 52712K, committed 53248K, reserved 1114112K
  class space    used 6968K, committed 7232K, reserved 1048576K
}
Event: 213.509 GC heap after
{Heap after GC invocations=19 (full 0):
 garbage-first heap   total 58368K, used 29078K [0x0000000084000000, 0x0000000100000000)
  region size 1024K, 2 young (2048K), 2 survivors (2048K)
 Metaspace       used 52712K, committed 53248K, reserved 1114112K
  class space    used 6968K, committed 7232K, reserved 1048576K
}
Event: 394.839 GC heap before
{Heap before GC invocations=20 (full 0):
 garbage-first heap   total 58368K, used 46486K [0x0000000084000000, 0x0000000100000000)
  region size 1024K, 19 young (19456K), 2 survivors (2048K)
 Metaspace       used 52841K, committed 53376K, reserved 1114112K
  class space    used 6966K, committed 7232K, reserved 1048576K
}
Event: 394.850 GC heap after
{Heap after GC invocations=21 (full 0):
 garbage-first heap   total 58368K, used 28962K [0x0000000084000000, 0x0000000100000000)
  region size 1024K, 2 young (2048K), 2 survivors (2048K)
 Metaspace       used 52841K, committed 53376K, reserved 1114112K
  class space    used 6966K, committed 7232K, reserved 1048576K
}
Event: 404.034 GC heap before
{Heap before GC invocations=21 (full 0):
 garbage-first heap   total 58368K, used 29986K [0x0000000084000000, 0x0000000100000000)
  region size 1024K, 3 young (3072K), 2 survivors (2048K)
 Metaspace       used 52846K, committed 53376K, reserved 1114112K
  class space    used 6966K, committed 7232K, reserved 1048576K
}
Event: 404.048 GC heap after
{Heap after GC invocations=22 (full 0):
 garbage-first heap   total 58368K, used 28332K [0x0000000084000000, 0x0000000100000000)
  region size 1024K, 1 young (1024K), 1 survivors (1024K)
 Metaspace       used 52846K, committed 53376K, reserved 1114112K
  class space    used 6966K, committed 7232K, reserved 1048576K
}
Event: 510.499 GC heap before
{Heap before GC invocations=22 (full 0):
 garbage-first heap   total 58368K, used 46764K [0x0000000084000000, 0x0000000100000000)
  region size 1024K, 20 young (20480K), 1 survivors (1024K)
 Metaspace       used 54750K, committed 55296K, reserved 1114112K
  class space    used 7227K, committed 7488K, reserved 1048576K
}
Event: 510.503 GC heap after
{Heap after GC invocations=23 (full 0):
 garbage-first heap   total 58368K, used 28707K [0x0000000084000000, 0x0000000100000000)
  region size 1024K, 1 young (1024K), 1 survivors (1024K)
 Metaspace       used 54750K, committed 55296K, reserved 1114112K
  class space    used 7227K, committed 7488K, reserved 1048576K
}

Deoptimization events (20 events):
Event: 483.718 Thread 0x000001d422805030 Uncommon trap: trap_request=0xffffffde fr.pc=0x000001d3ca893548 relative=0x0000000000000388
Event: 483.718 Thread 0x000001d422805030 Uncommon trap: reason=class_check action=maybe_recompile pc=0x000001d3ca893548 method=sun.security.provider.DigestBase.engineDigest([BII)I @ 97 c2
Event: 483.718 Thread 0x000001d422805030 DEOPT PACKING pc=0x000001d3ca893548 sp=0x00000071989f8ad0
Event: 483.718 Thread 0x000001d422805030 DEOPT UNPACKING pc=0x000001d3c9f35ba3 sp=0x00000071989f8a80 mode 2
Event: 483.718 Thread 0x000001d422805030 Uncommon trap: trap_request=0xffffffde fr.pc=0x000001d3ca893548 relative=0x0000000000000388
Event: 483.718 Thread 0x000001d422805030 Uncommon trap: reason=class_check action=maybe_recompile pc=0x000001d3ca893548 method=sun.security.provider.DigestBase.engineDigest([BII)I @ 97 c2
Event: 483.718 Thread 0x000001d422805030 DEOPT PACKING pc=0x000001d3ca893548 sp=0x00000071989f8b60
Event: 483.718 Thread 0x000001d422805030 DEOPT UNPACKING pc=0x000001d3c9f35ba3 sp=0x00000071989f8b10 mode 2
Event: 484.186 Thread 0x000001d422805030 Uncommon trap: trap_request=0xffffff45 fr.pc=0x000001d3ca786f9c relative=0x000000000000041c
Event: 484.186 Thread 0x000001d422805030 Uncommon trap: reason=unstable_if action=reinterpret pc=0x000001d3ca786f9c method=java.lang.invoke.MemberName.getMethodOrFieldType()Ljava/lang/invoke/MethodType; @ 16 c2
Event: 484.186 Thread 0x000001d422805030 DEOPT PACKING pc=0x000001d3ca786f9c sp=0x00000071989f8c90
Event: 484.186 Thread 0x000001d422805030 DEOPT UNPACKING pc=0x000001d3c9f35ba3 sp=0x00000071989f8c58 mode 2
Event: 484.203 Thread 0x000001d422805030 Uncommon trap: trap_request=0xffffff45 fr.pc=0x000001d3ca62b25c relative=0x000000000000023c
Event: 484.203 Thread 0x000001d422805030 Uncommon trap: reason=unstable_if action=reinterpret pc=0x000001d3ca62b25c method=java.util.concurrent.ConcurrentHashMap.get(Ljava/lang/Object;)Ljava/lang/Object; @ 86 c2
Event: 484.203 Thread 0x000001d422805030 DEOPT PACKING pc=0x000001d3ca62b25c sp=0x00000071989f99b0
Event: 484.203 Thread 0x000001d422805030 DEOPT UNPACKING pc=0x000001d3c9f35ba3 sp=0x00000071989f9928 mode 2
Event: 484.203 Thread 0x000001d422805030 Uncommon trap: trap_request=0xffffff45 fr.pc=0x000001d3ca5000bc relative=0x000000000000029c
Event: 484.203 Thread 0x000001d422805030 Uncommon trap: reason=unstable_if action=reinterpret pc=0x000001d3ca5000bc method=java.util.concurrent.ConcurrentHashMap$Traverser.advance()Ljava/util/concurrent/ConcurrentHashMap$Node; @ 84 c2
Event: 484.203 Thread 0x000001d422805030 DEOPT PACKING pc=0x000001d3ca5000bc sp=0x00000071989f9990
Event: 484.203 Thread 0x000001d422805030 DEOPT UNPACKING pc=0x000001d3c9f35ba3 sp=0x00000071989f9940 mode 2

Classes unloaded (8 events):
Event: 7.129 Thread 0x000001d3d9081ae0 Unloading class 0x000001d3db528c00 'java/lang/invoke/LambdaForm$DMH+0x000001d3db528c00'
Event: 7.129 Thread 0x000001d3d9081ae0 Unloading class 0x000001d3db528800 'java/lang/invoke/LambdaForm$DMH+0x000001d3db528800'
Event: 7.129 Thread 0x000001d3d9081ae0 Unloading class 0x000001d3db528000 'java/lang/invoke/LambdaForm$DMH+0x000001d3db528000'
Event: 7.129 Thread 0x000001d3d9081ae0 Unloading class 0x000001d3db520c00 'java/lang/invoke/LambdaForm$DMH+0x000001d3db520c00'
Event: 213.550 Thread 0x000001d3d9081ae0 Unloading class 0x000001d3db60c000 'java/lang/invoke/LambdaForm$DMH+0x000001d3db60c000'
Event: 213.550 Thread 0x000001d3d9081ae0 Unloading class 0x000001d3db5d0c00 'java/lang/invoke/LambdaForm$DMH+0x000001d3db5d0c00'
Event: 213.550 Thread 0x000001d3d9081ae0 Unloading class 0x000001d3db5d0400 'java/lang/invoke/LambdaForm$DMH+0x000001d3db5d0400'
Event: 213.550 Thread 0x000001d3d9081ae0 Unloading class 0x000001d3db5bc800 'jdk/internal/reflect/GeneratedSerializationConstructorAccessor1'

Classes redefined (0 events):
No events

Internal exceptions (20 events):
Event: 6.916 Thread 0x000001d422805540 Exception <a 'java/lang/reflect/InvocationTargetException'{0x00000000885457a0}> (0x00000000885457a0) 
thrown [s\open\src\hotspot\share\runtime\reflection.cpp, line 1121]
Event: 6.917 Thread 0x000001d422804610 Exception <a 'java/lang/reflect/InvocationTargetException'{0x0000000088556360}> (0x0000000088556360) 
thrown [s\open\src\hotspot\share\runtime\reflection.cpp, line 1121]
Event: 6.919 Thread 0x000001d41f5ac470 Exception <a 'java/lang/NoSuchMethodError'{0x000000008856c748}: 'void java.lang.invoke.DirectMethodHandle$Holder.invokeStatic(java.lang.Object, java.lang.Object, long)'> (0x000000008856c748) 
thrown [s\open\src\hotspot\share\interpreter\linkResolver.cpp, line 759]
Event: 6.919 Thread 0x000001d41f5aba50 Exception <a 'java/lang/NoSuchMethodError'{0x0000000088570558}: 'void java.lang.invoke.DirectMethodHandle$Holder.invokeStatic(java.lang.Object, java.lang.Object, long)'> (0x0000000088570558) 
thrown [s\open\src\hotspot\share\interpreter\linkResolver.cpp, line 759]
Event: 7.386 Thread 0x000001d3d9b565b0 Exception <a 'sun/nio/fs/WindowsException'{0x0000000086f535f0}> (0x0000000086f535f0) 
thrown [s\open\src\hotspot\share\prims\jni.cpp, line 516]
Event: 7.493 Thread 0x000001d3d9b565b0 Exception <a 'java/lang/IncompatibleClassChangeError'{0x0000000086a692b0}: Found class java.lang.Object, but interface was expected> (0x0000000086a692b0) 
thrown [s\open\src\hotspot\share\interpreter\linkResolver.cpp, line 826]
Event: 7.665 Thread 0x000001d3d9b565b0 Exception <a 'java/lang/NoSuchMethodError'{0x0000000088863a18}: 'java.lang.Object java.lang.invoke.DirectMethodHandle$Holder.invokeInterface(java.lang.Object, java.lang.Object, java.lang.Object, java.lang.Object)'> (0x0000000088863a18) 
thrown [s\open\src\hotspot\share\interpreter\linkResolver.cpp, line 759]
Event: 7.752 Thread 0x000001d3d9b565b0 Exception <a 'java/lang/NoSuchMethodError'{0x000000008851db20}: 'void java.lang.invoke.DirectMethodHandle$Holder.invokeVirtual(java.lang.Object, java.lang.Object, long)'> (0x000000008851db20) 
thrown [s\open\src\hotspot\share\interpreter\linkResolver.cpp, line 759]
Event: 7.838 Thread 0x000001d3d9b565b0 Implicit null exception at 0x000001d3ca668387 to 0x000001d3ca6687c8
Event: 7.875 Thread 0x000001d3d9b565b0 Exception <a 'java/lang/NoSuchMethodError'{0x0000000086e08650}: 'java.lang.Object java.lang.invoke.Invokers$Holder.invoke_MT(java.lang.Object, java.lang.Object, java.lang.Object, java.lang.Object, java.lang.Object, java.lang.Object, java.lang.Object, java.lang.Object, java.lang.Object)'> (0x0000000086e08650) 
thrown [s\open\src\hotspot\share\interpreter\linkResolver.cpp, line 759]
Event: 8.060 Thread 0x000001d3d9b565b0 Exception <a 'java/lang/NoSuchMethodError'{0x000000008665e038}: 'java.lang.Object java.lang.invoke.DirectMethodHandle$Holder.newInvokeSpecial(java.lang.Object, java.lang.Object, int, java.lang.Object, java.lang.Object)'> (0x000000008665e038) 
thrown [s\open\src\hotspot\share\interpreter\linkResolver.cpp, line 759]
Event: 15.948 Thread 0x000001d422807dc0 Exception <a 'java/lang/NoSuchMethodError'{0x000000008871ca20}: 'java.lang.Object java.lang.invoke.DirectMethodHandle$Holder.invokeSpecial(java.lang.Object, java.lang.Object, java.lang.Object, java.lang.Object, java.lang.Object, long)'> (0x000000008871ca20) 
thrown [s\open\src\hotspot\share\interpreter\linkResolver.cpp, line 759]
Event: 15.949 Thread 0x000001d422807dc0 Exception <a 'java/lang/NoSuchMethodError'{0x0000000088720460}: 'java.lang.Object java.lang.invoke.Invokers$Holder.linkToTargetMethod(java.lang.Object, java.lang.Object, java.lang.Object, long, java.lang.Object)'> (0x0000000088720460) 
thrown [s\open\src\hotspot\share\interpreter\linkResolver.cpp, line 759]
Event: 482.849 Thread 0x000001d422805030 Exception <a 'java/lang/NoSuchMethodError'{0x0000000086dc8110}: 'java.lang.Object java.lang.invoke.DirectMethodHandle$Holder.newInvokeSpecial(java.lang.Object, java.lang.Object, java.lang.Object, java.lang.Object, java.lang.Object, java.lang.Object, java.lang.Object, java.lang.Object)'> (0x0000000086dc8110) 
thrown [s\open\src\hotspot\share\interpreter\linkResolver.cpp, line 759]
Event: 482.850 Thread 0x000001d422805030 Exception <a 'java/lang/NoSuchMethodError'{0x0000000086dcd6b8}: 'java.lang.Object java.lang.invoke.Invokers$Holder.linkToTargetMethod(java.lang.Object, java.lang.Object, java.lang.Object, java.lang.Object, java.lang.Object, java.lang.Object, java.lang.Object, java.lang.Object)'> (0x0000000086dcd6b8) 
thrown [s\open\src\hotspot\share\interpreter\linkResolver.cpp, line 759]
Event: 482.958 Thread 0x000001d422805030 Exception <a 'java/lang/reflect/InvocationTargetException'{0x0000000086c7dac8}> (0x0000000086c7dac8) 
thrown [s\open\src\hotspot\share\runtime\reflection.cpp, line 1121]
Event: 483.572 Thread 0x000001d422805030 Implicit null exception at 0x000001d3ca88fc56 to 0x000001d3ca890668
Event: 483.863 Thread 0x000001d422805030 Exception <a 'java/lang/NoSuchMethodError'{0x0000000086bf4150}: 'long java.lang.invoke.DirectMethodHandle$Holder.invokeStatic(java.lang.Object, long)'> (0x0000000086bf4150) 
thrown [s\open\src\hotspot\share\interpreter\linkResolver.cpp, line 759]
Event: 484.234 Thread 0x000001d422805030 Exception <a 'java/lang/NoSuchMethodError'{0x0000000086876fa0}: 'void java.lang.invoke.DirectMethodHandle$Holder.invokeSpecial(java.lang.Object, java.lang.Object, long)'> (0x0000000086876fa0) 
thrown [s\open\src\hotspot\share\interpreter\linkResolver.cpp, line 759]
Event: 484.409 Thread 0x000001d422805030 Exception <a 'java/lang/NoSuchMethodError'{0x00000000868b2b38}: 'void java.lang.invoke.Invokers$Holder.invoke_MT(java.lang.Object, java.lang.Object, java.lang.Object, java.lang.Object)'> (0x00000000868b2b38) 
thrown [s\open\src\hotspot\share\interpreter\linkResolver.cpp, line 759]

VM Operations (20 events):
Event: 482.826 Executing VM operation: HandshakeAllThreads
Event: 482.826 Executing VM operation: HandshakeAllThreads done
Event: 482.838 Executing VM operation: HandshakeAllThreads
Event: 482.838 Executing VM operation: HandshakeAllThreads done
Event: 483.842 Executing VM operation: Cleanup
Event: 483.843 Executing VM operation: Cleanup done
Event: 483.860 Executing VM operation: HandshakeAllThreads
Event: 483.860 Executing VM operation: HandshakeAllThreads done
Event: 484.861 Executing VM operation: Cleanup
Event: 484.861 Executing VM operation: Cleanup done
Event: 497.952 Executing VM operation: Cleanup
Event: 497.952 Executing VM operation: Cleanup done
Event: 510.499 Executing VM operation: G1CollectForAllocation
Event: 510.503 Executing VM operation: G1CollectForAllocation done
Event: 510.529 Executing VM operation: G1Concurrent
Event: 510.538 Executing VM operation: G1Concurrent done
Event: 510.548 Executing VM operation: G1Concurrent
Event: 510.549 Executing VM operation: G1Concurrent done
Event: 545.755 Executing VM operation: Cleanup
Event: 545.755 Executing VM operation: Cleanup done

Events (20 events):
Event: 483.528 loading class javax/crypto/interfaces/PBEKey
Event: 483.529 loading class javax/crypto/interfaces/PBEKey done
Event: 483.529 loading class com/sun/crypto/provider/PBKDF2KeyImpl done
Event: 483.530 loading class com/sun/crypto/provider/HmacSHA1
Event: 483.530 loading class com/sun/crypto/provider/HmacSHA1 done
Event: 483.530 loading class com/sun/crypto/provider/PBKDF2KeyImpl$1
Event: 483.530 loading class com/sun/crypto/provider/PBKDF2KeyImpl$1 done
Event: 483.541 Thread 0x000001d422982010 Thread added: 0x000001d422982010
Event: 483.565 Thread 0x000001d4238305f0 Thread added: 0x000001d4238305f0
Event: 483.714 Thread 0x000001d4238305f0 Thread exited: 0x000001d4238305f0
Event: 483.858 Thread 0x000001d422982010 Thread exited: 0x000001d422982010
Event: 484.184 Loaded shared library C:\Program Files\Java\jdk-17\bin\verify.dll
Event: 484.203 loading class java/util/concurrent/ConcurrentHashMap$TreeBin
Event: 484.203 loading class java/util/concurrent/ConcurrentHashMap$TreeBin done
Event: 484.204 Thread 0x000001d422982010 Thread added: 0x000001d422982010
Event: 484.411 Thread 0x000001d422982010 Thread exited: 0x000001d422982010
Event: 484.420 loading class jdk/internal/ValueBased
Event: 484.420 loading class jdk/internal/ValueBased done
Event: 484.439 loading class java/time/Instant$1
Event: 484.439 loading class java/time/Instant$1 done


Dynamic libraries:
0x00007ff77df20000 - 0x00007ff77df30000 	C:\Program Files\Java\jdk-17\bin\java.exe
0x00007ffea5740000 - 0x00007ffea59a8000 	C:\WINDOWS\SYSTEM32\ntdll.dll
0x00007ffea5630000 - 0x00007ffea56f9000 	C:\WINDOWS\System32\KERNEL32.DLL
0x00007ffea2640000 - 0x00007ffea2a31000 	C:\WINDOWS\System32\KERNELBASE.dll
0x00007ffea20d0000 - 0x00007ffea221b000 	C:\WINDOWS\System32\ucrtbase.dll
0x00007ffe9cff0000 - 0x00007ffe9d00b000 	C:\Program Files\Java\jdk-17\bin\VCRUNTIME140.dll
0x00007ffe9d370000 - 0x00007ffe9d389000 	C:\Program Files\Java\jdk-17\bin\jli.dll
0x00007ffea43e0000 - 0x00007ffea4494000 	C:\WINDOWS\System32\ADVAPI32.dll
0x00007ffea44a0000 - 0x00007ffea4549000 	C:\WINDOWS\System32\msvcrt.dll
0x00007ffea45e0000 - 0x00007ffea4686000 	C:\WINDOWS\System32\sechost.dll
0x00007ffea54f0000 - 0x00007ffea5608000 	C:\WINDOWS\System32\RPCRT4.dll
0x00007ffea4b60000 - 0x00007ffea4d26000 	C:\WINDOWS\System32\USER32.dll
0x00007ffea2a40000 - 0x00007ffea2a67000 	C:\WINDOWS\System32\win32u.dll
0x00007ffea4ad0000 - 0x00007ffea4afb000 	C:\WINDOWS\System32\GDI32.dll
0x00007ffea2220000 - 0x00007ffea234b000 	C:\WINDOWS\System32\gdi32full.dll
0x00007ffe80520000 - 0x00007ffe807b3000 	C:\WINDOWS\WinSxS\amd64_microsoft.windows.common-controls_6595b64144ccf1df_6.0.26100.7824_none_3e0870b2e3345462\COMCTL32.dll
0x00007ffea2020000 - 0x00007ffea20c3000 	C:\WINDOWS\System32\msvcp_win.dll
0x00007ffe98ae0000 - 0x00007ffe98aeb000 	C:\WINDOWS\SYSTEM32\VERSION.dll
0x00007ffea3d80000 - 0x00007ffea3db1000 	C:\WINDOWS\System32\IMM32.DLL
0x00007ffe909f0000 - 0x00007ffe909fc000 	C:\Program Files\Java\jdk-17\bin\vcruntime140_1.dll
0x00007ffe3aac0000 - 0x00007ffe3ab4e000 	C:\Program Files\Java\jdk-17\bin\msvcp140.dll
0x00007ffe2b6b0000 - 0x00007ffe2c290000 	C:\Program Files\Java\jdk-17\bin\server\jvm.dll
0x00007ffea5610000 - 0x00007ffea5618000 	C:\WINDOWS\System32\PSAPI.DLL
0x00007ffe994a0000 - 0x00007ffe994d5000 	C:\WINDOWS\SYSTEM32\WINMM.dll
0x00007ffe84e80000 - 0x00007ffe84e8a000 	C:\WINDOWS\SYSTEM32\WSOCK32.dll
0x00007ffea3c00000 - 0x00007ffea3c74000 	C:\WINDOWS\System32\WS2_32.dll
0x00007ffea0dc0000 - 0x00007ffea0ddb000 	C:\WINDOWS\SYSTEM32\kernel.appcore.dll
0x00007ffe90860000 - 0x00007ffe9086a000 	C:\Program Files\Java\jdk-17\bin\jimage.dll
0x00007ffe9fea0000 - 0x00007ffea00e2000 	C:\WINDOWS\SYSTEM32\DBGHELP.DLL
0x00007ffea4710000 - 0x00007ffea4a96000 	C:\WINDOWS\System32\combase.dll
0x00007ffea4300000 - 0x00007ffea43d7000 	C:\WINDOWS\System32\OLEAUT32.dll
0x00007ffe808e0000 - 0x00007ffe8091b000 	C:\WINDOWS\SYSTEM32\dbgcore.DLL
0x00007ffea2350000 - 0x00007ffea23f5000 	C:\WINDOWS\System32\bcryptPrimitives.dll
0x00007ffe90710000 - 0x00007ffe9071e000 	C:\Program Files\Java\jdk-17\bin\instrument.dll
0x00007ffe7d7e0000 - 0x00007ffe7d805000 	C:\Program Files\Java\jdk-17\bin\java.dll
0x00007ffe333c0000 - 0x00007ffe33497000 	C:\Program Files\Java\jdk-17\bin\jsvml.dll
0x00007ffea4d90000 - 0x00007ffea54e2000 	C:\WINDOWS\System32\SHELL32.dll
0x00007ffea2a70000 - 0x00007ffea2bda000 	C:\WINDOWS\System32\wintypes.dll
0x00007ffea2c70000 - 0x00007ffea34d3000 	C:\WINDOWS\System32\windows.storage.dll
0x00007ffea4010000 - 0x00007ffea4106000 	C:\WINDOWS\System32\SHCORE.dll
0x00007ffea3dc0000 - 0x00007ffea3e27000 	C:\WINDOWS\System32\shlwapi.dll
0x00007ffea1f40000 - 0x00007ffea1f69000 	C:\WINDOWS\SYSTEM32\profapi.dll
0x00007ffe7d110000 - 0x00007ffe7d128000 	C:\Program Files\Java\jdk-17\bin\zip.dll
0x00007ffe90820000 - 0x00007ffe90839000 	C:\Program Files\Java\jdk-17\bin\net.dll
0x00007ffe98980000 - 0x00007ffe98aa7000 	C:\WINDOWS\SYSTEM32\WINHTTP.dll
0x00007ffea1330000 - 0x00007ffea139b000 	C:\WINDOWS\system32\mswsock.dll
0x00007ffe8f970000 - 0x00007ffe8f986000 	C:\Program Files\Java\jdk-17\bin\nio.dll
0x00007ffe904a0000 - 0x00007ffe904aa000 	C:\Program Files\Java\jdk-17\bin\management.dll
0x00007ffe8ffd0000 - 0x00007ffe8ffdb000 	C:\Program Files\Java\jdk-17\bin\management_ext.dll
0x00007ffe905f0000 - 0x00007ffe905fe000 	C:\Program Files\Java\jdk-17\bin\sunmscapi.dll
0x00007ffea2400000 - 0x00007ffea2577000 	C:\WINDOWS\System32\CRYPT32.dll
0x00007ffea1820000 - 0x00007ffea1850000 	C:\WINDOWS\SYSTEM32\ncrypt.dll
0x00007ffea17d0000 - 0x00007ffea180f000 	C:\WINDOWS\SYSTEM32\NTASN1.dll
0x00007ffea1600000 - 0x00007ffea161b000 	C:\WINDOWS\SYSTEM32\CRYPTSP.dll
0x00007ffea0d20000 - 0x00007ffea0d59000 	C:\WINDOWS\system32\rsaenh.dll
0x00007ffea13e0000 - 0x00007ffea140b000 	C:\WINDOWS\SYSTEM32\USERENV.dll
0x00007ffea1f10000 - 0x00007ffea1f3a000 	C:\WINDOWS\SYSTEM32\bcrypt.dll
0x00007ffea1620000 - 0x00007ffea162c000 	C:\WINDOWS\SYSTEM32\CRYPTBASE.dll
0x00007ffea07d0000 - 0x00007ffea0804000 	C:\WINDOWS\SYSTEM32\IPHLPAPI.DLL
0x00007ffea4d30000 - 0x00007ffea4d3a000 	C:\WINDOWS\System32\NSI.dll
0x00007ffe9bea0000 - 0x00007ffe9bebe000 	C:\WINDOWS\SYSTEM32\dhcpcsvc6.DLL
0x00007ffe9be60000 - 0x00007ffe9be83000 	C:\WINDOWS\SYSTEM32\dhcpcsvc.DLL
0x00007ffea0870000 - 0x00007ffea099c000 	C:\WINDOWS\SYSTEM32\DNSAPI.dll
0x00007ffe990b0000 - 0x00007ffe990bb000 	C:\Windows\System32\rasadhlp.dll
0x00007ffe9c0a0000 - 0x00007ffe9c126000 	C:\WINDOWS\System32\fwpuclnt.dll
0x00007ffe91b70000 - 0x00007ffe91b78000 	C:\WINDOWS\system32\wshunix.dll
0x00007ffe9d110000 - 0x00007ffe9d120000 	C:\Program Files\Java\jdk-17\bin\verify.dll

dbghelp: loaded successfully - version: 4.0.5 - missing functions: none
symbol engine: initialized successfully - sym options: 0x614 - pdb path: .;C:\Program Files\Java\jdk-17\bin;C:\WINDOWS\SYSTEM32;C:\WINDOWS\WinSxS\amd64_microsoft.windows.common-controls_6595b64144ccf1df_6.0.26100.7824_none_3e0870b2e3345462;C:\Program Files\Java\jdk-17\bin\server

VM Arguments:
jvm_args: -javaagent:C:\Program Files\JetBrains\IntelliJ IDEA Community Edition 2025.2.6.1\lib\idea_rt.jar=52964 -Dfile.encoding=UTF-8 
java_command: com.ovr.oceanview_reservation_api.OceanviewReservationApiApplication
java_class_path (initial): C:\Users\HP\Desktop\Assignments\Nadil\AP\oceanview\oceanview-reservation-api\target\classes;C:\Users\HP\.m2\repository\org\springframework\boot\spring-boot-starter-web\3.4.3\spring-boot-starter-web-3.4.3.jar;C:\Users\HP\.m2\repository\org\springframework\boot\spring-boot-starter\3.4.3\spring-boot-starter-3.4.3.jar;C:\Users\HP\.m2\repository\org\springframework\boot\spring-boot-starter-logging\3.4.3\spring-boot-starter-logging-3.4.3.jar;C:\Users\HP\.m2\repository\ch\qos\logback\logback-classic\1.5.16\logback-classic-1.5.16.jar;C:\Users\HP\.m2\repository\ch\qos\logback\logback-core\1.5.16\logback-core-1.5.16.jar;C:\Users\HP\.m2\repository\org\apache\logging\log4j\log4j-to-slf4j\2.24.3\log4j-to-slf4j-2.24.3.jar;C:\Users\HP\.m2\repository\org\apache\logging\log4j\log4j-api\2.24.3\log4j-api-2.24.3.jar;C:\Users\HP\.m2\repository\org\slf4j\jul-to-slf4j\2.0.16\jul-to-slf4j-2.0.16.jar;C:\Users\HP\.m2\repository\jakarta\annotation\jakarta.annotation-api\2.1.1\jakarta.annotation-api-2.1.1.jar;C:\Users\HP\.m2\repository\org\yaml\snakeyaml\2.3\snakeyaml-2.3.jar;C:\Users\HP\.m2\repository\org\springframework\boot\spring-boot-starter-json\3.4.3\spring-boot-starter-json-3.4.3.jar;C:\Users\HP\.m2\repository\com\fasterxml\jackson\datatype\jackson-datatype-jdk8\2.18.2\jackson-datatype-jdk8-2.18.2.jar;C:\Users\HP\.m2\repository\com\fasterxml\jackson\datatype\jackson-datatype-jsr310\2.18.2\jackson-datatype-jsr310-2.18.2.jar;C:\Users\HP\.m2\repository\com\fasterxml\jackson\module\jackson-module-parameter-names\2.18.2\jackson-module-parameter-names-2.18.2.jar;C:\Users\HP\.m2\repository\org\springframework\boot\spring-boot-starter-tomcat\3.4.3\spring-boot-starter-tomcat-3.4.3.jar;C:\Users\HP\.m2\repository\org\apache\tomcat\embed\tomcat-embed-core\10.1.36\tomcat-embed-core-10.1.36.jar;C:\Users\HP\.m2\repository\org\apache\tomcat\embed\tomcat-embed-websocket\10.1.36\tomcat-embed-websocket-10.1.36.jar;C:\Users\HP\.m2\repository\org\springframework\spring-web\6.2.
Launcher Type: SUN_STANDARD

[Global flags]
     intx CICompilerCount                          = 4                                         {product} {ergonomic}
     uint ConcGCThreads                            = 2                                         {product} {ergonomic}
     uint G1ConcRefinementThreads                  = 8                                         {product} {ergonomic}
   size_t G1HeapRegionSize                         = 1048576                                   {product} {ergonomic}
    uintx GCDrainStackTargetSize                   = 64                                        {product} {ergonomic}
   size_t InitialHeapSize                          = 130023424                                 {product} {ergonomic}
   size_t MarkStackSize                            = 4194304                                   {product} {ergonomic}
   size_t MaxHeapSize                              = 2080374784                                {product} {ergonomic}
   size_t MaxNewSize                               = 1247805440                                {product} {ergonomic}
   size_t MinHeapDeltaBytes                        = 1048576                                   {product} {ergonomic}
   size_t MinHeapSize                              = 8388608                                   {product} {ergonomic}
    uintx NonNMethodCodeHeapSize                   = 5839372                                {pd product} {ergonomic}
    uintx NonProfiledCodeHeapSize                  = 122909434                              {pd product} {ergonomic}
    uintx ProfiledCodeHeapSize                     = 122909434                              {pd product} {ergonomic}
    uintx ReservedCodeCacheSize                    = 251658240                              {pd product} {ergonomic}
     bool SegmentedCodeCache                       = true                                      {product} {ergonomic}
   size_t SoftMaxHeapSize                          = 2080374784                             {manageable} {ergonomic}
     bool UseCompressedClassPointers               = true                           {product lp64_product} {ergonomic}
     bool UseCompressedOops                        = true                           {product lp64_product} {ergonomic}
     bool UseG1GC                                  = true                                      {product} {ergonomic}
     bool UseLargePagesIndividualAllocation        = false                                  {pd product} {ergonomic}

Logging:
Log output configuration:
 #0: stdout all=warning uptime,level,tags
 #1: stderr all=off uptime,level,tags

Environment Variables:
JAVA_HOME=C:\Program Files\Java\jdk-17
PATH=C:\Program Files\Apache Maven\apache-maven-3.9.9\bin;C:\Program Files\Common Files\Oracle\Java\javapath;C:\Program Files (x86)\Common Files\Oracle\Java\java8path;C:\Program Files (x86)\Common Files\Oracle\Java\javapath;C:\WINDOWS\system32;C:\WINDOWS;C:\WINDOWS\System32\Wbem;C:\WINDOWS\System32\WindowsPowerShell\v1.0\;C:\WINDOWS\System32\OpenSSH\;C:\ProgramData\chocolatey\bin;C:\Program Files\dotnet\;D:\Git\cmd;C:\Program Files\Microsoft SQL Server\150\Tools\Binn\;C:\Program Files\Microsoft SQL Server\Client SDK\ODBC\170\Tools\Binn\;C:\Program Files (x86)\Microsoft SQL Server\160\Tools\Binn\;C:\Program Files\Microsoft SQL Server\160\Tools\Binn\;C:\Program Files\Microsoft SQL Server\160\DTS\Binn\;C:\Program Files\Azure Data Studio\bin;C:\Program Files\Apache;C:\Program Files\Apache Maven\apache-maven-3.9.9\\bin;C:\Program Files\Java\jdk-17\bin;C:\Program Files\nodejs\;C:\PHP\;C:\Program Files\Apache Maven\apache-maven-3.9.9\bin;C:\Program Files\Common Files\Oracle\Java\javapath;C:\WINDOWS\system32;C:\WINDOWS;C:\WINDOWS\System32\Wbem;C:\WINDOWS\System32\WindowsPowerShell\v1.0\;C:\WINDOWS\System32\OpenSSH\;C:\ProgramData\chocolatey\bin;C:\Program Files\dotnet\;D:\Git\cmd;C:\Program Files\Microsoft SQL Server\150\Tools\Binn\;C:\Program Files\Microsoft SQL Server\130\Tools\Binn\;C:\Program Files\Microsoft SQL Server\Client SDK\ODBC\170\Tools\Binn\;C:\Program Files (x86)\Microsoft SQL Server\160\Tools\Binn\;C:\Program Files\Microsoft SQL Server\160\Tools\Binn\;C:\Program Files\Microsoft SQL Server\160\DTS\Binn\;C:\Program Files (x86)\Microsoft SQL Server\160\DTS\Binn\;C:\Program Files\Azure Data Studio\bin;C:\Program Files\nodejs\;C:\Program Files\Apache\maven\bin;C:\Users\HP\AppData\Local\Programs\Python\Python312\Scripts\;C:\Users\HP\AppData\Local\Programs\Python\Python312\;C:\Users\HP\AppData\Local\Programs\Python\Launcher\;C:\Users\HP\AppData\Local\Microsoft\WindowsApps;D:\Microsoft VS Code\bin;C:\Users\HP\AppData\Local\GitHubDesktop;C:\Users\HP\AppData\Roaming\npm;C
USERNAME=HP
OS=Windows_NT
PROCESSOR_IDENTIFIER=Intel64 Family 6 Model 140 Stepping 1, GenuineIntel



---------------  S Y S T E M  ---------------

OS:
 Windows 11 , 64 bit Build 26100 (10.0.26100.7705)
OS uptime: 0 days 5:05 hours
Hyper-V role detected

CPU: total 8 (initial active 8) (4 cores per cpu, 2 threads per core) family 6 model 140 stepping 1 microcode 0xac, cx8, cmov, fxsr, ht, mmx, 3dnowpref, sse, sse2, sse3, ssse3, sse4.1, sse4.2, popcnt, lzcnt, tsc, tscinvbit, avx, avx2, aes, erms, clmul, bmi1, bmi2, adx, avx512f, avx512dq, avx512cd, avx512bw, avx512vl, sha, fma, vzeroupper, avx512_vpopcntdq, avx512_vpclmulqdq, avx512_vaes, avx512_vnni, clflush, clflushopt, clwb, avx512_vbmi2, avx512_vbmi, hv

Memory: 4k page, system-wide physical 7932M (542M free)
TotalPageFile size 14076M (AvailPageFile size 1M)
current process WorkingSet (physical memory assigned to process): 150M, peak: 263M
current process commit charge ("private bytes"): 241M, peak: 301M

vm_info: Java HotSpot(TM) 64-Bit Server VM (17.0.11+7-LTS-207) for windows-amd64 JRE (17.0.11+7-LTS-207), built on Mar 11 2024 19:01:50 by "mach5one" with MS VC++ 17.6 (VS2022)

END.
