#
# There is insufficient memory for the Java Runtime Environment to continue.
# Native memory allocation (malloc) failed to allocate 99856 bytes for Chunk::new
# Possible reasons:
#   The system is out of physical RAM or swap space
#   The process is running with CompressedOops enabled, and the Java Heap may be blocking the growth of the native heap
# Possible solutions:
#   Reduce memory load on the system
#   Increase physical memory or swap space
#   Check if swap backing store is full
#   Decrease Java heap size (-Xmx/-Xms)
#   Decrease number of Java threads
#   Decrease Java thread stack sizes (-Xss)
#   Set larger code cache with -XX:ReservedCodeCacheSize=
#   JVM is running with Unscaled Compressed Oops mode in which the Java heap is
#     placed in the first 4GB address space. The Java Heap base address is the
#     maximum limit for the native heap growth. Please use -XX:HeapBaseMinAddress
#     to set the Java Heap base and to place the Java Heap above 4GB virtual address.
# This output file may be truncated or incomplete.
#
#  Out of Memory Error (arena.cpp:189), pid=10080, tid=3320
#
# JRE version: Java(TM) SE Runtime Environment (17.0.11+7) (build 17.0.11+7-LTS-207)
# Java VM: Java HotSpot(TM) 64-Bit Server VM (17.0.11+7-LTS-207, mixed mode, sharing, tiered, compressed oops, compressed class ptrs, g1 gc, windows-amd64)
# No core dump will be written. Minidumps are not enabled by default on client versions of Windows
#

---------------  S U M M A R Y ------------

Command Line: -javaagent:C:\Program Files\JetBrains\IntelliJ IDEA Community Edition 2025.2.6.1\lib\idea_rt.jar=60164 -Dfile.encoding=UTF-8 com.ovr.oceanview_reservation_api.OceanviewReservationApiApplication

Host: 11th Gen Intel(R) Core(TM) i5-1135G7 @ 2.40GHz, 8 cores, 7G,  Windows 11 , 64 bit Build 26100 (10.0.26100.7705)
Time: Sat Mar  7 03:14:45 2026 Sri Lanka Standard Time elapsed time: 65.888907 seconds (0d 0h 1m 5s)

---------------  T H R E A D  ---------------

Current thread (0x000001ef66980430):  JavaThread "C2 CompilerThread0" daemon [_thread_in_native, id=3320, stack(0x00000097b0500000,0x00000097b0600000)]


Current CompileTask:
C2:  65889 6105       4       org.springframework.boot.devtools.filewatch.FileSnapshot::equals (110 bytes)

Stack: [0x00000097b0500000,0x00000097b0600000]
Native frames: (J=compiled Java code, j=interpreted, Vv=VM code, C=native code)
V  [jvm.dll+0x679cca]
V  [jvm.dll+0x7da13d]
V  [jvm.dll+0x7dba83]
V  [jvm.dll+0x7dc0f3]
V  [jvm.dll+0x2449af]
V  [jvm.dll+0xab83b]
V  [jvm.dll+0xabe1c]
V  [jvm.dll+0x2a9e6f]
V  [jvm.dll+0x5818d9]
V  [jvm.dll+0x21ed62]
V  [jvm.dll+0x217bd7]
V  [jvm.dll+0x215505]
V  [jvm.dll+0x1a2040]
V  [jvm.dll+0x225a2b]
V  [jvm.dll+0x223bcb]
V  [jvm.dll+0x7903ec]
V  [jvm.dll+0x78a85a]
V  [jvm.dll+0x678bb5]
C  [ucrtbase.dll+0x37b0]
C  [KERNEL32.DLL+0x2e8d7]
C  [ntdll.dll+0x8c40c]


---------------  P R O C E S S  ---------------

Threads class SMR info:
_java_thread_list=0x000001ef6fe16cd0, length=41, elements={
0x000001ef66968000, 0x000001ef669689c0, 0x000001ef66976040, 0x000001ef66979ef0,
0x000001ef6697a7c0, 0x000001ef6697b180, 0x000001ef66980430, 0x000001ef66981e40,
0x000001ef669917a0, 0x000001ef66b66f50, 0x000001ef66e4d010, 0x000001ef66e4d4f0,
0x000001ef6d23ee40, 0x000001ef6d23da00, 0x000001ef6d23e420, 0x000001ef6d23e930,
0x000001ef6e51bd00, 0x000001ef6e51a3b0, 0x000001ef6e519990, 0x000001ef6e51c210,
0x000001ef6e518f70, 0x000001ef6e51c720, 0x000001ef6e51cc30, 0x000001ef6e519ea0,
0x000001ef6e51a8c0, 0x000001ef6e519480, 0x000001ef6e51d140, 0x000001ef6e51b7f0,
0x000001ef6e51e070, 0x000001ef6e51add0, 0x000001ef6e51e580, 0x000001ef6e51ea90,
0x000001ef6e51b2e0, 0x000001ef6e51f4b0, 0x000001ef6e51fed0, 0x000001ef6e51db60,
0x000001ef6e51f9c0, 0x000001ef6e51efa0, 0x000001ef6d23d4f0, 0x000001ef6cf87a10,
0x000001ef6cf89360
}

Java Threads: ( => current thread )
  0x000001ef66968000 JavaThread "Reference Handler" daemon [_thread_blocked, id=19292, stack(0x00000097aff00000,0x00000097b0000000)]
  0x000001ef669689c0 JavaThread "Finalizer" daemon [_thread_blocked, id=3672, stack(0x00000097b0000000,0x00000097b0100000)]
  0x000001ef66976040 JavaThread "Signal Dispatcher" daemon [_thread_blocked, id=15660, stack(0x00000097b0100000,0x00000097b0200000)]
  0x000001ef66979ef0 JavaThread "Attach Listener" daemon [_thread_blocked, id=19128, stack(0x00000097b0200000,0x00000097b0300000)]
  0x000001ef6697a7c0 JavaThread "Service Thread" daemon [_thread_blocked, id=18784, stack(0x00000097b0300000,0x00000097b0400000)]
  0x000001ef6697b180 JavaThread "Monitor Deflation Thread" daemon [_thread_blocked, id=19344, stack(0x00000097b0400000,0x00000097b0500000)]
=>0x000001ef66980430 JavaThread "C2 CompilerThread0" daemon [_thread_in_native, id=3320, stack(0x00000097b0500000,0x00000097b0600000)]
  0x000001ef66981e40 JavaThread "C1 CompilerThread0" daemon [_thread_blocked, id=3344, stack(0x00000097b0600000,0x00000097b0700000)]
  0x000001ef669917a0 JavaThread "Sweeper thread" daemon [_thread_blocked, id=19024, stack(0x00000097b0700000,0x00000097b0800000)]
  0x000001ef66b66f50 JavaThread "Common-Cleaner" daemon [_thread_blocked, id=1768, stack(0x00000097b0800000,0x00000097b0900000)]
  0x000001ef66e4d010 JavaThread "Monitor Ctrl-Break" daemon [_thread_in_native, id=14624, stack(0x00000097b0900000,0x00000097b0a00000)]
  0x000001ef66e4d4f0 JavaThread "Notification Thread" daemon [_thread_blocked, id=18180, stack(0x00000097b0a00000,0x00000097b0b00000)]
  0x000001ef6d23ee40 JavaThread "Thread-4" daemon [_thread_in_native, id=15216, stack(0x00000097b1800000,0x00000097b1900000)]
  0x000001ef6d23da00 JavaThread "BufferPoolPruner-1-thread-1" daemon [_thread_blocked, id=3332, stack(0x00000097b1900000,0x00000097b1a00000)]
  0x000001ef6d23e420 JavaThread "cluster-ClusterId{value='69ab4a90aafd90562cfa8e3d', description='OceanViewCluster'}-ac-6i55nrq-shard-00-02.eqqjlz8.mongodb.net:27017" daemon [_thread_in_native, id=12404, stack(0x00000097b1b00000,0x00000097b1c00000)]
  0x000001ef6d23e930 JavaThread "cluster-ClusterId{value='69ab4a90aafd90562cfa8e3d', description='OceanViewCluster'}-ac-6i55nrq-shard-00-01.eqqjlz8.mongodb.net:27017" daemon [_thread_in_native, id=12052, stack(0x00000097b1c00000,0x00000097b1d00000)]
  0x000001ef6e51bd00 JavaThread "cluster-ClusterId{value='69ab4a90aafd90562cfa8e3d', description='OceanViewCluster'}-ac-6i55nrq-shard-00-00.eqqjlz8.mongodb.net:27017" daemon [_thread_in_native, id=11860, stack(0x00000097b1d00000,0x00000097b1e00000)]
  0x000001ef6e51a3b0 JavaThread "Catalina-utility-1" [_thread_blocked, id=17664, stack(0x00000097b1f00000,0x00000097b2000000)]
  0x000001ef6e519990 JavaThread "Catalina-utility-2" [_thread_blocked, id=18832, stack(0x00000097b2000000,0x00000097b2100000)]
  0x000001ef6e51c210 JavaThread "container-0" [_thread_blocked, id=11348, stack(0x00000097b2100000,0x00000097b2200000)]
  0x000001ef6e518f70 JavaThread "Live Reload Server" daemon [_thread_in_native, id=9220, stack(0x00000097b2300000,0x00000097b2400000)]
  0x000001ef6e51c720 JavaThread "cluster-rtt-ClusterId{value='69ab4a90aafd90562cfa8e3d', description='OceanViewCluster'}-ac-6i55nrq-shard-00-01.eqqjlz8.mongodb.net:27017" daemon [_thread_blocked, id=18108, stack(0x00000097b2200000,0x00000097b2300000)]
  0x000001ef6e51cc30 JavaThread "cluster-rtt-ClusterId{value='69ab4a90aafd90562cfa8e3d', description='OceanViewCluster'}-ac-6i55nrq-shard-00-02.eqqjlz8.mongodb.net:27017" daemon [_thread_blocked, id=8048, stack(0x00000097b2400000,0x00000097b2500000)]
  0x000001ef6e519ea0 JavaThread "cluster-rtt-ClusterId{value='69ab4a90aafd90562cfa8e3d', description='OceanViewCluster'}-ac-6i55nrq-shard-00-00.eqqjlz8.mongodb.net:27017" daemon [_thread_blocked, id=16232, stack(0x00000097b2500000,0x00000097b2600000)]
  0x000001ef6e51a8c0 JavaThread "MaintenanceTimer-3-thread-1" daemon [_thread_blocked, id=16356, stack(0x00000097b2600000,0x00000097b2700000)]
  0x000001ef6e519480 JavaThread "MaintenanceTimer-2-thread-1" daemon [_thread_blocked, id=1488, stack(0x00000097b2700000,0x00000097b2800000)]
  0x000001ef6e51d140 JavaThread "MaintenanceTimer-4-thread-1" daemon [_thread_blocked, id=1512, stack(0x00000097b2800000,0x00000097b2900000)]
  0x000001ef6e51b7f0 JavaThread "File Watcher" daemon [_thread_blocked, id=18048, stack(0x00000097b2900000,0x00000097b2a00000)]
  0x000001ef6e51e070 JavaThread "http-nio-8080-exec-1" daemon [_thread_blocked, id=18948, stack(0x00000097b2a00000,0x00000097b2b00000)]
  0x000001ef6e51add0 JavaThread "http-nio-8080-exec-2" daemon [_thread_blocked, id=7040, stack(0x00000097b2b00000,0x00000097b2c00000)]
  0x000001ef6e51e580 JavaThread "http-nio-8080-exec-3" daemon [_thread_blocked, id=11484, stack(0x00000097b2c00000,0x00000097b2d00000)]
  0x000001ef6e51ea90 JavaThread "http-nio-8080-exec-4" daemon [_thread_blocked, id=11116, stack(0x00000097b2d00000,0x00000097b2e00000)]
  0x000001ef6e51b2e0 JavaThread "http-nio-8080-exec-5" daemon [_thread_blocked, id=8412, stack(0x00000097b2e00000,0x00000097b2f00000)]
  0x000001ef6e51f4b0 JavaThread "http-nio-8080-exec-6" daemon [_thread_blocked, id=18220, stack(0x00000097b2f00000,0x00000097b3000000)]
  0x000001ef6e51fed0 JavaThread "http-nio-8080-exec-7" daemon [_thread_blocked, id=18132, stack(0x00000097b3000000,0x00000097b3100000)]
  0x000001ef6e51db60 JavaThread "http-nio-8080-exec-8" daemon [_thread_blocked, id=16364, stack(0x00000097b3100000,0x00000097b3200000)]
  0x000001ef6e51f9c0 JavaThread "http-nio-8080-exec-9" daemon [_thread_blocked, id=13184, stack(0x00000097b3200000,0x00000097b3300000)]
  0x000001ef6e51efa0 JavaThread "http-nio-8080-exec-10" daemon [_thread_blocked, id=10464, stack(0x00000097b3300000,0x00000097b3400000)]
  0x000001ef6d23d4f0 JavaThread "http-nio-8080-Poller" daemon [_thread_in_native, id=11472, stack(0x00000097b3400000,0x00000097b3500000)]
  0x000001ef6cf87a10 JavaThread "http-nio-8080-Acceptor" daemon [_thread_in_native, id=19352, stack(0x00000097b3500000,0x00000097b3600000)]
  0x000001ef6cf89360 JavaThread "DestroyJavaVM" [_thread_blocked, id=8164, stack(0x00000097af800000,0x00000097af900000)]

Other Threads:
  0x000001ef6695f630 VMThread "VM Thread" [stack: 0x00000097afe00000,0x00000097aff00000] [id=11580]
  0x000001ef48a32460 WatcherThread [stack: 0x00000097b0b00000,0x00000097b0c00000] [id=8172]
  0x000001ef48a17f40 GCTaskThread "GC Thread#0" [stack: 0x00000097af900000,0x00000097afa00000] [id=15784]
  0x000001ef6b783700 GCTaskThread "GC Thread#1" [stack: 0x00000097b0f00000,0x00000097b1000000] [id=19436]
  0x000001ef6b7839c0 GCTaskThread "GC Thread#2" [stack: 0x00000097b1000000,0x00000097b1100000] [id=18800]
  0x000001ef6b79ed40 GCTaskThread "GC Thread#3" [stack: 0x00000097b1100000,0x00000097b1200000] [id=9852]
  0x000001ef6b79f000 GCTaskThread "GC Thread#4" [stack: 0x00000097b1200000,0x00000097b1300000] [id=19232]
  0x000001ef6b79f2c0 GCTaskThread "GC Thread#5" [stack: 0x00000097b1300000,0x00000097b1400000] [id=14512]
  0x000001ef6c5dda80 GCTaskThread "GC Thread#6" [stack: 0x00000097b1500000,0x00000097b1600000] [id=14104]
  0x000001ef6c1a59a0 GCTaskThread "GC Thread#7" [stack: 0x00000097b1600000,0x00000097b1700000] [id=17424]
  0x000001ef48a28690 ConcurrentGCThread "G1 Main Marker" [stack: 0x00000097afa00000,0x00000097afb00000] [id=16620]
  0x000001ef48a29d70 ConcurrentGCThread "G1 Conc#0" [stack: 0x00000097afb00000,0x00000097afc00000] [id=18288]
  0x000001ef6c159b80 ConcurrentGCThread "G1 Conc#1" [stack: 0x00000097b1400000,0x00000097b1500000] [id=1524]
  0x000001ef48a7d430 ConcurrentGCThread "G1 Refine#0" [stack: 0x00000097afc00000,0x00000097afd00000] [id=14084]
  0x000001ef667fa0f0 ConcurrentGCThread "G1 Service" [stack: 0x00000097afd00000,0x00000097afe00000] [id=16624]

Threads with active compile tasks:
C2 CompilerThread0    66369 6105       4       org.springframework.boot.devtools.filewatch.FileSnapshot::equals (110 bytes)

VM state: not at safepoint (normal execution)

VM Mutex/Monitor currently owned by a thread: None

Heap address: 0x0000000084000000, size: 1984 MB, Compressed Oops mode: 32-bit

CDS archive(s) mapped at: [0x000001ef00000000-0x000001ef00bd0000-0x000001ef00bd0000), size 12386304, SharedBaseAddress: 0x000001ef00000000, ArchiveRelocationMode: 1.
Compressed class space mapped at: 0x000001ef01000000-0x000001ef41000000, reserved size: 1073741824
Narrow klass base: 0x000001ef00000000, Narrow klass shift: 0, Narrow klass range: 0x100000000

GC Precious Log:
 CPUs: 8 total, 8 available
 Memory: 7932M
 Large Page Support: Disabled
 NUMA Support: Disabled
 Compressed Oops: Enabled (32-bit)
 Heap Region Size: 1M
 Heap Min Capacity: 8M
 Heap Initial Capacity: 124M
 Heap Max Capacity: 1984M
 Pre-touch: Disabled
 Parallel Workers: 8
 Concurrent Workers: 2
 Concurrent Refinement Workers: 8
 Periodic GC: Disabled

Heap:
 garbage-first heap   total 97280K, used 48113K [0x0000000084000000, 0x0000000100000000)
  region size 1024K, 29 young (29696K), 6 survivors (6144K)
 Metaspace       used 49157K, committed 49728K, reserved 1114112K
  class space    used 6529K, committed 6784K, reserved 1048576K

Heap Regions: E=young(eden), S=young(survivor), O=old, HS=humongous(starts), HC=humongous(continues), CS=collection set, F=free, OA=open archive, CA=closed archive, TAMS=top-at-mark-start (previous, next)
|   0|0x0000000084000000, 0x0000000084100000, 0x0000000084100000|100%| O|  |TAMS 0x0000000084100000, 0x0000000084000000| Untracked 
|   1|0x0000000084100000, 0x0000000084200000, 0x0000000084200000|100%| O|  |TAMS 0x0000000084200000, 0x0000000084100000| Untracked 
|   2|0x0000000084200000, 0x0000000084300000, 0x0000000084300000|100%| O|  |TAMS 0x0000000084300000, 0x0000000084200000| Untracked 
|   3|0x0000000084300000, 0x0000000084400000, 0x0000000084400000|100%| O|  |TAMS 0x0000000084400000, 0x0000000084300000| Untracked 
|   4|0x0000000084400000, 0x0000000084500000, 0x0000000084500000|100%| O|  |TAMS 0x0000000084500000, 0x0000000084400000| Untracked 
|   5|0x0000000084500000, 0x0000000084600000, 0x0000000084600000|100%| O|  |TAMS 0x0000000084600000, 0x0000000084500000| Untracked 
|   6|0x0000000084600000, 0x0000000084700000, 0x0000000084700000|100%| O|  |TAMS 0x0000000084700000, 0x0000000084600000| Untracked 
|   7|0x0000000084700000, 0x0000000084800000, 0x0000000084800000|100%| O|  |TAMS 0x0000000084800000, 0x0000000084700000| Untracked 
|   8|0x0000000084800000, 0x0000000084900000, 0x0000000084900000|100%| O|  |TAMS 0x0000000084900000, 0x0000000084800000| Untracked 
|   9|0x0000000084900000, 0x0000000084a00000, 0x0000000084a00000|100%| O|  |TAMS 0x0000000084a00000, 0x0000000084900000| Untracked 
|  10|0x0000000084a00000, 0x0000000084b00000, 0x0000000084b00000|100%| O|  |TAMS 0x0000000084b00000, 0x0000000084a00000| Untracked 
|  11|0x0000000084b00000, 0x0000000084c00000, 0x0000000084c00000|100%| O|  |TAMS 0x0000000084c00000, 0x0000000084b00000| Untracked 
|  12|0x0000000084c00000, 0x0000000084d00000, 0x0000000084d00000|100%| O|  |TAMS 0x0000000084d00000, 0x0000000084c00000| Untracked 
|  13|0x0000000084d00000, 0x0000000084d00000, 0x0000000084e00000|  0%| F|  |TAMS 0x0000000084d00000, 0x0000000084d00000| Untracked 
|  14|0x0000000084e00000, 0x0000000084f00000, 0x0000000084f00000|100%| O|  |TAMS 0x0000000084e9f200, 0x0000000084e00000| Untracked 
|  15|0x0000000084f00000, 0x0000000085000000, 0x0000000085000000|100%| O|  |TAMS 0x0000000084f00000, 0x0000000084f00000| Untracked 
|  16|0x0000000085000000, 0x0000000085100000, 0x0000000085100000|100%| O|  |TAMS 0x0000000085000000, 0x0000000085000000| Untracked 
|  17|0x0000000085100000, 0x0000000085200000, 0x0000000085200000|100%| O|  |TAMS 0x0000000085100000, 0x0000000085100000| Untracked 
|  18|0x0000000085200000, 0x0000000085300000, 0x0000000085300000|100%| O|  |TAMS 0x0000000085200000, 0x0000000085200000| Untracked 
|  19|0x0000000085300000, 0x0000000085400000, 0x0000000085400000|100%| O|  |TAMS 0x0000000085300000, 0x0000000085300000| Untracked 
|  20|0x0000000085400000, 0x00000000854bd000, 0x0000000085500000| 73%| O|  |TAMS 0x0000000085400000, 0x0000000085400000| Untracked 
|  21|0x0000000085500000, 0x0000000085500000, 0x0000000085600000|  0%| F|  |TAMS 0x0000000085500000, 0x0000000085500000| Untracked 
|  22|0x0000000085600000, 0x0000000085600000, 0x0000000085700000|  0%| F|  |TAMS 0x0000000085600000, 0x0000000085600000| Untracked 
|  23|0x0000000085700000, 0x0000000085700000, 0x0000000085800000|  0%| F|  |TAMS 0x0000000085700000, 0x0000000085700000| Untracked 
|  24|0x0000000085800000, 0x0000000085800000, 0x0000000085900000|  0%| F|  |TAMS 0x0000000085800000, 0x0000000085800000| Untracked 
|  25|0x0000000085900000, 0x0000000085900000, 0x0000000085a00000|  0%| F|  |TAMS 0x0000000085900000, 0x0000000085900000| Untracked 
|  26|0x0000000085a00000, 0x0000000085a00000, 0x0000000085b00000|  0%| F|  |TAMS 0x0000000085a00000, 0x0000000085a00000| Untracked 
|  27|0x0000000085b00000, 0x0000000085b00000, 0x0000000085c00000|  0%| F|  |TAMS 0x0000000085b00000, 0x0000000085b00000| Untracked 
|  28|0x0000000085c00000, 0x0000000085c00000, 0x0000000085d00000|  0%| F|  |TAMS 0x0000000085c00000, 0x0000000085c00000| Untracked 
|  29|0x0000000085d00000, 0x0000000085d00000, 0x0000000085e00000|  0%| F|  |TAMS 0x0000000085d00000, 0x0000000085d00000| Untracked 
|  30|0x0000000085e00000, 0x0000000085e00000, 0x0000000085f00000|  0%| F|  |TAMS 0x0000000085e00000, 0x0000000085e00000| Untracked 
|  31|0x0000000085f00000, 0x0000000085f00000, 0x0000000086000000|  0%| F|  |TAMS 0x0000000085f00000, 0x0000000085f00000| Untracked 
|  32|0x0000000086000000, 0x0000000086000000, 0x0000000086100000|  0%| F|  |TAMS 0x0000000086000000, 0x0000000086000000| Untracked 
|  33|0x0000000086100000, 0x0000000086100000, 0x0000000086200000|  0%| F|  |TAMS 0x0000000086100000, 0x0000000086100000| Untracked 
|  34|0x0000000086200000, 0x0000000086200000, 0x0000000086300000|  0%| F|  |TAMS 0x0000000086200000, 0x0000000086200000| Untracked 
|  35|0x0000000086300000, 0x0000000086300000, 0x0000000086400000|  0%| F|  |TAMS 0x0000000086300000, 0x0000000086300000| Untracked 
|  36|0x0000000086400000, 0x0000000086400000, 0x0000000086500000|  0%| F|  |TAMS 0x0000000086400000, 0x0000000086400000| Untracked 
|  37|0x0000000086500000, 0x000000008653f618, 0x0000000086600000| 24%| S|CS|TAMS 0x0000000086500000, 0x0000000086500000| Complete 
|  38|0x0000000086600000, 0x0000000086700000, 0x0000000086700000|100%| S|CS|TAMS 0x0000000086600000, 0x0000000086600000| Complete 
|  39|0x0000000086700000, 0x0000000086800000, 0x0000000086800000|100%| S|CS|TAMS 0x0000000086700000, 0x0000000086700000| Complete 
|  40|0x0000000086800000, 0x0000000086900000, 0x0000000086900000|100%| S|CS|TAMS 0x0000000086800000, 0x0000000086800000| Complete 
|  41|0x0000000086900000, 0x0000000086a00000, 0x0000000086a00000|100%| S|CS|TAMS 0x0000000086900000, 0x0000000086900000| Complete 
|  42|0x0000000086a00000, 0x0000000086b00000, 0x0000000086b00000|100%| S|CS|TAMS 0x0000000086a00000, 0x0000000086a00000| Complete 
|  43|0x0000000086b00000, 0x0000000086b00000, 0x0000000086c00000|  0%| F|  |TAMS 0x0000000086b00000, 0x0000000086b00000| Untracked 
|  44|0x0000000086c00000, 0x0000000086c00000, 0x0000000086d00000|  0%| F|  |TAMS 0x0000000086c00000, 0x0000000086c00000| Untracked 
|  45|0x0000000086d00000, 0x0000000086d00000, 0x0000000086e00000|  0%| F|  |TAMS 0x0000000086d00000, 0x0000000086d00000| Untracked 
|  46|0x0000000086e00000, 0x0000000086e00000, 0x0000000086f00000|  0%| F|  |TAMS 0x0000000086e00000, 0x0000000086e00000| Untracked 
|  47|0x0000000086f00000, 0x0000000086f00000, 0x0000000087000000|  0%| F|  |TAMS 0x0000000086f00000, 0x0000000086f00000| Untracked 
|  48|0x0000000087000000, 0x0000000087000000, 0x0000000087100000|  0%| F|  |TAMS 0x0000000087000000, 0x0000000087000000| Untracked 
|  49|0x0000000087100000, 0x0000000087100000, 0x0000000087200000|  0%| F|  |TAMS 0x0000000087100000, 0x0000000087100000| Untracked 
|  50|0x0000000087200000, 0x0000000087200000, 0x0000000087300000|  0%| F|  |TAMS 0x0000000087200000, 0x0000000087200000| Untracked 
|  51|0x0000000087300000, 0x0000000087300000, 0x0000000087400000|  0%| F|  |TAMS 0x0000000087300000, 0x0000000087300000| Untracked 
|  52|0x0000000087400000, 0x0000000087400000, 0x0000000087500000|  0%| F|  |TAMS 0x0000000087400000, 0x0000000087400000| Untracked 
|  53|0x0000000087500000, 0x0000000087500000, 0x0000000087600000|  0%| F|  |TAMS 0x0000000087500000, 0x0000000087500000| Untracked 
|  54|0x0000000087600000, 0x0000000087600000, 0x0000000087700000|  0%| F|  |TAMS 0x0000000087600000, 0x0000000087600000| Untracked 
|  55|0x0000000087700000, 0x0000000087700000, 0x0000000087800000|  0%| F|  |TAMS 0x0000000087700000, 0x0000000087700000| Untracked 
|  56|0x0000000087800000, 0x0000000087800000, 0x0000000087900000|  0%| F|  |TAMS 0x0000000087800000, 0x0000000087800000| Untracked 
|  57|0x0000000087900000, 0x0000000087900000, 0x0000000087a00000|  0%| F|  |TAMS 0x0000000087900000, 0x0000000087900000| Untracked 
|  58|0x0000000087a00000, 0x0000000087a00000, 0x0000000087b00000|  0%| F|  |TAMS 0x0000000087a00000, 0x0000000087a00000| Untracked 
|  59|0x0000000087b00000, 0x0000000087b00000, 0x0000000087c00000|  0%| F|  |TAMS 0x0000000087b00000, 0x0000000087b00000| Untracked 
|  60|0x0000000087c00000, 0x0000000087c00000, 0x0000000087d00000|  0%| F|  |TAMS 0x0000000087c00000, 0x0000000087c00000| Untracked 
|  61|0x0000000087d00000, 0x0000000087d00000, 0x0000000087e00000|  0%| F|  |TAMS 0x0000000087d00000, 0x0000000087d00000| Untracked 
|  62|0x0000000087e00000, 0x0000000087e00000, 0x0000000087f00000|  0%| F|  |TAMS 0x0000000087e00000, 0x0000000087e00000| Untracked 
|  63|0x0000000087f00000, 0x0000000087f00000, 0x0000000088000000|  0%| F|  |TAMS 0x0000000087f00000, 0x0000000087f00000| Untracked 
|  64|0x0000000088000000, 0x0000000088000000, 0x0000000088100000|  0%| F|  |TAMS 0x0000000088000000, 0x0000000088000000| Untracked 
|  65|0x0000000088100000, 0x0000000088100000, 0x0000000088200000|  0%| F|  |TAMS 0x0000000088100000, 0x0000000088100000| Untracked 
|  66|0x0000000088200000, 0x0000000088200000, 0x0000000088300000|  0%| F|  |TAMS 0x0000000088200000, 0x0000000088200000| Untracked 
|  67|0x0000000088300000, 0x0000000088300000, 0x0000000088400000|  0%| F|  |TAMS 0x0000000088300000, 0x0000000088300000| Untracked 
|  68|0x0000000088400000, 0x0000000088400000, 0x0000000088500000|  0%| F|  |TAMS 0x0000000088400000, 0x0000000088400000| Untracked 
|  69|0x0000000088500000, 0x0000000088500000, 0x0000000088600000|  0%| F|  |TAMS 0x0000000088500000, 0x0000000088500000| Untracked 
|  70|0x0000000088600000, 0x0000000088600000, 0x0000000088700000|  0%| F|  |TAMS 0x0000000088600000, 0x0000000088600000| Untracked 
|  71|0x0000000088700000, 0x0000000088700000, 0x0000000088800000|  0%| F|  |TAMS 0x0000000088700000, 0x0000000088700000| Untracked 
|  72|0x0000000088800000, 0x000000008885a590, 0x0000000088900000| 35%| E|  |TAMS 0x0000000088800000, 0x0000000088800000| Complete 
|  73|0x0000000088900000, 0x0000000088a00000, 0x0000000088a00000|100%| E|CS|TAMS 0x0000000088900000, 0x0000000088900000| Complete 
|  74|0x0000000088a00000, 0x0000000088b00000, 0x0000000088b00000|100%| E|CS|TAMS 0x0000000088a00000, 0x0000000088a00000| Complete 
|  75|0x0000000088b00000, 0x0000000088c00000, 0x0000000088c00000|100%| E|CS|TAMS 0x0000000088b00000, 0x0000000088b00000| Complete 
|  76|0x0000000088c00000, 0x0000000088d00000, 0x0000000088d00000|100%| E|CS|TAMS 0x0000000088c00000, 0x0000000088c00000| Complete 
|  77|0x0000000088d00000, 0x0000000088e00000, 0x0000000088e00000|100%| E|CS|TAMS 0x0000000088d00000, 0x0000000088d00000| Complete 
|  78|0x0000000088e00000, 0x0000000088f00000, 0x0000000088f00000|100%| E|CS|TAMS 0x0000000088e00000, 0x0000000088e00000| Complete 
|  79|0x0000000088f00000, 0x0000000089000000, 0x0000000089000000|100%| E|CS|TAMS 0x0000000088f00000, 0x0000000088f00000| Complete 
|  80|0x0000000089000000, 0x0000000089100000, 0x0000000089100000|100%| E|CS|TAMS 0x0000000089000000, 0x0000000089000000| Complete 
|  81|0x0000000089100000, 0x0000000089200000, 0x0000000089200000|100%| E|CS|TAMS 0x0000000089100000, 0x0000000089100000| Complete 
|  82|0x0000000089200000, 0x0000000089300000, 0x0000000089300000|100%| E|CS|TAMS 0x0000000089200000, 0x0000000089200000| Complete 
|  83|0x0000000089300000, 0x0000000089400000, 0x0000000089400000|100%| E|CS|TAMS 0x0000000089300000, 0x0000000089300000| Complete 
|  84|0x0000000089400000, 0x0000000089500000, 0x0000000089500000|100%| E|CS|TAMS 0x0000000089400000, 0x0000000089400000| Complete 
|  85|0x0000000089500000, 0x0000000089600000, 0x0000000089600000|100%| E|CS|TAMS 0x0000000089500000, 0x0000000089500000| Complete 
|  86|0x0000000089600000, 0x0000000089700000, 0x0000000089700000|100%| E|CS|TAMS 0x0000000089600000, 0x0000000089600000| Complete 
|  87|0x0000000089700000, 0x0000000089800000, 0x0000000089800000|100%| E|CS|TAMS 0x0000000089700000, 0x0000000089700000| Complete 
|  88|0x0000000089800000, 0x0000000089900000, 0x0000000089900000|100%| E|CS|TAMS 0x0000000089800000, 0x0000000089800000| Complete 
|  89|0x0000000089900000, 0x0000000089a00000, 0x0000000089a00000|100%| E|CS|TAMS 0x0000000089900000, 0x0000000089900000| Complete 
|  90|0x0000000089a00000, 0x0000000089b00000, 0x0000000089b00000|100%| E|CS|TAMS 0x0000000089a00000, 0x0000000089a00000| Complete 
|  91|0x0000000089b00000, 0x0000000089c00000, 0x0000000089c00000|100%| E|CS|TAMS 0x0000000089b00000, 0x0000000089b00000| Complete 
|  92|0x0000000089c00000, 0x0000000089d00000, 0x0000000089d00000|100%| E|CS|TAMS 0x0000000089c00000, 0x0000000089c00000| Complete 
|  93|0x0000000089d00000, 0x0000000089e00000, 0x0000000089e00000|100%| E|CS|TAMS 0x0000000089d00000, 0x0000000089d00000| Complete 
| 123|0x000000008bb00000, 0x000000008bc00000, 0x000000008bc00000|100%| E|CS|TAMS 0x000000008bb00000, 0x000000008bb00000| Complete 

Card table byte_map: [0x000001ef5f980000,0x000001ef5fd60000] _byte_map_base: 0x000001ef5f560000

Marking Bits (Prev, Next): (CMBitMap*) 0x000001ef48a18560, (CMBitMap*) 0x000001ef48a185a0
 Prev Bits: [0x000001ef60140000, 0x000001ef62040000)
 Next Bits: [0x000001ef62040000, 0x000001ef63f40000)

Polling page: 0x000001ef468e0000

Metaspace:

Usage:
  Non-class:     41.63 MB used.
      Class:      6.38 MB used.
       Both:     48.01 MB used.

Virtual space:
  Non-class space:       64.00 MB reserved,      41.94 MB ( 66%) committed,  1 nodes.
      Class space:        1.00 GB reserved,       6.62 MB ( <1%) committed,  1 nodes.
             Both:        1.06 GB reserved,      48.56 MB (  4%) committed. 

Chunk freelists:
   Non-Class:  6.00 MB
       Class:  9.38 MB
        Both:  15.38 MB

MaxMetaspaceSize: unlimited
CompressedClassSpaceSize: 1.00 GB
Initial GC threshold: 21.00 MB
Current GC threshold: 58.88 MB
CDS: on
MetaspaceReclaimPolicy: balanced
 - commit_granule_bytes: 65536.
 - commit_granule_words: 8192.
 - virtual_space_node_default_size: 8388608.
 - enlarge_chunks_in_place: 1.
 - new_chunks_are_fully_committed: 0.
 - uncommit_free_chunks: 1.
 - use_allocation_guard: 0.
 - handle_deallocations: 1.


Internal statistics:

num_allocs_failed_limit: 6.
num_arena_births: 710.
num_arena_deaths: 0.
num_vsnodes_births: 2.
num_vsnodes_deaths: 0.
num_space_committed: 777.
num_space_uncommitted: 0.
num_chunks_returned_to_freelist: 6.
num_chunks_taken_from_freelist: 2455.
num_chunk_merges: 6.
num_chunk_splits: 1642.
num_chunks_enlarged: 1174.
num_inconsistent_stats: 0.

CodeHeap 'non-profiled nmethods': size=120000Kb used=3288Kb max_used=3288Kb free=116711Kb
 bounds [0x000001ef57d40000, 0x000001ef580a0000, 0x000001ef5f270000]
CodeHeap 'profiled nmethods': size=120000Kb used=10279Kb max_used=10279Kb free=109720Kb
 bounds [0x000001ef50270000, 0x000001ef50c80000, 0x000001ef577a0000]
CodeHeap 'non-nmethods': size=5760Kb used=1299Kb max_used=1397Kb free=4460Kb
 bounds [0x000001ef577a0000, 0x000001ef57a10000, 0x000001ef57d40000]
 total_blobs=5973 nmethods=5367 adapters=516
 compilation: enabled
              stopped_count=0, restarted_count=0
 full_count=0

Compilation events (20 events):
Event: 57.099 Thread 0x000001ef66981e40 6096       3       org.bson.ByteBufNIO::order (11 bytes)
Event: 57.099 Thread 0x000001ef66981e40 nmethod 6096 0x000001ef50c72810 code [0x000001ef50c729c0, 0x000001ef50c72b08]
Event: 57.099 Thread 0x000001ef66981e40 6097       3       org.bson.AbstractBsonReader::verifyBSONType (116 bytes)
Event: 57.100 Thread 0x000001ef66981e40 nmethod 6097 0x000001ef50c72c10 code [0x000001ef50c72ee0, 0x000001ef50c74308]
Event: 57.103 Thread 0x000001ef66981e40 6098       3       sun.security.util.ArrayUtil::nullAndBoundsCheck (12 bytes)
Event: 57.103 Thread 0x000001ef66981e40 nmethod 6098 0x000001ef50c74810 code [0x000001ef50c749c0, 0x000001ef50c74bc8]
Event: 57.119 Thread 0x000001ef66980430 nmethod 6095 0x000001ef57e2bc10 code [0x000001ef57e2be60, 0x000001ef57e2dad0]
Event: 57.119 Thread 0x000001ef66980430 6099       4       java.lang.String::<init> (10 bytes)
Event: 57.120 Thread 0x000001ef66980430 nmethod 6099 0x000001ef57fae910 code [0x000001ef57faeaa0, 0x000001ef57faeb48]
Event: 57.811 Thread 0x000001ef66981e40 6100       3       jdk.internal.misc.Unsafe::getAndBitwiseAndInt (27 bytes)
Event: 57.811 Thread 0x000001ef66981e40 nmethod 6100 0x000001ef50c74d10 code [0x000001ef50c74ec0, 0x000001ef50c75108]
Event: 57.811 Thread 0x000001ef66981e40 6101       3       java.util.concurrent.locks.AbstractQueuedSynchronizer$Node::getAndUnsetStatus (14 bytes)
Event: 57.811 Thread 0x000001ef66981e40 nmethod 6101 0x000001ef50c75210 code [0x000001ef50c753c0, 0x000001ef50c75688]
Event: 58.449 Thread 0x000001ef66980430 6102       4       java.lang.String::substring (58 bytes)
Event: 58.456 Thread 0x000001ef66980430 nmethod 6102 0x000001ef57fada10 code [0x000001ef57fadbc0, 0x000001ef57fae548]
Event: 59.806 Thread 0x000001ef66981e40 6103       3       java.util.concurrent.ScheduledThreadPoolExecutor$ScheduledFutureTask::compareTo (9 bytes)
Event: 59.806 Thread 0x000001ef66981e40 nmethod 6103 0x000001ef50c75790 code [0x000001ef50c75940, 0x000001ef50c75ba8]
Event: 59.806 Thread 0x000001ef66981e40 6104       3       java.util.concurrent.ScheduledThreadPoolExecutor$ScheduledFutureTask::compareTo (101 bytes)
Event: 59.807 Thread 0x000001ef66981e40 nmethod 6104 0x000001ef50c75c90 code [0x000001ef50c75ea0, 0x000001ef50c76618]
Event: 61.988 Thread 0x000001ef66980430 6105       4       org.springframework.boot.devtools.filewatch.FileSnapshot::equals (110 bytes)

GC Heap History (20 events):
Event: 2.757 GC heap before
{Heap before GC invocations=4 (full 0):
 garbage-first heap   total 48128K, used 33866K [0x0000000084000000, 0x0000000100000000)
  region size 1024K, 28 young (28672K), 7 survivors (7168K)
 Metaspace       used 23689K, committed 24000K, reserved 1114112K
  class space    used 3042K, committed 3200K, reserved 1048576K
}
Event: 2.766 GC heap after
{Heap after GC invocations=5 (full 0):
 garbage-first heap   total 48128K, used 13514K [0x0000000084000000, 0x0000000100000000)
  region size 1024K, 2 young (2048K), 2 survivors (2048K)
 Metaspace       used 23689K, committed 24000K, reserved 1114112K
  class space    used 3042K, committed 3200K, reserved 1048576K
}
Event: 2.791 GC heap before
{Heap before GC invocations=5 (full 0):
 garbage-first heap   total 48128K, used 14538K [0x0000000084000000, 0x0000000100000000)
  region size 1024K, 3 young (3072K), 2 survivors (2048K)
 Metaspace       used 23758K, committed 24064K, reserved 1114112K
  class space    used 3054K, committed 3200K, reserved 1048576K
}
Event: 2.795 GC heap after
{Heap after GC invocations=6 (full 0):
 garbage-first heap   total 48128K, used 13777K [0x0000000084000000, 0x0000000100000000)
  region size 1024K, 1 young (1024K), 1 survivors (1024K)
 Metaspace       used 23758K, committed 24064K, reserved 1114112K
  class space    used 3054K, committed 3200K, reserved 1048576K
}
Event: 3.412 GC heap before
{Heap before GC invocations=6 (full 0):
 garbage-first heap   total 48128K, used 33233K [0x0000000084000000, 0x0000000100000000)
  region size 1024K, 20 young (20480K), 1 survivors (1024K)
 Metaspace       used 27211K, committed 27584K, reserved 1114112K
  class space    used 3580K, committed 3776K, reserved 1048576K
}
Event: 3.415 GC heap after
{Heap after GC invocations=7 (full 0):
 garbage-first heap   total 48128K, used 15068K [0x0000000084000000, 0x0000000100000000)
  region size 1024K, 2 young (2048K), 2 survivors (2048K)
 Metaspace       used 27211K, committed 27584K, reserved 1114112K
  class space    used 3580K, committed 3776K, reserved 1048576K
}
Event: 3.766 GC heap before
{Heap before GC invocations=7 (full 0):
 garbage-first heap   total 48128K, used 33500K [0x0000000084000000, 0x0000000100000000)
  region size 1024K, 21 young (21504K), 2 survivors (2048K)
 Metaspace       used 28575K, committed 29056K, reserved 1114112K
  class space    used 3793K, committed 4032K, reserved 1048576K
}
Event: 3.770 GC heap after
{Heap after GC invocations=8 (full 0):
 garbage-first heap   total 48128K, used 16137K [0x0000000084000000, 0x0000000100000000)
  region size 1024K, 2 young (2048K), 2 survivors (2048K)
 Metaspace       used 28575K, committed 29056K, reserved 1114112K
  class space    used 3793K, committed 4032K, reserved 1048576K
}
Event: 4.431 GC heap before
{Heap before GC invocations=8 (full 0):
 garbage-first heap   total 48128K, used 33545K [0x0000000084000000, 0x0000000100000000)
  region size 1024K, 20 young (20480K), 2 survivors (2048K)
 Metaspace       used 31933K, committed 32320K, reserved 1114112K
  class space    used 4190K, committed 4352K, reserved 1048576K
}
Event: 4.435 GC heap after
{Heap after GC invocations=9 (full 0):
 garbage-first heap   total 48128K, used 17279K [0x0000000084000000, 0x0000000100000000)
  region size 1024K, 3 young (3072K), 3 survivors (3072K)
 Metaspace       used 31933K, committed 32320K, reserved 1114112K
  class space    used 4190K, committed 4352K, reserved 1048576K
}
Event: 4.956 GC heap before
{Heap before GC invocations=9 (full 0):
 garbage-first heap   total 48128K, used 28543K [0x0000000084000000, 0x0000000100000000)
  region size 1024K, 16 young (16384K), 3 survivors (3072K)
 Metaspace       used 35565K, committed 35968K, reserved 1114112K
  class space    used 4666K, committed 4864K, reserved 1048576K
}
Event: 4.960 GC heap after
{Heap after GC invocations=10 (full 0):
 garbage-first heap   total 48128K, used 18301K [0x0000000084000000, 0x0000000100000000)
  region size 1024K, 3 young (3072K), 3 survivors (3072K)
 Metaspace       used 35565K, committed 35968K, reserved 1114112K
  class space    used 4666K, committed 4864K, reserved 1048576K
}
Event: 5.385 GC heap before
{Heap before GC invocations=11 (full 0):
 garbage-first heap   total 48128K, used 35709K [0x0000000084000000, 0x0000000100000000)
  region size 1024K, 21 young (21504K), 3 survivors (3072K)
 Metaspace       used 39596K, committed 40064K, reserved 1114112K
  class space    used 5201K, committed 5440K, reserved 1048576K
}
Event: 5.389 GC heap after
{Heap after GC invocations=12 (full 0):
 garbage-first heap   total 48128K, used 20611K [0x0000000084000000, 0x0000000100000000)
  region size 1024K, 3 young (3072K), 3 survivors (3072K)
 Metaspace       used 39596K, committed 40064K, reserved 1114112K
  class space    used 5201K, committed 5440K, reserved 1048576K
}
Event: 5.404 GC heap before
{Heap before GC invocations=12 (full 0):
 garbage-first heap   total 48128K, used 21635K [0x0000000084000000, 0x0000000100000000)
  region size 1024K, 4 young (4096K), 3 survivors (3072K)
 Metaspace       used 39713K, committed 40128K, reserved 1114112K
  class space    used 5216K, committed 5440K, reserved 1048576K
}
Event: 5.412 GC heap after
{Heap after GC invocations=13 (full 0):
 garbage-first heap   total 48128K, used 20825K [0x0000000084000000, 0x0000000100000000)
  region size 1024K, 1 young (1024K), 1 survivors (1024K)
 Metaspace       used 39713K, committed 40128K, reserved 1114112K
  class space    used 5216K, committed 5440K, reserved 1048576K
}
Event: 5.728 GC heap before
{Heap before GC invocations=13 (full 0):
 garbage-first heap   total 48128K, used 37209K [0x0000000084000000, 0x0000000100000000)
  region size 1024K, 17 young (17408K), 1 survivors (1024K)
 Metaspace       used 42547K, committed 43008K, reserved 1114112K
  class space    used 5629K, committed 5824K, reserved 1048576K
}
Event: 5.731 GC heap after
{Heap after GC invocations=14 (full 0):
 garbage-first heap   total 97280K, used 21671K [0x0000000084000000, 0x0000000100000000)
  region size 1024K, 2 young (2048K), 2 survivors (2048K)
 Metaspace       used 42547K, committed 43008K, reserved 1114112K
  class space    used 5629K, committed 5824K, reserved 1048576K
}
Event: 6.557 GC heap before
{Heap before GC invocations=14 (full 0):
 garbage-first heap   total 97280K, used 74919K [0x0000000084000000, 0x0000000100000000)
  region size 1024K, 54 young (55296K), 2 survivors (2048K)
 Metaspace       used 47489K, committed 48000K, reserved 1114112K
  class space    used 6310K, committed 6528K, reserved 1048576K
}
Event: 6.563 GC heap after
{Heap after GC invocations=15 (full 0):
 garbage-first heap   total 97280K, used 25585K [0x0000000084000000, 0x0000000100000000)
  region size 1024K, 6 young (6144K), 6 survivors (6144K)
 Metaspace       used 47489K, committed 48000K, reserved 1114112K
  class space    used 6310K, committed 6528K, reserved 1048576K
}

Deoptimization events (20 events):
Event: 6.741 Thread 0x000001ef6b988030 DEOPT PACKING pc=0x000001ef57e591d4 sp=0x00000097b0efd320
Event: 6.741 Thread 0x000001ef6b988030 DEOPT UNPACKING pc=0x000001ef577f5ba3 sp=0x00000097b0efd2d0 mode 2
Event: 6.772 Thread 0x000001ef6b988030 Uncommon trap: trap_request=0xffffff54 fr.pc=0x000001ef57dd8ffc relative=0x000000000000033c
Event: 6.772 Thread 0x000001ef6b988030 Uncommon trap: reason=speculate_null_assert action=make_not_entrant pc=0x000001ef57dd8ffc method=org.springframework.util.ConcurrentReferenceHashMap$Segment.restructureIfNecessary(Z)V @ 41 c2
Event: 6.772 Thread 0x000001ef6b988030 DEOPT PACKING pc=0x000001ef57dd8ffc sp=0x00000097b0efe1b0
Event: 6.772 Thread 0x000001ef6b988030 DEOPT UNPACKING pc=0x000001ef577f5ba3 sp=0x00000097b0efe178 mode 2
Event: 6.797 Thread 0x000001ef6b988030 Uncommon trap: trap_request=0xffffff45 fr.pc=0x000001ef57f856ec relative=0x000000000000148c
Event: 6.797 Thread 0x000001ef6b988030 Uncommon trap: reason=unstable_if action=reinterpret pc=0x000001ef57f856ec method=java.lang.String.<init>([BIILjava/nio/charset/Charset;)V @ 18 c2
Event: 6.797 Thread 0x000001ef6b988030 DEOPT PACKING pc=0x000001ef57f856ec sp=0x00000097b0efd790
Event: 6.797 Thread 0x000001ef6b988030 DEOPT UNPACKING pc=0x000001ef577f5ba3 sp=0x00000097b0efd728 mode 2
Event: 7.799 Thread 0x000001ef6e51b7f0 Uncommon trap: trap_request=0xffffffc6 fr.pc=0x000001ef57e521ac relative=0x000000000000046c
Event: 7.800 Thread 0x000001ef6e51b7f0 Uncommon trap: reason=bimorphic_or_optimized_type_check action=maybe_recompile pc=0x000001ef57e521ac method=java.util.HashMap.getNode(Ljava/lang/Object;)Ljava/util/HashMap$Node; @ 128 c2
Event: 7.800 Thread 0x000001ef6e51b7f0 DEOPT PACKING pc=0x000001ef57e521ac sp=0x00000097b29ff080
Event: 7.800 Thread 0x000001ef6e51b7f0 DEOPT UNPACKING pc=0x000001ef577f5ba3 sp=0x00000097b29fef90 mode 2
Event: 16.184 Thread 0x000001ef6e51bd00 DEOPT PACKING pc=0x000001ef50869471 sp=0x00000097b1dfe6f0
Event: 16.184 Thread 0x000001ef6e51bd00 DEOPT UNPACKING pc=0x000001ef577f66e3 sp=0x00000097b1dfdb20 mode 0
Event: 16.552 Thread 0x000001ef6e519ea0 DEOPT PACKING pc=0x000001ef5086943e sp=0x00000097b25fe440
Event: 16.552 Thread 0x000001ef6e519ea0 DEOPT UNPACKING pc=0x000001ef577f66e3 sp=0x00000097b25fd870 mode 0
Event: 16.552 Thread 0x000001ef6e519ea0 DEOPT PACKING pc=0x000001ef50869471 sp=0x00000097b25fe440
Event: 16.552 Thread 0x000001ef6e519ea0 DEOPT UNPACKING pc=0x000001ef577f66e3 sp=0x00000097b25fd870 mode 0

Classes unloaded (0 events):
No events

Classes redefined (0 events):
No events

Internal exceptions (20 events):
Event: 5.692 Thread 0x000001ef6b988030 Exception <a 'java/lang/NoSuchMethodError'{0x0000000085f91588}: 'int java.lang.invoke.DirectMethodHandle$Holder.invokeStaticInit(java.lang.Object, int, java.lang.Object, java.lang.Object, java.lang.Object, java.lang.Object)'> (0x0000000085f91588) 
thrown [s\open\src\hotspot\share\interpreter\linkResolver.cpp, line 759]
Event: 5.778 Thread 0x000001ef6b988030 Exception <a 'java/io/FileNotFoundException'{0x0000000089b7f2f8}> (0x0000000089b7f2f8) 
thrown [s\open\src\hotspot\share\prims\jni.cpp, line 516]
Event: 5.779 Thread 0x000001ef6b988030 Exception <a 'java/io/FileNotFoundException'{0x0000000089b8a790}> (0x0000000089b8a790) 
thrown [s\open\src\hotspot\share\prims\jni.cpp, line 516]
Event: 5.853 Thread 0x000001ef6d23e420 Exception <a 'java/lang/NoSuchMethodError'{0x000000008963d4c8}: 'void java.lang.invoke.DirectMethodHandle$Holder.invokeStatic(java.lang.Object, long)'> (0x000000008963d4c8) 
thrown [s\open\src\hotspot\share\interpreter\linkResolver.cpp, line 759]
Event: 5.853 Thread 0x000001ef6e51bd00 Exception <a 'java/lang/NoSuchMethodError'{0x00000000897c0000}: 'void java.lang.invoke.DirectMethodHandle$Holder.invokeStatic(java.lang.Object, long)'> (0x00000000897c0000) 
thrown [s\open\src\hotspot\share\interpreter\linkResolver.cpp, line 759]
Event: 5.864 Thread 0x000001ef6b988030 Exception <a 'java/lang/IncompatibleClassChangeError'{0x000000008957ed90}: Found class java.lang.Object, but interface was expected> (0x000000008957ed90) 
thrown [s\open\src\hotspot\share\interpreter\linkResolver.cpp, line 826]
Event: 5.898 Thread 0x000001ef6b988030 Implicit null exception at 0x000001ef57ef82b1 to 0x000001ef57ef9350
Event: 6.016 Thread 0x000001ef6e519ea0 Exception <a 'java/lang/reflect/InvocationTargetException'{0x0000000088b6d970}> (0x0000000088b6d970) 
thrown [s\open\src\hotspot\share\runtime\reflection.cpp, line 1121]
Event: 6.016 Thread 0x000001ef6e51c720 Exception <a 'java/lang/reflect/InvocationTargetException'{0x0000000088b37fa0}> (0x0000000088b37fa0) 
thrown [s\open\src\hotspot\share\runtime\reflection.cpp, line 1121]
Event: 6.016 Thread 0x000001ef6e51cc30 Exception <a 'java/lang/reflect/InvocationTargetException'{0x0000000088b03158}> (0x0000000088b03158) 
thrown [s\open\src\hotspot\share\runtime\reflection.cpp, line 1121]
Event: 6.026 Thread 0x000001ef6e51bd00 Exception <a 'java/lang/NoSuchMethodError'{0x0000000088cb6a70}: 'void java.lang.invoke.DirectMethodHandle$Holder.invokeStatic(java.lang.Object, java.lang.Object, long)'> (0x0000000088cb6a70) 
thrown [s\open\src\hotspot\share\interpreter\linkResolver.cpp, line 759]
Event: 6.026 Thread 0x000001ef6d23e930 Exception <a 'java/lang/NoSuchMethodError'{0x0000000088bbe8f0}: 'void java.lang.invoke.DirectMethodHandle$Holder.invokeStatic(java.lang.Object, java.lang.Object, long)'> (0x0000000088bbe8f0) 
thrown [s\open\src\hotspot\share\interpreter\linkResolver.cpp, line 759]
Event: 6.026 Thread 0x000001ef6d23e420 Exception <a 'java/lang/NoSuchMethodError'{0x0000000088cedf80}: 'void java.lang.invoke.DirectMethodHandle$Holder.invokeStatic(java.lang.Object, java.lang.Object, long)'> (0x0000000088cedf80) 
thrown [s\open\src\hotspot\share\interpreter\linkResolver.cpp, line 759]
Event: 6.322 Thread 0x000001ef6b988030 Exception <a 'sun/nio/fs/WindowsException'{0x0000000087b6d3d0}> (0x0000000087b6d3d0) 
thrown [s\open\src\hotspot\share\prims\jni.cpp, line 516]
Event: 6.393 Thread 0x000001ef6b988030 Exception <a 'java/lang/IncompatibleClassChangeError'{0x0000000087683218}: Found class java.lang.Object, but interface was expected> (0x0000000087683218) 
thrown [s\open\src\hotspot\share\interpreter\linkResolver.cpp, line 826]
Event: 6.493 Thread 0x000001ef6b988030 Exception <a 'java/lang/NoSuchMethodError'{0x0000000086e39ed0}: 'java.lang.Object java.lang.invoke.DirectMethodHandle$Holder.invokeInterface(java.lang.Object, java.lang.Object, java.lang.Object, java.lang.Object)'> (0x0000000086e39ed0) 
thrown [s\open\src\hotspot\share\interpreter\linkResolver.cpp, line 759]
Event: 6.547 Thread 0x000001ef6b988030 Exception <a 'java/lang/NoSuchMethodError'{0x0000000086cf1c40}: 'void java.lang.invoke.DirectMethodHandle$Holder.invokeVirtual(java.lang.Object, java.lang.Object, long)'> (0x0000000086cf1c40) 
thrown [s\open\src\hotspot\share\interpreter\linkResolver.cpp, line 759]
Event: 6.610 Thread 0x000001ef6b988030 Implicit null exception at 0x000001ef57f30167 to 0x000001ef57f30630
Event: 6.634 Thread 0x000001ef6b988030 Exception <a 'java/lang/NoSuchMethodError'{0x0000000089a5d330}: 'java.lang.Object java.lang.invoke.Invokers$Holder.invoke_MT(java.lang.Object, java.lang.Object, java.lang.Object, java.lang.Object, java.lang.Object, java.lang.Object, java.lang.Object, java.lang.Object, java.lang.Object)'> (0x0000000089a5d330) 
thrown [s\open\src\hotspot\share\interpreter\linkResolver.cpp, line 759]
Event: 6.773 Thread 0x000001ef6b988030 Exception <a 'java/lang/NoSuchMethodError'{0x00000000892bf388}: 'java.lang.Object java.lang.invoke.DirectMethodHandle$Holder.newInvokeSpecial(java.lang.Object, java.lang.Object, int, java.lang.Object, java.lang.Object)'> (0x00000000892bf388) 
thrown [s\open\src\hotspot\share\interpreter\linkResolver.cpp, line 759]

VM Operations (20 events):
Event: 16.852 Executing VM operation: Cleanup
Event: 16.852 Executing VM operation: Cleanup done
Event: 18.865 Executing VM operation: Cleanup
Event: 18.865 Executing VM operation: Cleanup done
Event: 26.911 Executing VM operation: Cleanup
Event: 26.911 Executing VM operation: Cleanup done
Event: 36.983 Executing VM operation: Cleanup
Event: 36.983 Executing VM operation: Cleanup done
Event: 47.028 Executing VM operation: Cleanup
Event: 47.028 Executing VM operation: Cleanup done
Event: 53.080 Executing VM operation: Cleanup
Event: 53.081 Executing VM operation: Cleanup done
Event: 55.095 Executing VM operation: Cleanup
Event: 55.095 Executing VM operation: Cleanup done
Event: 56.103 Executing VM operation: Cleanup
Event: 56.103 Executing VM operation: Cleanup done
Event: 57.117 Executing VM operation: Cleanup
Event: 57.118 Executing VM operation: Cleanup done
Event: 60.094 Executing VM operation: HandshakeAllThreads
Event: 60.094 Executing VM operation: HandshakeAllThreads done

Events (20 events):
Event: 6.822 loading class com/sun/beans/introspect/ClassInfo$1 done
Event: 6.822 loading class com/sun/beans/util/Cache$Kind
Event: 6.822 loading class com/sun/beans/util/Cache$Kind done
Event: 6.822 loading class com/sun/beans/util/Cache$Kind$1
Event: 6.822 loading class com/sun/beans/util/Cache$Kind$1 done
Event: 6.822 loading class com/sun/beans/util/Cache$Kind$2
Event: 6.822 loading class com/sun/beans/util/Cache$Kind$2 done
Event: 6.822 loading class com/sun/beans/util/Cache$Kind$3
Event: 6.823 loading class com/sun/beans/util/Cache$Kind$3 done
Event: 6.823 loading class com/sun/beans/util/Cache$CacheEntry
Event: 6.823 loading class com/sun/beans/util/Cache$CacheEntry done
Event: 6.823 Thread 0x000001ef6b7dd6a0 Thread exited: 0x000001ef6b7dd6a0
Event: 6.824 Thread 0x000001ef489bc7b0 Thread exited: 0x000001ef489bc7b0
Event: 6.824 Thread 0x000001ef6cf89360 Thread added: 0x000001ef6cf89360
Event: 7.800 Thread 0x000001ef6c2f5020 Thread exited: 0x000001ef6c2f5020
Event: 7.800 Thread 0x000001ef6b2a2810 Thread exited: 0x000001ef6b2a2810
Event: 16.165 loading class java/util/concurrent/ConcurrentLinkedDeque$CLDSpliterator
Event: 16.165 loading class java/util/concurrent/ConcurrentLinkedDeque$CLDSpliterator done
Event: 56.979 loading class jdk/internal/access/foreign/MemorySegmentProxy
Event: 56.980 loading class jdk/internal/access/foreign/MemorySegmentProxy done


Dynamic libraries:
0x00007ff7ddbd0000 - 0x00007ff7ddbe0000 	C:\Program Files\Java\jdk-17\bin\java.exe
0x00007ffbd2b80000 - 0x00007ffbd2de8000 	C:\WINDOWS\SYSTEM32\ntdll.dll
0x00007ffbd0ba0000 - 0x00007ffbd0c69000 	C:\WINDOWS\System32\KERNEL32.DLL
0x00007ffbcf460000 - 0x00007ffbcf851000 	C:\WINDOWS\System32\KERNELBASE.dll
0x00007ffbcf910000 - 0x00007ffbcfa5b000 	C:\WINDOWS\System32\ucrtbase.dll
0x00007ffbab290000 - 0x00007ffbab2ab000 	C:\Program Files\Java\jdk-17\bin\VCRUNTIME140.dll
0x00007ffbc73e0000 - 0x00007ffbc73f9000 	C:\Program Files\Java\jdk-17\bin\jli.dll
0x00007ffbd0c70000 - 0x00007ffbd0d24000 	C:\WINDOWS\System32\ADVAPI32.dll
0x00007ffbd1d40000 - 0x00007ffbd1de9000 	C:\WINDOWS\System32\msvcrt.dll
0x00007ffbd0d30000 - 0x00007ffbd0dd6000 	C:\WINDOWS\System32\sechost.dll
0x00007ffbd1c20000 - 0x00007ffbd1d38000 	C:\WINDOWS\System32\RPCRT4.dll
0x00007ffbd0950000 - 0x00007ffbd0b16000 	C:\WINDOWS\System32\USER32.dll
0x00007ffbcfa60000 - 0x00007ffbcfa87000 	C:\WINDOWS\System32\win32u.dll
0x00007ffbae1b0000 - 0x00007ffbae443000 	C:\WINDOWS\WinSxS\amd64_microsoft.windows.common-controls_6595b64144ccf1df_6.0.26100.7824_none_3e0870b2e3345462\COMCTL32.dll
0x00007ffbd2730000 - 0x00007ffbd275b000 	C:\WINDOWS\System32\GDI32.dll
0x00007ffbd07f0000 - 0x00007ffbd091b000 	C:\WINDOWS\System32\gdi32full.dll
0x00007ffbcfc00000 - 0x00007ffbcfca3000 	C:\WINDOWS\System32\msvcp_win.dll
0x00007ffbbf0d0000 - 0x00007ffbbf0db000 	C:\WINDOWS\SYSTEM32\VERSION.dll
0x00007ffbd1380000 - 0x00007ffbd13b1000 	C:\WINDOWS\System32\IMM32.DLL
0x00007ffbcabe0000 - 0x00007ffbcabec000 	C:\Program Files\Java\jdk-17\bin\vcruntime140_1.dll
0x00007ffbab200000 - 0x00007ffbab28e000 	C:\Program Files\Java\jdk-17\bin\msvcp140.dll
0x00007ffb4d4e0000 - 0x00007ffb4e0c0000 	C:\Program Files\Java\jdk-17\bin\server\jvm.dll
0x00007ffbd0e60000 - 0x00007ffbd0e68000 	C:\WINDOWS\System32\PSAPI.DLL
0x00007ffbaf980000 - 0x00007ffbaf98a000 	C:\WINDOWS\SYSTEM32\WSOCK32.dll
0x00007ffbc5470000 - 0x00007ffbc54a5000 	C:\WINDOWS\SYSTEM32\WINMM.dll
0x00007ffbd19b0000 - 0x00007ffbd1a24000 	C:\WINDOWS\System32\WS2_32.dll
0x00007ffbce200000 - 0x00007ffbce21b000 	C:\WINDOWS\SYSTEM32\kernel.appcore.dll
0x00007ffbc96a0000 - 0x00007ffbc96aa000 	C:\Program Files\Java\jdk-17\bin\jimage.dll
0x00007ffbcd2e0000 - 0x00007ffbcd522000 	C:\WINDOWS\SYSTEM32\DBGHELP.DLL
0x00007ffbd0ff0000 - 0x00007ffbd1376000 	C:\WINDOWS\System32\combase.dll
0x00007ffbd13c0000 - 0x00007ffbd1497000 	C:\WINDOWS\System32\OLEAUT32.dll
0x00007ffbae5f0000 - 0x00007ffbae62b000 	C:\WINDOWS\SYSTEM32\dbgcore.DLL
0x00007ffbcf860000 - 0x00007ffbcf905000 	C:\WINDOWS\System32\bcryptPrimitives.dll
0x00007ffbab180000 - 0x00007ffbab18e000 	C:\Program Files\Java\jdk-17\bin\instrument.dll
0x00007ffbab1d0000 - 0x00007ffbab1f5000 	C:\Program Files\Java\jdk-17\bin\java.dll
0x00007ffba96a0000 - 0x00007ffba9777000 	C:\Program Files\Java\jdk-17\bin\jsvml.dll
0x00007ffbd1df0000 - 0x00007ffbd2542000 	C:\WINDOWS\System32\SHELL32.dll
0x00007ffbcfa90000 - 0x00007ffbcfbfa000 	C:\WINDOWS\System32\wintypes.dll
0x00007ffbcfe30000 - 0x00007ffbd0693000 	C:\WINDOWS\System32\windows.storage.dll
0x00007ffbd1a30000 - 0x00007ffbd1b26000 	C:\WINDOWS\System32\SHCORE.dll
0x00007ffbd1940000 - 0x00007ffbd19a7000 	C:\WINDOWS\System32\shlwapi.dll
0x00007ffbcf380000 - 0x00007ffbcf3a9000 	C:\WINDOWS\SYSTEM32\profapi.dll
0x00007ffba9680000 - 0x00007ffba9698000 	C:\Program Files\Java\jdk-17\bin\zip.dll
0x00007ffbab1b0000 - 0x00007ffbab1c9000 	C:\Program Files\Java\jdk-17\bin\net.dll
0x00007ffbc8920000 - 0x00007ffbc8a47000 	C:\WINDOWS\SYSTEM32\WINHTTP.dll
0x00007ffbce770000 - 0x00007ffbce7db000 	C:\WINDOWS\system32\mswsock.dll
0x00007ffbab190000 - 0x00007ffbab1a6000 	C:\Program Files\Java\jdk-17\bin\nio.dll
0x00007ffba9660000 - 0x00007ffba966a000 	C:\Program Files\Java\jdk-17\bin\management.dll
0x00007ffba9650000 - 0x00007ffba965b000 	C:\Program Files\Java\jdk-17\bin\management_ext.dll
0x00007ffba9670000 - 0x00007ffba967e000 	C:\Program Files\Java\jdk-17\bin\sunmscapi.dll
0x00007ffbcfcb0000 - 0x00007ffbcfe27000 	C:\WINDOWS\System32\CRYPT32.dll
0x00007ffbcec60000 - 0x00007ffbcec90000 	C:\WINDOWS\SYSTEM32\ncrypt.dll
0x00007ffbcec10000 - 0x00007ffbcec4f000 	C:\WINDOWS\SYSTEM32\NTASN1.dll
0x00007ffbcea40000 - 0x00007ffbcea5b000 	C:\WINDOWS\SYSTEM32\CRYPTSP.dll
0x00007ffbce160000 - 0x00007ffbce199000 	C:\WINDOWS\system32\rsaenh.dll
0x00007ffbce820000 - 0x00007ffbce84b000 	C:\WINDOWS\SYSTEM32\USERENV.dll
0x00007ffbcf350000 - 0x00007ffbcf37a000 	C:\WINDOWS\SYSTEM32\bcrypt.dll
0x00007ffbcea60000 - 0x00007ffbcea6c000 	C:\WINDOWS\SYSTEM32\CRYPTBASE.dll
0x00007ffbcdc20000 - 0x00007ffbcdc54000 	C:\WINDOWS\SYSTEM32\IPHLPAPI.DLL
0x00007ffbd0940000 - 0x00007ffbd094a000 	C:\WINDOWS\System32\NSI.dll
0x00007ffbc94d0000 - 0x00007ffbc94ee000 	C:\WINDOWS\SYSTEM32\dhcpcsvc6.DLL
0x00007ffbc92f0000 - 0x00007ffbc9313000 	C:\WINDOWS\SYSTEM32\dhcpcsvc.DLL
0x00007ffbcdcc0000 - 0x00007ffbcddec000 	C:\WINDOWS\SYSTEM32\DNSAPI.dll
0x00007ffbc71e0000 - 0x00007ffbc71eb000 	C:\Windows\System32\rasadhlp.dll
0x00007ffbc97e0000 - 0x00007ffbc9866000 	C:\WINDOWS\System32\fwpuclnt.dll
0x00007ffba5780000 - 0x00007ffba5788000 	C:\WINDOWS\system32\wshunix.dll

dbghelp: loaded successfully - version: 4.0.5 - missing functions: none
symbol engine: initialized successfully - sym options: 0x614 - pdb path: .;C:\Program Files\Java\jdk-17\bin;C:\WINDOWS\SYSTEM32;C:\WINDOWS\WinSxS\amd64_microsoft.windows.common-controls_6595b64144ccf1df_6.0.26100.7824_none_3e0870b2e3345462;C:\Program Files\Java\jdk-17\bin\server

VM Arguments:
jvm_args: -javaagent:C:\Program Files\JetBrains\IntelliJ IDEA Community Edition 2025.2.6.1\lib\idea_rt.jar=60164 -Dfile.encoding=UTF-8 
java_command: com.ovr.oceanview_reservation_api.OceanviewReservationApiApplication
java_class_path (initial): C:\Users\HP\Desktop\Assignments\Nadil\AP\ocean_view_resort\oceanview-reservation-api\target\classes;C:\Users\HP\.m2\repository\org\springframework\boot\spring-boot-starter-web\3.4.3\spring-boot-starter-web-3.4.3.jar;C:\Users\HP\.m2\repository\org\springframework\boot\spring-boot-starter\3.4.3\spring-boot-starter-3.4.3.jar;C:\Users\HP\.m2\repository\org\springframework\boot\spring-boot-starter-logging\3.4.3\spring-boot-starter-logging-3.4.3.jar;C:\Users\HP\.m2\repository\ch\qos\logback\logback-classic\1.5.16\logback-classic-1.5.16.jar;C:\Users\HP\.m2\repository\ch\qos\logback\logback-core\1.5.16\logback-core-1.5.16.jar;C:\Users\HP\.m2\repository\org\apache\logging\log4j\log4j-to-slf4j\2.24.3\log4j-to-slf4j-2.24.3.jar;C:\Users\HP\.m2\repository\org\apache\logging\log4j\log4j-api\2.24.3\log4j-api-2.24.3.jar;C:\Users\HP\.m2\repository\org\slf4j\jul-to-slf4j\2.0.16\jul-to-slf4j-2.0.16.jar;C:\Users\HP\.m2\repository\jakarta\annotation\jakarta.annotation-api\2.1.1\jakarta.annotation-api-2.1.1.jar;C:\Users\HP\.m2\repository\org\yaml\snakeyaml\2.3\snakeyaml-2.3.jar;C:\Users\HP\.m2\repository\org\springframework\boot\spring-boot-starter-json\3.4.3\spring-boot-starter-json-3.4.3.jar;C:\Users\HP\.m2\repository\com\fasterxml\jackson\datatype\jackson-datatype-jdk8\2.18.2\jackson-datatype-jdk8-2.18.2.jar;C:\Users\HP\.m2\repository\com\fasterxml\jackson\datatype\jackson-datatype-jsr310\2.18.2\jackson-datatype-jsr310-2.18.2.jar;C:\Users\HP\.m2\repository\com\fasterxml\jackson\module\jackson-module-parameter-names\2.18.2\jackson-module-parameter-names-2.18.2.jar;C:\Users\HP\.m2\repository\org\springframework\boot\spring-boot-starter-tomcat\3.4.3\spring-boot-starter-tomcat-3.4.3.jar;C:\Users\HP\.m2\repository\org\apache\tomcat\embed\tomcat-embed-core\10.1.36\tomcat-embed-core-10.1.36.jar;C:\Users\HP\.m2\repository\org\apache\tomcat\embed\tomcat-embed-websocket\10.1.36\tomcat-embed-websocket-10.1.36.jar;C:\Users\HP\.m2\repository\org\springframework\spring-
Launcher Type: SUN_STANDARD

[Global flags]
     intx CICompilerCount                          = 4                                         {product} {ergonomic}
     uint ConcGCThreads                            = 2                                         {product} {ergonomic}
     uint G1ConcRefinementThreads                  = 8                                         {product} {ergonomic}
   size_t G1HeapRegionSize                         = 1048576                                   {product} {ergonomic}
    uintx GCDrainStackTargetSize                   = 64                                        {product} {ergonomic}
   size_t InitialHeapSize                          = 130023424                                 {product} {ergonomic}
   size_t MarkStackSize                            = 4194304                                   {product} {ergonomic}
   size_t MaxHeapSize                              = 2080374784                                {product} {ergonomic}
   size_t MaxNewSize                               = 1247805440                                {product} {ergonomic}
   size_t MinHeapDeltaBytes                        = 1048576                                   {product} {ergonomic}
   size_t MinHeapSize                              = 8388608                                   {product} {ergonomic}
    uintx NonNMethodCodeHeapSize                   = 5839372                                {pd product} {ergonomic}
    uintx NonProfiledCodeHeapSize                  = 122909434                              {pd product} {ergonomic}
    uintx ProfiledCodeHeapSize                     = 122909434                              {pd product} {ergonomic}
    uintx ReservedCodeCacheSize                    = 251658240                              {pd product} {ergonomic}
     bool SegmentedCodeCache                       = true                                      {product} {ergonomic}
   size_t SoftMaxHeapSize                          = 2080374784                             {manageable} {ergonomic}
     bool UseCompressedClassPointers               = true                           {product lp64_product} {ergonomic}
     bool UseCompressedOops                        = true                           {product lp64_product} {ergonomic}
     bool UseG1GC                                  = true                                      {product} {ergonomic}
     bool UseLargePagesIndividualAllocation        = false                                  {pd product} {ergonomic}

Logging:
Log output configuration:
 #0: stdout all=warning uptime,level,tags
 #1: stderr all=off uptime,level,tags

Environment Variables:
JAVA_HOME=C:\Program Files\Java\jdk-17
PATH=C:\Program Files\Apache Maven\apache-maven-3.9.9\bin;C:\Program Files\Common Files\Oracle\Java\javapath;C:\Program Files (x86)\Common Files\Oracle\Java\java8path;C:\Program Files (x86)\Common Files\Oracle\Java\javapath;C:\WINDOWS\system32;C:\WINDOWS;C:\WINDOWS\System32\Wbem;C:\WINDOWS\System32\WindowsPowerShell\v1.0\;C:\WINDOWS\System32\OpenSSH\;C:\ProgramData\chocolatey\bin;C:\Program Files\dotnet\;D:\Git\cmd;C:\Program Files\Microsoft SQL Server\150\Tools\Binn\;C:\Program Files\Microsoft SQL Server\Client SDK\ODBC\170\Tools\Binn\;C:\Program Files (x86)\Microsoft SQL Server\160\Tools\Binn\;C:\Program Files\Microsoft SQL Server\160\Tools\Binn\;C:\Program Files\Microsoft SQL Server\160\DTS\Binn\;C:\Program Files\Azure Data Studio\bin;C:\Program Files\Apache;C:\Program Files\Apache Maven\apache-maven-3.9.9\\bin;C:\Program Files\Java\jdk-17\bin;C:\Program Files\nodejs\;C:\PHP\;C:\Program Files\Apache Maven\apache-maven-3.9.9\bin;C:\Program Files\Common Files\Oracle\Java\javapath;C:\WINDOWS\system32;C:\WINDOWS;C:\WINDOWS\System32\Wbem;C:\WINDOWS\System32\WindowsPowerShell\v1.0\;C:\WINDOWS\System32\OpenSSH\;C:\ProgramData\chocolatey\bin;C:\Program Files\dotnet\;D:\Git\cmd;C:\Program Files\Microsoft SQL Server\150\Tools\Binn\;C:\Program Files\Microsoft SQL Server\130\Tools\Binn\;C:\Program Files\Microsoft SQL Server\Client SDK\ODBC\170\Tools\Binn\;C:\Program Files (x86)\Microsoft SQL Server\160\Tools\Binn\;C:\Program Files\Microsoft SQL Server\160\Tools\Binn\;C:\Program Files\Microsoft SQL Server\160\DTS\Binn\;C:\Program Files (x86)\Microsoft SQL Server\160\DTS\Binn\;C:\Program Files\Azure Data Studio\bin;C:\Program Files\nodejs\;C:\Program Files\Apache\maven\bin;C:\Users\HP\AppData\Local\Programs\Python\Python312\Scripts\;C:\Users\HP\AppData\Local\Programs\Python\Python312\;C:\Users\HP\AppData\Local\Programs\Python\Launcher\;C:\Users\HP\AppData\Local\Microsoft\WindowsApps;D:\Microsoft VS Code\bin;C:\Users\HP\AppData\Local\GitHubDesktop;C:\Users\HP\AppData\Roaming\npm;C
USERNAME=HP
OS=Windows_NT
PROCESSOR_IDENTIFIER=Intel64 Family 6 Model 140 Stepping 1, GenuineIntel



---------------  S Y S T E M  ---------------

OS:
 Windows 11 , 64 bit Build 26100 (10.0.26100.7705)
OS uptime: 0 days 4:40 hours
Hyper-V role detected

CPU: total 8 (initial active 8) (4 cores per cpu, 2 threads per core) family 6 model 140 stepping 1 microcode 0xac, cx8, cmov, fxsr, ht, mmx, 3dnowpref, sse, sse2, sse3, ssse3, sse4.1, sse4.2, popcnt, lzcnt, tsc, tscinvbit, avx, avx2, aes, erms, clmul, bmi1, bmi2, adx, avx512f, avx512dq, avx512cd, avx512bw, avx512vl, sha, fma, vzeroupper, avx512_vpopcntdq, avx512_vpclmulqdq, avx512_vaes, avx512_vnni, clflush, clflushopt, clwb, avx512_vbmi2, avx512_vbmi, hv

Memory: 4k page, system-wide physical 7932M (1355M free)
TotalPageFile size 14076M (AvailPageFile size 722M)
current process WorkingSet (physical memory assigned to process): 100M, peak: 294M
current process commit charge ("private bytes"): 266M, peak: 333M

vm_info: Java HotSpot(TM) 64-Bit Server VM (17.0.11+7-LTS-207) for windows-amd64 JRE (17.0.11+7-LTS-207), built on Mar 11 2024 19:01:50 by "mach5one" with MS VC++ 17.6 (VS2022)

END.
