#
# There is insufficient memory for the Java Runtime Environment to continue.
# Native memory allocation (malloc) failed to allocate 1048576 bytes for AllocateHeap
# Possible reasons:
#   The system is out of physical RAM or swap space
#   The process is running with CompressedOops enabled, and the Java Heap may be blocking the growth of the native heap
# Possible solutions:
#   Reduce memory load on the system
#   Increase physical memory or swap space
#   Check if swap backing store is full
#   Decrease Java heap size (-Xmx/-Xms)
#   Decrease number of Java threads
#   Decrease Java thread stack sizes (-Xss)
#   Set larger code cache with -XX:ReservedCodeCacheSize=
#   JVM is running with Unscaled Compressed Oops mode in which the Java heap is
#     placed in the first 4GB address space. The Java Heap base address is the
#     maximum limit for the native heap growth. Please use -XX:HeapBaseMinAddress
#     to set the Java Heap base and to place the Java Heap above 4GB virtual address.
# This output file may be truncated or incomplete.
#
#  Out of Memory Error (allocation.cpp:44), pid=2396, tid=6072
#
# JRE version: Java(TM) SE Runtime Environment (17.0.11+7) (build 17.0.11+7-LTS-207)
# Java VM: Java HotSpot(TM) 64-Bit Server VM (17.0.11+7-LTS-207, mixed mode, sharing, tiered, compressed oops, compressed class ptrs, g1 gc, windows-amd64)
# No core dump will be written. Minidumps are not enabled by default on client versions of Windows
#

---------------  S U M M A R Y ------------

Command Line: -javaagent:C:\Program Files\JetBrains\IntelliJ IDEA Community Edition 2025.2.6.1\lib\idea_rt.jar=53881 -Dfile.encoding=UTF-8 com.ovr.oceanview_reservation_api.OceanviewReservationApiApplication

Host: 11th Gen Intel(R) Core(TM) i5-1135G7 @ 2.40GHz, 8 cores, 7G,  Windows 11 , 64 bit Build 26100 (10.0.26100.7705)
Time: Wed Mar  4 09:40:47 2026 Sri Lanka Standard Time elapsed time: 1129.911240 seconds (0d 0h 18m 49s)

---------------  T H R E A D  ---------------

Current thread (0x0000025c7f105c10):  VMThread "VM Thread" [stack: 0x000000c5bf100000,0x000000c5bf200000] [id=6072]

Stack: [0x000000c5bf100000,0x000000c5bf200000]
Native frames: (J=compiled Java code, j=interpreted, Vv=VM code, C=native code)
V  [jvm.dll+0x679cca]
V  [jvm.dll+0x7da13d]
V  [jvm.dll+0x7dba83]
V  [jvm.dll+0x7dc0f3]
V  [jvm.dll+0x2449af]
V  [jvm.dll+0xa5e73]
V  [jvm.dll+0x2f2af3]
V  [jvm.dll+0x2eea70]
V  [jvm.dll+0x2d7207]
V  [jvm.dll+0x31a027]
V  [jvm.dll+0x7e09eb]
V  [jvm.dll+0x7e1724]
V  [jvm.dll+0x7e1c3d]
V  [jvm.dll+0x7e2014]
V  [jvm.dll+0x7e20e0]
V  [jvm.dll+0x78a85a]
V  [jvm.dll+0x678bb5]
C  [ucrtbase.dll+0x37b0]
C  [KERNEL32.DLL+0x2e8d7]
C  [ntdll.dll+0x8c40c]

VM_Operation (0x000000c5be8fee50): G1CollectFull, mode: safepoint, requested by thread 0x0000025c6164cfd0


---------------  P R O C E S S  ---------------

Threads class SMR info:
_java_thread_list=0x0000025c65279c40, length=17, elements={
0x0000025c7f10b6c0, 0x0000025c7f10c280, 0x0000025c7f11f720, 0x0000025c7f11fff0,
0x0000025c7f121cd0, 0x0000025c7f1225a0, 0x0000025c7f123250, 0x0000025c7f139130,
0x0000025c7f144a70, 0x0000025c1a8f7c20, 0x0000025c1aaefe90, 0x0000025c1aaf0370,
0x0000025c62376d10, 0x0000025c62378660, 0x0000025c6423a300, 0x0000025c64240330,
0x0000025c6164cfd0
}

Java Threads: ( => current thread )
  0x0000025c7f10b6c0 JavaThread "Reference Handler" daemon [_thread_blocked, id=12584, stack(0x000000c5bf200000,0x000000c5bf300000)]
  0x0000025c7f10c280 JavaThread "Finalizer" daemon [_thread_blocked, id=11580, stack(0x000000c5bf300000,0x000000c5bf400000)]
  0x0000025c7f11f720 JavaThread "Signal Dispatcher" daemon [_thread_blocked, id=9928, stack(0x000000c5bf400000,0x000000c5bf500000)]
  0x0000025c7f11fff0 JavaThread "Attach Listener" daemon [_thread_blocked, id=8292, stack(0x000000c5bf500000,0x000000c5bf600000)]
  0x0000025c7f121cd0 JavaThread "Service Thread" daemon [_thread_blocked, id=7968, stack(0x000000c5bf600000,0x000000c5bf700000)]
  0x0000025c7f1225a0 JavaThread "Monitor Deflation Thread" daemon [_thread_blocked, id=1324, stack(0x000000c5bf700000,0x000000c5bf800000)]
  0x0000025c7f123250 JavaThread "C2 CompilerThread0" daemon [_thread_blocked, id=6404, stack(0x000000c5bf800000,0x000000c5bf900000)]
  0x0000025c7f139130 JavaThread "C1 CompilerThread0" daemon [_thread_blocked, id=10152, stack(0x000000c5bf900000,0x000000c5bfa00000)]
  0x0000025c7f144a70 JavaThread "Sweeper thread" daemon [_thread_blocked, id=14764, stack(0x000000c5bfa00000,0x000000c5bfb00000)]
  0x0000025c1a8f7c20 JavaThread "Common-Cleaner" daemon [_thread_blocked, id=2116, stack(0x000000c5bfb00000,0x000000c5bfc00000)]
  0x0000025c1aaefe90 JavaThread "Monitor Ctrl-Break" daemon [_thread_in_native, id=11740, stack(0x000000c5bfd00000,0x000000c5bfe00000)]
  0x0000025c1aaf0370 JavaThread "Notification Thread" daemon [_thread_blocked, id=14704, stack(0x000000c5bfe00000,0x000000c5bff00000)]
  0x0000025c62376d10 JavaThread "Thread-4" daemon [_thread_in_native, id=10248, stack(0x000000c5c0b00000,0x000000c5c0c00000)]
  0x0000025c62378660 JavaThread "BufferPoolPruner-1-thread-1" daemon [_thread_blocked, id=14140, stack(0x000000c5c0c00000,0x000000c5c0d00000)]
  0x0000025c6423a300 JavaThread "Live Reload Server" daemon [_thread_in_native, id=15228, stack(0x000000c5c1500000,0x000000c5c1600000)]
  0x0000025c64240330 JavaThread "DestroyJavaVM" [_thread_blocked, id=1068, stack(0x000000c5beb00000,0x000000c5bec00000)]
  0x0000025c6164cfd0 JavaThread "Thread-5" [_thread_blocked, id=6952, stack(0x000000c5be800000,0x000000c5be900000)]

Other Threads:
=>0x0000025c7f105c10 VMThread "VM Thread" [stack: 0x000000c5bf100000,0x000000c5bf200000] [id=6072]
  0x0000025c7b8fd960 WatcherThread [stack: 0x000000c5bff00000,0x000000c5c0000000] [id=2372]
  0x0000025c7b8c6b30 GCTaskThread "GC Thread#0" [stack: 0x000000c5bec00000,0x000000c5bed00000] [id=9356]
  0x0000025c6052e430 GCTaskThread "GC Thread#1" [stack: 0x000000c5c0200000,0x000000c5c0300000] [id=6868]
  0x0000025c6062bca0 GCTaskThread "GC Thread#2" [stack: 0x000000c5c0300000,0x000000c5c0400000] [id=6588]
  0x0000025c6062bf60 GCTaskThread "GC Thread#3" [stack: 0x000000c5c0400000,0x000000c5c0500000] [id=13548]
  0x0000025c6062c630 GCTaskThread "GC Thread#4" [stack: 0x000000c5c0500000,0x000000c5c0600000] [id=10696]
  0x0000025c60639030 GCTaskThread "GC Thread#5" [stack: 0x000000c5c0600000,0x000000c5c0700000] [id=13804]
  0x0000025c606387f0 GCTaskThread "GC Thread#6" [stack: 0x000000c5c0800000,0x000000c5c0900000] [id=8952]
  0x0000025c60637cf0 GCTaskThread "GC Thread#7" [stack: 0x000000c5c0900000,0x000000c5c0a00000] [id=12472]
  0x0000025c7b8d7f50 ConcurrentGCThread "G1 Main Marker" [stack: 0x000000c5bed00000,0x000000c5bee00000] [id=13916]
  0x0000025c7b8d8960 ConcurrentGCThread "G1 Conc#0" [stack: 0x000000c5bee00000,0x000000c5bef00000] [id=8916]
  0x0000025c60637770 ConcurrentGCThread "G1 Conc#1" [stack: 0x000000c5c0700000,0x000000c5c0800000] [id=10540]
  0x0000025c7efb34d0 ConcurrentGCThread "G1 Refine#0" [stack: 0x000000c5bef00000,0x000000c5bf000000] [id=7812]
  0x0000025c7b92bdf0 ConcurrentGCThread "G1 Service" [stack: 0x000000c5bf000000,0x000000c5bf100000] [id=15960]

Threads with active compile tasks:
C1 CompilerThread0  1129964 7473  s    3       org.apache.catalina.util.LifecycleBase::setStateInternal (144 bytes)

VM state: at safepoint (normal execution)

VM Mutex/Monitor currently owned by a thread:  ([mutex/lock_event])
[0x0000025c7b868ca0] Threads_lock - owner thread: 0x0000025c7f105c10
[0x0000025c7b868e50] Heap_lock - owner thread: 0x0000025c6164cfd0

Heap address: 0x0000000084000000, size: 1984 MB, Compressed Oops mode: 32-bit

CDS archive(s) mapped at: [0x0000025c1b000000-0x0000025c1bbd0000-0x0000025c1bbd0000), size 12386304, SharedBaseAddress: 0x0000025c1b000000, ArchiveRelocationMode: 1.
Compressed class space mapped at: 0x0000025c1c000000-0x0000025c5c000000, reserved size: 1073741824
Narrow klass base: 0x0000025c1b000000, Narrow klass shift: 0, Narrow klass range: 0x100000000

GC Precious Log:
 CPUs: 8 total, 8 available
 Memory: 7932M
 Large Page Support: Disabled
 NUMA Support: Disabled
 Compressed Oops: Enabled (32-bit)
 Heap Region Size: 1M
 Heap Min Capacity: 8M
 Heap Initial Capacity: 124M
 Heap Max Capacity: 1984M
 Pre-touch: Disabled
 Parallel Workers: 8
 Concurrent Workers: 2
 Concurrent Refinement Workers: 8
 Periodic GC: Disabled

Heap:
 garbage-first heap   total 65536K, used 33258K [0x0000000084000000, 0x0000000100000000)
  region size 1024K, 8 young (8192K), 2 survivors (2048K)
 Metaspace       used 56531K, committed 57088K, reserved 1114112K
  class space    used 7504K, committed 7744K, reserved 1048576K

Heap Regions: E=young(eden), S=young(survivor), O=old, HS=humongous(starts), HC=humongous(continues), CS=collection set, F=free, OA=open archive, CA=closed archive, TAMS=top-at-mark-start (previous, next)
|   0|0x0000000084000000, 0x0000000084100000, 0x0000000084100000|100%| O|  |TAMS 0x0000000084100000, 0x0000000084000000| Untracked 
|   1|0x0000000084100000, 0x0000000084200000, 0x0000000084200000|100%| O|  |TAMS 0x0000000084200000, 0x0000000084100000| Untracked 
|   2|0x0000000084200000, 0x0000000084300000, 0x0000000084300000|100%| O|  |TAMS 0x0000000084300000, 0x0000000084200000| Untracked 
|   3|0x0000000084300000, 0x0000000084400000, 0x0000000084400000|100%| O|  |TAMS 0x0000000084400000, 0x0000000084300000| Untracked 
|   4|0x0000000084400000, 0x0000000084500000, 0x0000000084500000|100%| O|  |TAMS 0x0000000084500000, 0x0000000084400000| Untracked 
|   5|0x0000000084500000, 0x0000000084600000, 0x0000000084600000|100%| O|  |TAMS 0x0000000084600000, 0x0000000084500000| Untracked 
|   6|0x0000000084600000, 0x0000000084700000, 0x0000000084700000|100%| O|  |TAMS 0x0000000084700000, 0x0000000084600000| Untracked 
|   7|0x0000000084700000, 0x0000000084800000, 0x0000000084800000|100%| O|  |TAMS 0x0000000084800000, 0x0000000084700000| Untracked 
|   8|0x0000000084800000, 0x0000000084900000, 0x0000000084900000|100%| O|  |TAMS 0x0000000084900000, 0x0000000084800000| Untracked 
|   9|0x0000000084900000, 0x0000000084a00000, 0x0000000084a00000|100%| O|  |TAMS 0x0000000084a00000, 0x0000000084900000| Untracked 
|  10|0x0000000084a00000, 0x0000000084b00000, 0x0000000084b00000|100%| O|  |TAMS 0x0000000084b00000, 0x0000000084a00000| Untracked 
|  11|0x0000000084b00000, 0x0000000084c00000, 0x0000000084c00000|100%| O|  |TAMS 0x0000000084c00000, 0x0000000084b00000| Untracked 
|  12|0x0000000084c00000, 0x0000000084d00000, 0x0000000084d00000|100%| O|  |TAMS 0x0000000084d00000, 0x0000000084c00000| Untracked 
|  13|0x0000000084d00000, 0x0000000084e00000, 0x0000000084e00000|100%| O|  |TAMS 0x0000000084e00000, 0x0000000084d00000| Untracked 
|  14|0x0000000084e00000, 0x0000000084e66e00, 0x0000000084f00000| 40%| O|  |TAMS 0x0000000084e66e00, 0x0000000084e00000| Untracked 
|  15|0x0000000084f00000, 0x0000000085000000, 0x0000000085000000|100%| O|  |TAMS 0x0000000084f00000, 0x0000000084f00000| Untracked 
|  16|0x0000000085000000, 0x0000000085100000, 0x0000000085100000|100%| O|  |TAMS 0x0000000085000000, 0x0000000085000000| Untracked 
|  17|0x0000000085100000, 0x0000000085200000, 0x0000000085200000|100%| O|  |TAMS 0x0000000085100000, 0x0000000085100000| Untracked 
|  18|0x0000000085200000, 0x0000000085300000, 0x0000000085300000|100%| O|  |TAMS 0x0000000085200000, 0x0000000085200000| Untracked 
|  19|0x0000000085300000, 0x0000000085400000, 0x0000000085400000|100%| O|  |TAMS 0x0000000085300000, 0x0000000085300000| Untracked 
|  20|0x0000000085400000, 0x0000000085500000, 0x0000000085500000|100%| O|  |TAMS 0x0000000085400000, 0x0000000085400000| Untracked 
|  21|0x0000000085500000, 0x0000000085600000, 0x0000000085600000|100%| O|  |TAMS 0x0000000085500000, 0x0000000085500000| Untracked 
|  22|0x0000000085600000, 0x0000000085700000, 0x0000000085700000|100%| O|  |TAMS 0x0000000085600000, 0x0000000085600000| Untracked 
|  23|0x0000000085700000, 0x0000000085800000, 0x0000000085800000|100%| O|  |TAMS 0x0000000085700000, 0x0000000085700000| Untracked 
|  24|0x0000000085800000, 0x0000000085900000, 0x0000000085900000|100%| O|  |TAMS 0x0000000085800000, 0x0000000085800000| Untracked 
|  25|0x0000000085900000, 0x00000000859c1c00, 0x0000000085a00000| 75%| O|  |TAMS 0x0000000085900000, 0x0000000085900000| Untracked 
|  26|0x0000000085a00000, 0x0000000085b00000, 0x0000000085b00000|100%| O|  |TAMS 0x0000000085a00000, 0x0000000085a00000| Untracked 
|  27|0x0000000085b00000, 0x0000000085b00000, 0x0000000085c00000|  0%| F|  |TAMS 0x0000000085b00000, 0x0000000085b00000| Untracked 
|  28|0x0000000085c00000, 0x0000000085c00000, 0x0000000085d00000|  0%| F|  |TAMS 0x0000000085c00000, 0x0000000085c00000| Untracked 
|  29|0x0000000085d00000, 0x0000000085d00000, 0x0000000085e00000|  0%| F|  |TAMS 0x0000000085d00000, 0x0000000085d00000| Untracked 
|  30|0x0000000085e00000, 0x0000000085e00000, 0x0000000085f00000|  0%| F|  |TAMS 0x0000000085e00000, 0x0000000085e00000| Untracked 
|  31|0x0000000085f00000, 0x0000000085f00000, 0x0000000086000000|  0%| F|  |TAMS 0x0000000085f00000, 0x0000000085f00000| Untracked 
|  32|0x0000000086000000, 0x0000000086000000, 0x0000000086100000|  0%| F|  |TAMS 0x0000000086000000, 0x0000000086000000| Untracked 
|  33|0x0000000086100000, 0x0000000086100000, 0x0000000086200000|  0%| F|  |TAMS 0x0000000086100000, 0x0000000086100000| Untracked 
|  34|0x0000000086200000, 0x0000000086200000, 0x0000000086300000|  0%| F|  |TAMS 0x0000000086200000, 0x0000000086200000| Untracked 
|  35|0x0000000086300000, 0x0000000086352170, 0x0000000086400000| 32%| S|CS|TAMS 0x0000000086300000, 0x0000000086300000| Complete 
|  36|0x0000000086400000, 0x0000000086400000, 0x0000000086500000|  0%| F|  |TAMS 0x0000000086400000, 0x0000000086400000| Untracked 
|  37|0x0000000086500000, 0x0000000086500000, 0x0000000086600000|  0%| F|  |TAMS 0x0000000086500000, 0x0000000086500000| Untracked 
|  38|0x0000000086600000, 0x0000000086700000, 0x0000000086700000|100%| S|CS|TAMS 0x0000000086600000, 0x0000000086600000| Complete 
|  39|0x0000000086700000, 0x0000000086700000, 0x0000000086800000|  0%| F|  |TAMS 0x0000000086700000, 0x0000000086700000| Untracked 
|  40|0x0000000086800000, 0x0000000086800000, 0x0000000086900000|  0%| F|  |TAMS 0x0000000086800000, 0x0000000086800000| Untracked 
|  41|0x0000000086900000, 0x0000000086900000, 0x0000000086a00000|  0%| F|  |TAMS 0x0000000086900000, 0x0000000086900000| Untracked 
|  42|0x0000000086a00000, 0x0000000086a00000, 0x0000000086b00000|  0%| F|  |TAMS 0x0000000086a00000, 0x0000000086a00000| Untracked 
|  43|0x0000000086b00000, 0x0000000086b00000, 0x0000000086c00000|  0%| F|  |TAMS 0x0000000086b00000, 0x0000000086b00000| Untracked 
|  44|0x0000000086c00000, 0x0000000086c00000, 0x0000000086d00000|  0%| F|  |TAMS 0x0000000086c00000, 0x0000000086c00000| Untracked 
|  45|0x0000000086d00000, 0x0000000086d00000, 0x0000000086e00000|  0%| F|  |TAMS 0x0000000086d00000, 0x0000000086d00000| Untracked 
|  46|0x0000000086e00000, 0x0000000086e00000, 0x0000000086f00000|  0%| F|  |TAMS 0x0000000086e00000, 0x0000000086e00000| Untracked 
|  47|0x0000000086f00000, 0x0000000086f00000, 0x0000000087000000|  0%| F|  |TAMS 0x0000000086f00000, 0x0000000086f00000| Untracked 
|  48|0x0000000087000000, 0x0000000087000000, 0x0000000087100000|  0%| F|  |TAMS 0x0000000087000000, 0x0000000087000000| Untracked 
|  49|0x0000000087100000, 0x0000000087100000, 0x0000000087200000|  0%| F|  |TAMS 0x0000000087100000, 0x0000000087100000| Untracked 
|  50|0x0000000087200000, 0x0000000087200000, 0x0000000087300000|  0%| F|  |TAMS 0x0000000087200000, 0x0000000087200000| Untracked 
|  51|0x0000000087300000, 0x0000000087300000, 0x0000000087400000|  0%| F|  |TAMS 0x0000000087300000, 0x0000000087300000| Untracked 
|  52|0x0000000087400000, 0x0000000087400000, 0x0000000087500000|  0%| F|  |TAMS 0x0000000087400000, 0x0000000087400000| Untracked 
|  53|0x0000000087500000, 0x0000000087500000, 0x0000000087600000|  0%| F|  |TAMS 0x0000000087500000, 0x0000000087500000| Untracked 
|  54|0x0000000087600000, 0x0000000087600000, 0x0000000087700000|  0%| F|  |TAMS 0x0000000087600000, 0x0000000087600000| Untracked 
|  55|0x0000000087700000, 0x0000000087700000, 0x0000000087800000|  0%| F|  |TAMS 0x0000000087700000, 0x0000000087700000| Untracked 
|  56|0x0000000087800000, 0x0000000087800000, 0x0000000087900000|  0%| F|  |TAMS 0x0000000087800000, 0x0000000087800000| Untracked 
|  57|0x0000000087900000, 0x0000000087900000, 0x0000000087a00000|  0%| F|  |TAMS 0x0000000087900000, 0x0000000087900000| Untracked 
|  58|0x0000000087a00000, 0x0000000087a9b168, 0x0000000087b00000| 60%| E|  |TAMS 0x0000000087a00000, 0x0000000087a00000| Complete 
|  59|0x0000000087b00000, 0x0000000087c00000, 0x0000000087c00000|100%| E|CS|TAMS 0x0000000087b00000, 0x0000000087b00000| Complete 
|  63|0x0000000087f00000, 0x0000000088000000, 0x0000000088000000|100%| E|CS|TAMS 0x0000000087f00000, 0x0000000087f00000| Complete 
|  64|0x0000000088000000, 0x0000000088100000, 0x0000000088100000|100%| E|CS|TAMS 0x0000000088000000, 0x0000000088000000| Complete 
|  65|0x0000000088100000, 0x0000000088200000, 0x0000000088200000|100%| E|CS|TAMS 0x0000000088100000, 0x0000000088100000| Complete 
| 123|0x000000008bb00000, 0x000000008bc00000, 0x000000008bc00000|100%| E|CS|TAMS 0x000000008bb00000, 0x000000008bb00000| Complete 

Card table byte_map: [0x0000025c7c040000,0x0000025c7c420000] _byte_map_base: 0x0000025c7bc20000

Marking Bits (Prev, Next): (CMBitMap*) 0x0000025c7b8c7190, (CMBitMap*) 0x0000025c7b8c7150
 Prev Bits: [0x0000025c167f0000, 0x0000025c186f0000)
 Next Bits: [0x0000025c7c800000, 0x0000025c7e700000)

Polling page: 0x0000025c799a0000

Metaspace:

Usage:
  Non-class:     47.88 MB used.
      Class:      7.33 MB used.
       Both:     55.21 MB used.

Virtual space:
  Non-class space:       64.00 MB reserved,      48.19 MB ( 75%) committed,  1 nodes.
      Class space:        1.00 GB reserved,       7.56 MB ( <1%) committed,  1 nodes.
             Both:        1.06 GB reserved,      55.75 MB (  5%) committed. 

Chunk freelists:
   Non-Class:  15.17 MB
       Class:  8.45 MB
        Both:  23.62 MB

MaxMetaspaceSize: unlimited
CompressedClassSpaceSize: 1.00 GB
Initial GC threshold: 21.00 MB
Current GC threshold: 70.94 MB
CDS: on
MetaspaceReclaimPolicy: balanced
 - commit_granule_bytes: 65536.
 - commit_granule_words: 8192.
 - virtual_space_node_default_size: 8388608.
 - enlarge_chunks_in_place: 1.
 - new_chunks_are_fully_committed: 0.
 - uncommit_free_chunks: 1.
 - use_allocation_guard: 0.
 - handle_deallocations: 1.


Internal statistics:

num_allocs_failed_limit: 9.
num_arena_births: 784.
num_arena_deaths: 0.
num_vsnodes_births: 2.
num_vsnodes_deaths: 0.
num_space_committed: 892.
num_space_uncommitted: 0.
num_chunks_returned_to_freelist: 9.
num_chunks_taken_from_freelist: 2813.
num_chunk_merges: 6.
num_chunk_splits: 1901.
num_chunks_enlarged: 1387.
num_inconsistent_stats: 0.

CodeHeap 'non-profiled nmethods': size=120000Kb used=4452Kb max_used=4452Kb free=115547Kb
 bounds [0x0000025c0f2c0000, 0x0000025c0f720000, 0x0000025c167f0000]
CodeHeap 'profiled nmethods': size=120000Kb used=12995Kb max_used=12995Kb free=107004Kb
 bounds [0x0000025c077f0000, 0x0000025c084b0000, 0x0000025c0ed20000]
CodeHeap 'non-nmethods': size=5760Kb used=1332Kb max_used=1385Kb free=4427Kb
 bounds [0x0000025c0ed20000, 0x0000025c0ef90000, 0x0000025c0f2c0000]
 total_blobs=7382 nmethods=6737 adapters=557
 compilation: enabled
              stopped_count=0, restarted_count=0
 full_count=0

Compilation events (20 events):
Event: 1127.575 Thread 0x0000025c7f139130 7465       3       java.util.concurrent.ConcurrentHashMap$EntryIterator::<init> (12 bytes)
Event: 1127.575 Thread 0x0000025c7f139130 nmethod 7465 0x0000025c0849ee10 code [0x0000025c0849efa0, 0x0000025c0849f0e8]
Event: 1127.583 Thread 0x0000025c7f123250 nmethod 7459 0x0000025c0f714190 code [0x0000025c0f714360, 0x0000025c0f714be8]
Event: 1127.583 Thread 0x0000025c7f123250 7460       4       java.util.HashMap::remove (26 bytes)
Event: 1127.599 Thread 0x0000025c7f123250 nmethod 7460 0x0000025c0f715010 code [0x0000025c0f7151e0, 0x0000025c0f715a68]
Event: 1127.599 Thread 0x0000025c7f123250 7462       4       java.util.HashSet::remove (20 bytes)
Event: 1127.865 Thread 0x0000025c7f139130 7468   !   3       sun.nio.ch.NioSocketImpl::beginWrite (30 bytes)
Event: 1127.865 Thread 0x0000025c7f139130 nmethod 7468 0x0000025c0849f190 code [0x0000025c0849f340, 0x0000025c0849f5c8]
Event: 1127.865 Thread 0x0000025c7f139130 7469   !   3       sun.nio.ch.NioSocketImpl::tryWrite (78 bytes)
Event: 1127.866 Thread 0x0000025c7f139130 nmethod 7469 0x0000025c0849f710 code [0x0000025c0849f920, 0x0000025c0849fe78]
Event: 1128.661 Thread 0x0000025c7f139130 7470 % !   3       java.util.concurrent.ConcurrentHashMap::clear @ 10 (176 bytes)
Event: 1128.663 Thread 0x0000025c7f139130 nmethod 7470% 0x0000025c084a0190 code [0x0000025c084a03c0, 0x0000025c084a0d88]
Event: 1128.693 Thread 0x0000025c7f123250 nmethod 7462 0x0000025c0f716210 code [0x0000025c0f716440, 0x0000025c0f717938]
Event: 1128.693 Thread 0x0000025c7f123250 7466       4       jdk.internal.org.objectweb.asm.ClassReader::readUtf (161 bytes)
Event: 1128.707 Thread 0x0000025c7f123250 nmethod 7466 0x0000025c0f718110 code [0x0000025c0f7182c0, 0x0000025c0f718b98]
Event: 1128.790 Thread 0x0000025c7f139130 7471       1       org.apache.catalina.core.StandardContext::getInstanceManager (5 bytes)
Event: 1128.790 Thread 0x0000025c7f139130 nmethod 7471 0x0000025c0f718f90 code [0x0000025c0f719120, 0x0000025c0f7191f8]
Event: 1128.891 Thread 0x0000025c7f139130 7472       3       org.apache.juli.logging.DirectJDKLog::isDebugEnabled (11 bytes)
Event: 1128.891 Thread 0x0000025c7f139130 nmethod 7472 0x0000025c084a1190 code [0x0000025c084a1340, 0x0000025c084a15f8]
Event: 1128.891 Thread 0x0000025c7f139130 7473  s    3       org.apache.catalina.util.LifecycleBase::setStateInternal (144 bytes)

GC Heap History (20 events):
Event: 3.985 GC heap before
{Heap before GC invocations=9 (full 0):
 garbage-first heap   total 76800K, used 25278K [0x0000000084000000, 0x0000000100000000)
  region size 1024K, 12 young (12288K), 3 survivors (3072K)
 Metaspace       used 35498K, committed 35968K, reserved 1114112K
  class space    used 4628K, committed 4864K, reserved 1048576K
}
Event: 3.990 GC heap after
{Heap after GC invocations=10 (full 0):
 garbage-first heap   total 76800K, used 17692K [0x0000000084000000, 0x0000000100000000)
  region size 1024K, 3 young (3072K), 3 survivors (3072K)
 Metaspace       used 35498K, committed 35968K, reserved 1114112K
  class space    used 4628K, committed 4864K, reserved 1048576K
}
Event: 4.656 GC heap before
{Heap before GC invocations=11 (full 0):
 garbage-first heap   total 65536K, used 53532K [0x0000000084000000, 0x0000000100000000)
  region size 1024K, 38 young (38912K), 3 survivors (3072K)
 Metaspace       used 43002K, committed 43456K, reserved 1114112K
  class space    used 5677K, committed 5888K, reserved 1048576K
}
Event: 4.665 GC heap after
{Heap after GC invocations=12 (full 0):
 garbage-first heap   total 65536K, used 21587K [0x0000000084000000, 0x0000000100000000)
  region size 1024K, 5 young (5120K), 5 survivors (5120K)
 Metaspace       used 43002K, committed 43456K, reserved 1114112K
  class space    used 5677K, committed 5888K, reserved 1048576K
}
Event: 5.166 GC heap before
{Heap before GC invocations=13 (full 0):
 garbage-first heap   total 65536K, used 49235K [0x0000000084000000, 0x0000000100000000)
  region size 1024K, 32 young (32768K), 5 survivors (5120K)
 Metaspace       used 45588K, committed 46144K, reserved 1114112K
  class space    used 6052K, committed 6336K, reserved 1048576K
}
Event: 5.173 GC heap after
{Heap after GC invocations=14 (full 0):
 garbage-first heap   total 65536K, used 24032K [0x0000000084000000, 0x0000000100000000)
  region size 1024K, 3 young (3072K), 3 survivors (3072K)
 Metaspace       used 45588K, committed 46144K, reserved 1114112K
  class space    used 6052K, committed 6336K, reserved 1048576K
}
Event: 5.632 GC heap before
{Heap before GC invocations=14 (full 0):
 garbage-first heap   total 65536K, used 49632K [0x0000000084000000, 0x0000000100000000)
  region size 1024K, 28 young (28672K), 3 survivors (3072K)
 Metaspace       used 47396K, committed 47872K, reserved 1114112K
  class space    used 6297K, committed 6528K, reserved 1048576K
}
Event: 5.637 GC heap after
{Heap after GC invocations=15 (full 0):
 garbage-first heap   total 65536K, used 25629K [0x0000000084000000, 0x0000000100000000)
  region size 1024K, 4 young (4096K), 4 survivors (4096K)
 Metaspace       used 47396K, committed 47872K, reserved 1114112K
  class space    used 6297K, committed 6528K, reserved 1048576K
}
Event: 10.086 GC heap before
{Heap before GC invocations=15 (full 0):
 garbage-first heap   total 65536K, used 50205K [0x0000000084000000, 0x0000000100000000)
  region size 1024K, 28 young (28672K), 4 survivors (4096K)
 Metaspace       used 51600K, committed 52160K, reserved 1114112K
  class space    used 6899K, committed 7168K, reserved 1048576K
}
Event: 10.093 GC heap after
{Heap after GC invocations=16 (full 0):
 garbage-first heap   total 65536K, used 27179K [0x0000000084000000, 0x0000000100000000)
  region size 1024K, 2 young (2048K), 2 survivors (2048K)
 Metaspace       used 51600K, committed 52160K, reserved 1114112K
  class space    used 6899K, committed 7168K, reserved 1048576K
}
Event: 129.834 GC heap before
{Heap before GC invocations=16 (full 0):
 garbage-first heap   total 65536K, used 49707K [0x0000000084000000, 0x0000000100000000)
  region size 1024K, 25 young (25600K), 2 survivors (2048K)
 Metaspace       used 54333K, committed 54912K, reserved 1114112K
  class space    used 7259K, committed 7552K, reserved 1048576K
}
Event: 129.840 GC heap after
{Heap after GC invocations=17 (full 0):
 garbage-first heap   total 65536K, used 27572K [0x0000000084000000, 0x0000000100000000)
  region size 1024K, 3 young (3072K), 3 survivors (3072K)
 Metaspace       used 54333K, committed 54912K, reserved 1114112K
  class space    used 7259K, committed 7552K, reserved 1048576K
}
Event: 277.833 GC heap before
{Heap before GC invocations=17 (full 0):
 garbage-first heap   total 65536K, used 50100K [0x0000000084000000, 0x0000000100000000)
  region size 1024K, 26 young (26624K), 3 survivors (3072K)
 Metaspace       used 56042K, committed 56576K, reserved 1114112K
  class space    used 7469K, committed 7744K, reserved 1048576K
}
Event: 277.837 GC heap after
{Heap after GC invocations=18 (full 0):
 garbage-first heap   total 65536K, used 28223K [0x0000000084000000, 0x0000000100000000)
  region size 1024K, 2 young (2048K), 2 survivors (2048K)
 Metaspace       used 56042K, committed 56576K, reserved 1114112K
  class space    used 7469K, committed 7744K, reserved 1048576K
}
Event: 522.999 GC heap before
{Heap before GC invocations=18 (full 0):
 garbage-first heap   total 65536K, used 51775K [0x0000000084000000, 0x0000000100000000)
  region size 1024K, 25 young (25600K), 2 survivors (2048K)
 Metaspace       used 56161K, committed 56704K, reserved 1114112K
  class space    used 7469K, committed 7744K, reserved 1048576K
}
Event: 523.003 GC heap after
{Heap after GC invocations=19 (full 0):
 garbage-first heap   total 65536K, used 28181K [0x0000000084000000, 0x0000000100000000)
  region size 1024K, 2 young (2048K), 2 survivors (2048K)
 Metaspace       used 56161K, committed 56704K, reserved 1114112K
  class space    used 7469K, committed 7744K, reserved 1048576K
}
Event: 791.122 GC heap before
{Heap before GC invocations=19 (full 0):
 garbage-first heap   total 65536K, used 52757K [0x0000000084000000, 0x0000000100000000)
  region size 1024K, 26 young (26624K), 2 survivors (2048K)
 Metaspace       used 56210K, committed 56832K, reserved 1114112K
  class space    used 7469K, committed 7744K, reserved 1048576K
}
Event: 791.187 GC heap after
{Heap after GC invocations=20 (full 0):
 garbage-first heap   total 65536K, used 28153K [0x0000000084000000, 0x0000000100000000)
  region size 1024K, 2 young (2048K), 2 survivors (2048K)
 Metaspace       used 56210K, committed 56832K, reserved 1114112K
  class space    used 7469K, committed 7744K, reserved 1048576K
}
Event: 1075.068 GC heap before
{Heap before GC invocations=20 (full 0):
 garbage-first heap   total 65536K, used 53753K [0x0000000084000000, 0x0000000100000000)
  region size 1024K, 27 young (27648K), 2 survivors (2048K)
 Metaspace       used 56352K, committed 56960K, reserved 1114112K
  class space    used 7469K, committed 7744K, reserved 1048576K
}
Event: 1075.088 GC heap after
{Heap after GC invocations=21 (full 0):
 garbage-first heap   total 65536K, used 28138K [0x0000000084000000, 0x0000000100000000)
  region size 1024K, 2 young (2048K), 2 survivors (2048K)
 Metaspace       used 56352K, committed 56960K, reserved 1114112K
  class space    used 7469K, committed 7744K, reserved 1048576K
}

Deoptimization events (20 events):
Event: 1117.430 Thread 0x0000025c6423ad20 DEOPT PACKING pc=0x0000025c0f70afd4 sp=0x000000c5c1cff340
Event: 1117.432 Thread 0x0000025c6423ad20 DEOPT UNPACKING pc=0x0000025c0ed75ba3 sp=0x000000c5c1cff2c8 mode 2
Event: 1127.465 Thread 0x0000025c6423b740 Uncommon trap: trap_request=0xffffff45 fr.pc=0x0000025c0f67dcc8 relative=0x0000000000000048
Event: 1127.465 Thread 0x0000025c6423e4d0 Uncommon trap: trap_request=0xffffff45 fr.pc=0x0000025c0f67dcc8 relative=0x0000000000000048
Event: 1127.465 Thread 0x0000025c6423f400 Uncommon trap: trap_request=0xffffff45 fr.pc=0x0000025c0f67dcc8 relative=0x0000000000000048
Event: 1127.465 Thread 0x0000025c6423e4d0 Uncommon trap: reason=unstable_if action=reinterpret pc=0x0000025c0f67dcc8 method=java.lang.Thread.interrupted()Z @ 10 c2
Event: 1127.465 Thread 0x0000025c6423b740 Uncommon trap: reason=unstable_if action=reinterpret pc=0x0000025c0f67dcc8 method=java.lang.Thread.interrupted()Z @ 10 c2
Event: 1127.465 Thread 0x0000025c6423f400 Uncommon trap: reason=unstable_if action=reinterpret pc=0x0000025c0f67dcc8 method=java.lang.Thread.interrupted()Z @ 10 c2
Event: 1127.465 Thread 0x0000025c6423e4d0 DEOPT PACKING pc=0x0000025c0f67dcc8 sp=0x000000c5c21ff080
Event: 1127.465 Thread 0x0000025c6423b740 DEOPT PACKING pc=0x0000025c0f67dcc8 sp=0x000000c5c23fed60
Event: 1127.465 Thread 0x0000025c6423f400 DEOPT PACKING pc=0x0000025c0f67dcc8 sp=0x000000c5c24feed0
Event: 1127.465 Thread 0x0000025c6423e4d0 DEOPT UNPACKING pc=0x0000025c0ed75ba3 sp=0x000000c5c21ff010 mode 2
Event: 1127.465 Thread 0x0000025c6423f400 DEOPT UNPACKING pc=0x0000025c0ed75ba3 sp=0x000000c5c24fee60 mode 2
Event: 1127.465 Thread 0x0000025c6423eef0 Uncommon trap: trap_request=0xffffff45 fr.pc=0x0000025c0f67dcc8 relative=0x0000000000000048
Event: 1127.466 Thread 0x0000025c6423eef0 Uncommon trap: reason=unstable_if action=reinterpret pc=0x0000025c0f67dcc8 method=java.lang.Thread.interrupted()Z @ 10 c2
Event: 1127.466 Thread 0x0000025c6423eef0 DEOPT PACKING pc=0x0000025c0f67dcc8 sp=0x000000c5c22ff0e0
Event: 1127.466 Thread 0x0000025c6423b740 DEOPT UNPACKING pc=0x0000025c0ed75ba3 sp=0x000000c5c23fecf0 mode 2
Event: 1127.466 Thread 0x0000025c6423eef0 DEOPT UNPACKING pc=0x0000025c0ed75ba3 sp=0x000000c5c22ff070 mode 2
Event: 1127.778 Thread 0x0000025c6164cfd0 DEOPT PACKING pc=0x0000025c07a27123 sp=0x000000c5be8fd360
Event: 1127.779 Thread 0x0000025c6164cfd0 DEOPT UNPACKING pc=0x0000025c0ed766e3 sp=0x000000c5be8fc7d0 mode 0

Classes unloaded (0 events):
No events

Classes redefined (0 events):
No events

Internal exceptions (20 events):
Event: 9.691 Thread 0x0000025c6423dab0 Exception <a 'java/lang/NoSuchMethodError'{0x0000000086f78220}: 'java.lang.Object java.lang.invoke.DirectMethodHandle$Holder.invokeSpecial(java.lang.Object, java.lang.Object, java.lang.Object, java.lang.Object, java.lang.Object, long)'> (0x0000000086f78220) 
thrown [s\open\src\hotspot\share\interpreter\linkResolver.cpp, line 759]
Event: 9.692 Thread 0x0000025c6423dab0 Exception <a 'java/lang/NoSuchMethodError'{0x0000000086f7bc60}: 'java.lang.Object java.lang.invoke.Invokers$Holder.linkToTargetMethod(java.lang.Object, java.lang.Object, java.lang.Object, long, java.lang.Object)'> (0x0000000086f7bc60) 
thrown [s\open\src\hotspot\share\interpreter\linkResolver.cpp, line 759]
Event: 10.170 Thread 0x0000025c6423dfc0 Exception <a 'java/lang/NoSuchMethodError'{0x00000000880556c8}: 'java.lang.Object java.lang.invoke.DirectMethodHandle$Holder.invokeInterface(java.lang.Object, java.lang.Object, int)'> (0x00000000880556c8) 
thrown [s\open\src\hotspot\share\interpreter\linkResolver.cpp, line 759]
Event: 10.231 Thread 0x0000025c6423dfc0 Exception <a 'java/lang/reflect/InvocationTargetException'{0x0000000087fb7468}> (0x0000000087fb7468) 
thrown [s\open\src\hotspot\share\runtime\reflection.cpp, line 1121]
Event: 11.243 Thread 0x0000025c6423dfc0 Exception <a 'java/lang/NoSuchMethodError'{0x0000000087a7b198}: 'long java.lang.invoke.DirectMethodHandle$Holder.invokeStatic(java.lang.Object, long)'> (0x0000000087a7b198) 
thrown [s\open\src\hotspot\share\interpreter\linkResolver.cpp, line 759]
Event: 11.248 Thread 0x0000025c6423dfc0 Exception <a 'java/lang/NoSuchMethodError'{0x0000000087ab33a0}: 'java.lang.Object java.lang.invoke.DirectMethodHandle$Holder.invokeVirtual(java.lang.Object, java.lang.Object, java.lang.Object, java.lang.Object, java.lang.Object)'> (0x0000000087ab33a0) 
thrown [s\open\src\hotspot\share\interpreter\linkResolver.cpp, line 759]
Event: 11.278 Thread 0x0000025c6423dfc0 Exception <a 'java/lang/NoSuchMethodError'{0x00000000879aaf60}: 'void java.lang.invoke.Invokers$Holder.invoke_MT(java.lang.Object, java.lang.Object, java.lang.Object, java.lang.Object)'> (0x00000000879aaf60) 
thrown [s\open\src\hotspot\share\interpreter\linkResolver.cpp, line 759]
Event: 11.284 Thread 0x0000025c6423dfc0 Exception <a 'java/lang/NoSuchMethodError'{0x00000000879c0690}: 'int java.lang.invoke.DirectMethodHandle$Holder.invokeSpecial(java.lang.Object, java.lang.Object, java.lang.Object, int)'> (0x00000000879c0690) 
thrown [s\open\src\hotspot\share\interpreter\linkResolver.cpp, line 759]
Event: 11.287 Thread 0x0000025c6423dfc0 Exception <a 'java/lang/NoSuchMethodError'{0x00000000879d2cf8}: 'java.lang.Object java.lang.invoke.DirectMethodHandle$Holder.invokeStatic(java.lang.Object, java.lang.Object, java.lang.Object, java.lang.Object, int)'> (0x00000000879d2cf8) 
thrown [s\open\src\hotspot\share\interpreter\linkResolver.cpp, line 759]
Event: 11.289 Thread 0x0000025c6423dfc0 Exception <a 'java/lang/NoSuchMethodError'{0x00000000879dd6b8}: 'void java.lang.invoke.DelegatingMethodHandle$Holder.reinvoke_L(java.lang.Object, java.lang.Object, int)'> (0x00000000879dd6b8) 
thrown [s\open\src\hotspot\share\interpreter\linkResolver.cpp, line 759]
Event: 194.755 Thread 0x0000025c6423f400 Exception <a 'java/lang/reflect/InvocationTargetException'{0x00000000873e4620}> (0x00000000873e4620) 
thrown [s\open\src\hotspot\share\runtime\reflection.cpp, line 1121]
Event: 235.848 Thread 0x0000025c6423dab0 Exception <a 'java/lang/reflect/InvocationTargetException'{0x0000000086efa108}> (0x0000000086efa108) 
thrown [s\open\src\hotspot\share\runtime\reflection.cpp, line 1121]
Event: 1127.801 Thread 0x0000025c6164cfd0 Exception <a 'java/lang/NoSuchMethodError'{0x0000000087a04630}: 'void java.lang.invoke.DirectMethodHandle$Holder.invokeInterface(java.lang.Object, java.lang.Object)'> (0x0000000087a04630) 
thrown [s\open\src\hotspot\share\interpreter\linkResolver.cpp, line 759]
Event: 1127.815 Thread 0x0000025c642398e0 Exception <a 'java/lang/InterruptedException'{0x0000000087b477a0}: sleep interrupted> (0x0000000087b477a0) 
thrown [s\open\src\hotspot\share\prims\jvm.cpp, line 3064]
Event: 1127.855 Thread 0x0000025c62377220 Exception <a 'java/io/IOException'{0x0000000087b56078}> (0x0000000087b56078) 
thrown [s\open\src\hotspot\share\prims\jni.cpp, line 516]
Event: 1127.862 Thread 0x0000025c6423b230 Exception <a 'java/lang/InterruptedException'{0x0000000087b3ee70}: sleep interrupted> (0x0000000087b3ee70) 
thrown [s\open\src\hotspot\share\prims\jvm.cpp, line 3064]
Event: 1127.865 Thread 0x0000025c62378150 Exception <a 'java/io/IOException'{0x0000000087b5e108}> (0x0000000087b5e108) 
thrown [s\open\src\hotspot\share\prims\jni.cpp, line 516]
Event: 1127.865 Thread 0x0000025c6423cb80 Exception <a 'java/lang/InterruptedException'{0x0000000087b35d08}: sleep interrupted> (0x0000000087b35d08) 
thrown [s\open\src\hotspot\share\prims\jvm.cpp, line 3064]
Event: 1127.866 Thread 0x0000025c62374eb0 Exception <a 'java/io/IOException'{0x0000000087b4ee08}> (0x0000000087b4ee08) 
thrown [s\open\src\hotspot\share\prims\jni.cpp, line 516]
Event: 1128.891 Thread 0x0000025c62376800 Exception <a 'java/lang/InterruptedException'{0x0000000087a7a740}: sleep interrupted> (0x0000000087a7a740) 
thrown [s\open\src\hotspot\share\prims\jvm.cpp, line 3064]

VM Operations (20 events):
Event: 1102.266 Executing VM operation: Cleanup done
Event: 1118.427 Executing VM operation: Cleanup
Event: 1118.429 Executing VM operation: Cleanup done
Event: 1119.431 Executing VM operation: Cleanup
Event: 1119.445 Executing VM operation: Cleanup done
Event: 1120.455 Executing VM operation: Cleanup
Event: 1120.455 Executing VM operation: Cleanup done
Event: 1127.535 Executing VM operation: Cleanup
Event: 1127.535 Executing VM operation: Cleanup done
Event: 1128.539 Executing VM operation: Cleanup
Event: 1128.650 Executing VM operation: Cleanup done
Event: 1128.880 Executing VM operation: ThreadDump
Event: 1128.881 Executing VM operation: ThreadDump done
Event: 1128.881 Executing VM operation: ThreadDump
Event: 1128.881 Executing VM operation: ThreadDump done
Event: 1128.882 Executing VM operation: ThreadDump
Event: 1128.882 Executing VM operation: ThreadDump done
Event: 1128.882 Executing VM operation: ThreadDump
Event: 1128.882 Executing VM operation: ThreadDump done
Event: 1128.892 Executing VM operation: G1CollectFull

Events (20 events):
Event: 1127.836 loading class sun/security/ssl/Alert$AlertConsumer
Event: 1127.840 loading class sun/security/ssl/Alert$AlertConsumer done
Event: 1127.840 loading class sun/security/ssl/Alert$Level
Event: 1127.842 loading class sun/security/ssl/Alert$Level done
Event: 1127.855 loading class sun/net/ConnectionResetException
Event: 1127.856 loading class sun/net/ConnectionResetException done
Event: 1127.862 Thread 0x0000025c6423d5a0 Thread exited: 0x0000025c6423d5a0
Event: 1127.863 loading class java/nio/channels/ClosedByInterruptException
Event: 1127.863 loading class java/nio/channels/AsynchronousCloseException
Event: 1127.863 loading class java/nio/channels/AsynchronousCloseException done
Event: 1127.863 loading class java/nio/channels/ClosedByInterruptException done
Event: 1127.865 Thread 0x0000025c6423d090 Thread exited: 0x0000025c6423d090
Event: 1127.865 Thread 0x0000025c6423cb80 Thread exited: 0x0000025c6423cb80
Event: 1128.647 Thread 0x0000025c62377220 Thread exited: 0x0000025c62377220
Event: 1128.649 Thread 0x0000025c6423b230 Thread exited: 0x0000025c6423b230
Event: 1128.649 Thread 0x0000025c62374eb0 Thread exited: 0x0000025c62374eb0
Event: 1128.650 Thread 0x0000025c62378150 Thread exited: 0x0000025c62378150
Event: 1128.890 Thread 0x0000025c623753c0 Thread exited: 0x0000025c623753c0
Event: 1128.890 Thread 0x0000025c623758d0 Thread exited: 0x0000025c623758d0
Event: 1128.891 Thread 0x0000025c62376800 Thread exited: 0x0000025c62376800


Dynamic libraries:
0x00007ff7599b0000 - 0x00007ff7599c0000 	C:\Program Files\Java\jdk-17\bin\java.exe
0x00007ffea5740000 - 0x00007ffea59a8000 	C:\WINDOWS\SYSTEM32\ntdll.dll
0x00007ffea5630000 - 0x00007ffea56f9000 	C:\WINDOWS\System32\KERNEL32.DLL
0x00007ffea2640000 - 0x00007ffea2a31000 	C:\WINDOWS\System32\KERNELBASE.dll
0x00007ffea20d0000 - 0x00007ffea221b000 	C:\WINDOWS\System32\ucrtbase.dll
0x00007ffe9d0e0000 - 0x00007ffe9d0f9000 	C:\Program Files\Java\jdk-17\bin\jli.dll
0x00007ffe9d050000 - 0x00007ffe9d06b000 	C:\Program Files\Java\jdk-17\bin\VCRUNTIME140.dll
0x00007ffea43e0000 - 0x00007ffea4494000 	C:\WINDOWS\System32\ADVAPI32.dll
0x00007ffea44a0000 - 0x00007ffea4549000 	C:\WINDOWS\System32\msvcrt.dll
0x00007ffea45e0000 - 0x00007ffea4686000 	C:\WINDOWS\System32\sechost.dll
0x00007ffea54f0000 - 0x00007ffea5608000 	C:\WINDOWS\System32\RPCRT4.dll
0x00007ffea4b60000 - 0x00007ffea4d26000 	C:\WINDOWS\System32\USER32.dll
0x00007ffea2a40000 - 0x00007ffea2a67000 	C:\WINDOWS\System32\win32u.dll
0x00007ffea4ad0000 - 0x00007ffea4afb000 	C:\WINDOWS\System32\GDI32.dll
0x00007ffea2220000 - 0x00007ffea234b000 	C:\WINDOWS\System32\gdi32full.dll
0x00007ffea2020000 - 0x00007ffea20c3000 	C:\WINDOWS\System32\msvcp_win.dll
0x00007ffe80520000 - 0x00007ffe807b3000 	C:\WINDOWS\WinSxS\amd64_microsoft.windows.common-controls_6595b64144ccf1df_6.0.26100.7824_none_3e0870b2e3345462\COMCTL32.dll
0x00007ffe98ae0000 - 0x00007ffe98aeb000 	C:\WINDOWS\SYSTEM32\VERSION.dll
0x00007ffea3d80000 - 0x00007ffea3db1000 	C:\WINDOWS\System32\IMM32.DLL
0x00007ffe9f0d0000 - 0x00007ffe9f0dc000 	C:\Program Files\Java\jdk-17\bin\vcruntime140_1.dll
0x00007ffe91920000 - 0x00007ffe919ae000 	C:\Program Files\Java\jdk-17\bin\msvcp140.dll
0x00007ffe02160000 - 0x00007ffe02d40000 	C:\Program Files\Java\jdk-17\bin\server\jvm.dll
0x00007ffea5610000 - 0x00007ffea5618000 	C:\WINDOWS\System32\PSAPI.DLL
0x00007ffe84e80000 - 0x00007ffe84e8a000 	C:\WINDOWS\SYSTEM32\WSOCK32.dll
0x00007ffea3c00000 - 0x00007ffea3c74000 	C:\WINDOWS\System32\WS2_32.dll
0x00007ffe994a0000 - 0x00007ffe994d5000 	C:\WINDOWS\SYSTEM32\WINMM.dll
0x00007ffea0dc0000 - 0x00007ffea0ddb000 	C:\WINDOWS\SYSTEM32\kernel.appcore.dll
0x00007ffe9d150000 - 0x00007ffe9d15a000 	C:\Program Files\Java\jdk-17\bin\jimage.dll
0x00007ffe9fea0000 - 0x00007ffea00e2000 	C:\WINDOWS\SYSTEM32\DBGHELP.DLL
0x00007ffea4710000 - 0x00007ffea4a96000 	C:\WINDOWS\System32\combase.dll
0x00007ffea4300000 - 0x00007ffea43d7000 	C:\WINDOWS\System32\OLEAUT32.dll
0x00007ffe808e0000 - 0x00007ffe8091b000 	C:\WINDOWS\SYSTEM32\dbgcore.DLL
0x00007ffea2350000 - 0x00007ffea23f5000 	C:\WINDOWS\System32\bcryptPrimitives.dll
0x00007ffe9d110000 - 0x00007ffe9d11e000 	C:\Program Files\Java\jdk-17\bin\instrument.dll
0x00007ffe9d020000 - 0x00007ffe9d045000 	C:\Program Files\Java\jdk-17\bin\java.dll
0x00007ffe91790000 - 0x00007ffe91867000 	C:\Program Files\Java\jdk-17\bin\jsvml.dll
0x00007ffea4d90000 - 0x00007ffea54e2000 	C:\WINDOWS\System32\SHELL32.dll
0x00007ffea2a70000 - 0x00007ffea2bda000 	C:\WINDOWS\System32\wintypes.dll
0x00007ffea2c70000 - 0x00007ffea34d3000 	C:\WINDOWS\System32\windows.storage.dll
0x00007ffea4010000 - 0x00007ffea4106000 	C:\WINDOWS\System32\SHCORE.dll
0x00007ffea3dc0000 - 0x00007ffea3e27000 	C:\WINDOWS\System32\shlwapi.dll
0x00007ffea1f40000 - 0x00007ffea1f69000 	C:\WINDOWS\SYSTEM32\profapi.dll
0x00007ffe91730000 - 0x00007ffe91748000 	C:\Program Files\Java\jdk-17\bin\zip.dll
0x00007ffe91770000 - 0x00007ffe91789000 	C:\Program Files\Java\jdk-17\bin\net.dll
0x00007ffe98980000 - 0x00007ffe98aa7000 	C:\WINDOWS\SYSTEM32\WINHTTP.dll
0x00007ffea1330000 - 0x00007ffea139b000 	C:\WINDOWS\system32\mswsock.dll
0x00007ffe91750000 - 0x00007ffe91766000 	C:\Program Files\Java\jdk-17\bin\nio.dll
0x00007ffe91910000 - 0x00007ffe9191a000 	C:\Program Files\Java\jdk-17\bin\management.dll
0x00007ffe91720000 - 0x00007ffe9172b000 	C:\Program Files\Java\jdk-17\bin\management_ext.dll
0x00007ffe9d0d0000 - 0x00007ffe9d0de000 	C:\Program Files\Java\jdk-17\bin\sunmscapi.dll
0x00007ffea2400000 - 0x00007ffea2577000 	C:\WINDOWS\System32\CRYPT32.dll
0x00007ffea1820000 - 0x00007ffea1850000 	C:\WINDOWS\SYSTEM32\ncrypt.dll
0x00007ffea17d0000 - 0x00007ffea180f000 	C:\WINDOWS\SYSTEM32\NTASN1.dll
0x00007ffea1600000 - 0x00007ffea161b000 	C:\WINDOWS\SYSTEM32\CRYPTSP.dll
0x00007ffea0d20000 - 0x00007ffea0d59000 	C:\WINDOWS\system32\rsaenh.dll
0x00007ffea13e0000 - 0x00007ffea140b000 	C:\WINDOWS\SYSTEM32\USERENV.dll
0x00007ffea1f10000 - 0x00007ffea1f3a000 	C:\WINDOWS\SYSTEM32\bcrypt.dll
0x00007ffea1620000 - 0x00007ffea162c000 	C:\WINDOWS\SYSTEM32\CRYPTBASE.dll
0x00007ffea07d0000 - 0x00007ffea0804000 	C:\WINDOWS\SYSTEM32\IPHLPAPI.DLL
0x00007ffea4d30000 - 0x00007ffea4d3a000 	C:\WINDOWS\System32\NSI.dll
0x00007ffe9bea0000 - 0x00007ffe9bebe000 	C:\WINDOWS\SYSTEM32\dhcpcsvc6.DLL
0x00007ffe9be60000 - 0x00007ffe9be83000 	C:\WINDOWS\SYSTEM32\dhcpcsvc.DLL
0x00007ffea0870000 - 0x00007ffea099c000 	C:\WINDOWS\SYSTEM32\DNSAPI.dll
0x00007ffe990b0000 - 0x00007ffe990bb000 	C:\Windows\System32\rasadhlp.dll
0x00007ffe9c0a0000 - 0x00007ffe9c126000 	C:\WINDOWS\System32\fwpuclnt.dll
0x00007ffe91b70000 - 0x00007ffe91b78000 	C:\WINDOWS\system32\wshunix.dll
0x00007ffe913f0000 - 0x00007ffe91400000 	C:\Program Files\Java\jdk-17\bin\verify.dll

dbghelp: loaded successfully - version: 4.0.5 - missing functions: none
symbol engine: initialized successfully - sym options: 0x614 - pdb path: .;C:\Program Files\Java\jdk-17\bin;C:\WINDOWS\SYSTEM32;C:\WINDOWS\WinSxS\amd64_microsoft.windows.common-controls_6595b64144ccf1df_6.0.26100.7824_none_3e0870b2e3345462;C:\Program Files\Java\jdk-17\bin\server

VM Arguments:
jvm_args: -javaagent:C:\Program Files\JetBrains\IntelliJ IDEA Community Edition 2025.2.6.1\lib\idea_rt.jar=53881 -Dfile.encoding=UTF-8 
java_command: com.ovr.oceanview_reservation_api.OceanviewReservationApiApplication
java_class_path (initial): C:\Users\HP\Desktop\Assignments\Nadil\AP\oceanview-reservation-api\target\classes;C:\Users\HP\.m2\repository\org\springframework\boot\spring-boot-starter-web\3.4.3\spring-boot-starter-web-3.4.3.jar;C:\Users\HP\.m2\repository\org\springframework\boot\spring-boot-starter\3.4.3\spring-boot-starter-3.4.3.jar;C:\Users\HP\.m2\repository\org\springframework\boot\spring-boot-starter-logging\3.4.3\spring-boot-starter-logging-3.4.3.jar;C:\Users\HP\.m2\repository\ch\qos\logback\logback-classic\1.5.16\logback-classic-1.5.16.jar;C:\Users\HP\.m2\repository\ch\qos\logback\logback-core\1.5.16\logback-core-1.5.16.jar;C:\Users\HP\.m2\repository\org\apache\logging\log4j\log4j-to-slf4j\2.24.3\log4j-to-slf4j-2.24.3.jar;C:\Users\HP\.m2\repository\org\apache\logging\log4j\log4j-api\2.24.3\log4j-api-2.24.3.jar;C:\Users\HP\.m2\repository\org\slf4j\jul-to-slf4j\2.0.16\jul-to-slf4j-2.0.16.jar;C:\Users\HP\.m2\repository\jakarta\annotation\jakarta.annotation-api\2.1.1\jakarta.annotation-api-2.1.1.jar;C:\Users\HP\.m2\repository\org\yaml\snakeyaml\2.3\snakeyaml-2.3.jar;C:\Users\HP\.m2\repository\org\springframework\boot\spring-boot-starter-json\3.4.3\spring-boot-starter-json-3.4.3.jar;C:\Users\HP\.m2\repository\com\fasterxml\jackson\datatype\jackson-datatype-jdk8\2.18.2\jackson-datatype-jdk8-2.18.2.jar;C:\Users\HP\.m2\repository\com\fasterxml\jackson\datatype\jackson-datatype-jsr310\2.18.2\jackson-datatype-jsr310-2.18.2.jar;C:\Users\HP\.m2\repository\com\fasterxml\jackson\module\jackson-module-parameter-names\2.18.2\jackson-module-parameter-names-2.18.2.jar;C:\Users\HP\.m2\repository\org\springframework\boot\spring-boot-starter-tomcat\3.4.3\spring-boot-starter-tomcat-3.4.3.jar;C:\Users\HP\.m2\repository\org\apache\tomcat\embed\tomcat-embed-core\10.1.36\tomcat-embed-core-10.1.36.jar;C:\Users\HP\.m2\repository\org\apache\tomcat\embed\tomcat-embed-websocket\10.1.36\tomcat-embed-websocket-10.1.36.jar;C:\Users\HP\.m2\repository\org\springframework\spring-web\6.2.3\spring-w
Launcher Type: SUN_STANDARD

[Global flags]
     intx CICompilerCount                          = 4                                         {product} {ergonomic}
     uint ConcGCThreads                            = 2                                         {product} {ergonomic}
     uint G1ConcRefinementThreads                  = 8                                         {product} {ergonomic}
   size_t G1HeapRegionSize                         = 1048576                                   {product} {ergonomic}
    uintx GCDrainStackTargetSize                   = 64                                        {product} {ergonomic}
   size_t InitialHeapSize                          = 130023424                                 {product} {ergonomic}
   size_t MarkStackSize                            = 4194304                                   {product} {ergonomic}
   size_t MaxHeapSize                              = 2080374784                                {product} {ergonomic}
   size_t MaxNewSize                               = 1247805440                                {product} {ergonomic}
   size_t MinHeapDeltaBytes                        = 1048576                                   {product} {ergonomic}
   size_t MinHeapSize                              = 8388608                                   {product} {ergonomic}
    uintx NonNMethodCodeHeapSize                   = 5839372                                {pd product} {ergonomic}
    uintx NonProfiledCodeHeapSize                  = 122909434                              {pd product} {ergonomic}
    uintx ProfiledCodeHeapSize                     = 122909434                              {pd product} {ergonomic}
    uintx ReservedCodeCacheSize                    = 251658240                              {pd product} {ergonomic}
     bool SegmentedCodeCache                       = true                                      {product} {ergonomic}
   size_t SoftMaxHeapSize                          = 2080374784                             {manageable} {ergonomic}
     bool UseCompressedClassPointers               = true                           {product lp64_product} {ergonomic}
     bool UseCompressedOops                        = true                           {product lp64_product} {ergonomic}
     bool UseG1GC                                  = true                                      {product} {ergonomic}
     bool UseLargePagesIndividualAllocation        = false                                  {pd product} {ergonomic}

Logging:
Log output configuration:
 #0: stdout all=warning uptime,level,tags
 #1: stderr all=off uptime,level,tags

Environment Variables:
JAVA_HOME=C:\Program Files\Java\jdk-17
PATH=C:\Program Files\Apache Maven\apache-maven-3.9.9\bin;C:\Program Files\Common Files\Oracle\Java\javapath;C:\Program Files (x86)\Common Files\Oracle\Java\java8path;C:\Program Files (x86)\Common Files\Oracle\Java\javapath;C:\WINDOWS\system32;C:\WINDOWS;C:\WINDOWS\System32\Wbem;C:\WINDOWS\System32\WindowsPowerShell\v1.0\;C:\WINDOWS\System32\OpenSSH\;C:\ProgramData\chocolatey\bin;C:\Program Files\dotnet\;D:\Git\cmd;C:\Program Files\Microsoft SQL Server\150\Tools\Binn\;C:\Program Files\Microsoft SQL Server\Client SDK\ODBC\170\Tools\Binn\;C:\Program Files (x86)\Microsoft SQL Server\160\Tools\Binn\;C:\Program Files\Microsoft SQL Server\160\Tools\Binn\;C:\Program Files\Microsoft SQL Server\160\DTS\Binn\;C:\Program Files\Azure Data Studio\bin;C:\Program Files\Apache;C:\Program Files\Apache Maven\apache-maven-3.9.9\\bin;C:\Program Files\Java\jdk-17\bin;C:\Program Files\nodejs\;C:\PHP\;C:\Program Files\Apache Maven\apache-maven-3.9.9\bin;C:\Program Files\Common Files\Oracle\Java\javapath;C:\WINDOWS\system32;C:\WINDOWS;C:\WINDOWS\System32\Wbem;C:\WINDOWS\System32\WindowsPowerShell\v1.0\;C:\WINDOWS\System32\OpenSSH\;C:\ProgramData\chocolatey\bin;C:\Program Files\dotnet\;D:\Git\cmd;C:\Program Files\Microsoft SQL Server\150\Tools\Binn\;C:\Program Files\Microsoft SQL Server\130\Tools\Binn\;C:\Program Files\Microsoft SQL Server\Client SDK\ODBC\170\Tools\Binn\;C:\Program Files (x86)\Microsoft SQL Server\160\Tools\Binn\;C:\Program Files\Microsoft SQL Server\160\Tools\Binn\;C:\Program Files\Microsoft SQL Server\160\DTS\Binn\;C:\Program Files (x86)\Microsoft SQL Server\160\DTS\Binn\;C:\Program Files\Azure Data Studio\bin;C:\Program Files\nodejs\;C:\Program Files\Apache\maven\bin;C:\Users\HP\AppData\Local\Programs\Python\Python312\Scripts\;C:\Users\HP\AppData\Local\Programs\Python\Python312\;C:\Users\HP\AppData\Local\Programs\Python\Launcher\;C:\Users\HP\AppData\Local\Microsoft\WindowsApps;D:\Microsoft VS Code\bin;C:\Users\HP\AppData\Local\GitHubDesktop;C:\Users\HP\AppData\Roaming\npm;C
USERNAME=HP
OS=Windows_NT
PROCESSOR_IDENTIFIER=Intel64 Family 6 Model 140 Stepping 1, GenuineIntel



---------------  S Y S T E M  ---------------

OS:
 Windows 11 , 64 bit Build 26100 (10.0.26100.7705)
OS uptime: 0 days 2:14 hours
Hyper-V role detected

CPU: total 8 (initial active 8) (4 cores per cpu, 2 threads per core) family 6 model 140 stepping 1 microcode 0xac, cx8, cmov, fxsr, ht, mmx, 3dnowpref, sse, sse2, sse3, ssse3, sse4.1, sse4.2, popcnt, lzcnt, tsc, tscinvbit, avx, avx2, aes, erms, clmul, bmi1, bmi2, adx, avx512f, avx512dq, avx512cd, avx512bw, avx512vl, sha, fma, vzeroupper, avx512_vpopcntdq, avx512_vpclmulqdq, avx512_vaes, avx512_vnni, clflush, clflushopt, clwb, avx512_vbmi2, avx512_vbmi, hv

Memory: 4k page, system-wide physical 7932M (757M free)
TotalPageFile size 14076M (AvailPageFile size 2M)
current process WorkingSet (physical memory assigned to process): 83M, peak: 266M
current process commit charge ("private bytes"): 253M, peak: 300M

vm_info: Java HotSpot(TM) 64-Bit Server VM (17.0.11+7-LTS-207) for windows-amd64 JRE (17.0.11+7-LTS-207), built on Mar 11 2024 19:01:50 by "mach5one" with MS VC++ 17.6 (VS2022)

END.
