#
# There is insufficient memory for the Java Runtime Environment to continue.
# Native memory allocation (malloc) failed to allocate 284016 bytes for Chunk::new
# Possible reasons:
#   The system is out of physical RAM or swap space
#   The process is running with CompressedOops enabled, and the Java Heap may be blocking the growth of the native heap
# Possible solutions:
#   Reduce memory load on the system
#   Increase physical memory or swap space
#   Check if swap backing store is full
#   Decrease Java heap size (-Xmx/-Xms)
#   Decrease number of Java threads
#   Decrease Java thread stack sizes (-Xss)
#   Set larger code cache with -XX:ReservedCodeCacheSize=
#   JVM is running with Unscaled Compressed Oops mode in which the Java heap is
#     placed in the first 4GB address space. The Java Heap base address is the
#     maximum limit for the native heap growth. Please use -XX:HeapBaseMinAddress
#     to set the Java Heap base and to place the Java Heap above 4GB virtual address.
# This output file may be truncated or incomplete.
#
#  Out of Memory Error (arena.cpp:189), pid=8556, tid=10188
#
# JRE version: Java(TM) SE Runtime Environment (17.0.11+7) (build 17.0.11+7-LTS-207)
# Java VM: Java HotSpot(TM) 64-Bit Server VM (17.0.11+7-LTS-207, mixed mode, sharing, tiered, compressed oops, compressed class ptrs, g1 gc, windows-amd64)
# No core dump will be written. Minidumps are not enabled by default on client versions of Windows
#

---------------  S U M M A R Y ------------

Command Line: -javaagent:C:\Program Files\JetBrains\IntelliJ IDEA Community Edition 2025.2.6.1\lib\idea_rt.jar=61729 -Dfile.encoding=UTF-8 com.ovr.oceanview_reservation_api.OceanviewReservationApiApplication

Host: 11th Gen Intel(R) Core(TM) i5-1135G7 @ 2.40GHz, 8 cores, 7G,  Windows 11 , 64 bit Build 26100 (10.0.26100.7705)
Time: Wed Mar  4 10:35:26 2026 Sri Lanka Standard Time elapsed time: 1444.427295 seconds (0d 0h 24m 4s)

---------------  T H R E A D  ---------------

Current thread (0x00000286d6900740):  JavaThread "C2 CompilerThread0" daemon [_thread_in_native, id=10188, stack(0x000000f653c00000,0x000000f653d00000)]


Current CompileTask:
C2:1444428 7358   !   4       com.mongodb.internal.connection.ProtocolHelper::getNestedFieldValue (84 bytes)

Stack: [0x000000f653c00000,0x000000f653d00000]
Native frames: (J=compiled Java code, j=interpreted, Vv=VM code, C=native code)
V  [jvm.dll+0x679cca]
V  [jvm.dll+0x7da13d]
V  [jvm.dll+0x7dba83]
V  [jvm.dll+0x7dc0f3]
V  [jvm.dll+0x2449af]
V  [jvm.dll+0xab83b]
V  [jvm.dll+0xabe1c]
V  [jvm.dll+0x2a9e6f]
V  [jvm.dll+0x5818d9]
V  [jvm.dll+0x21ed62]
V  [jvm.dll+0x21f13f]
V  [jvm.dll+0x218331]
V  [jvm.dll+0x215505]
V  [jvm.dll+0x1a2040]
V  [jvm.dll+0x225a2b]
V  [jvm.dll+0x223bcb]
V  [jvm.dll+0x7903ec]
V  [jvm.dll+0x78a85a]
V  [jvm.dll+0x678bb5]
C  [ucrtbase.dll+0x37b0]
C  [KERNEL32.DLL+0x2e8d7]
C  [ntdll.dll+0x8c40c]


---------------  P R O C E S S  ---------------

Threads class SMR info:
_java_thread_list=0x000002871ebd3fd0, length=41, elements={
0x00000286d68ba440, 0x00000286d68bae00, 0x00000286d68cf7d0, 0x00000286d68d11a0,
0x00000286d68d1b60, 0x00000286d68da530, 0x00000286d6900740, 0x00000286d6912210,
0x00000286d6915b40, 0x00000286d6b24550, 0x00000286d6d18500, 0x000002871c0180b0,
0x000002871c99ea70, 0x000002871c99e050, 0x000002871c99c1f0, 0x000002871c99d120,
0x000002871c99c700, 0x000002871c99db40, 0x000002871f6686f0, 0x000002871f668c00,
0x000002871f667cd0, 0x000002871f669110, 0x000002871f6681e0, 0x000002871f669620,
0x000002871f669b30, 0x000002871f6672b0, 0x000002871f666890, 0x000002871f666da0,
0x000002871f66af70, 0x000002871f6677c0, 0x000002871f66d7f0, 0x000002871f66b480,
0x000002871f66e210, 0x000002871f66b990, 0x000002871f66c3b0, 0x000002871f66bea0,
0x000002871f66c8c0, 0x000002871f66cdd0, 0x000002871f66d2e0, 0x000002871f66dd00,
0x000002871e21ecf0
}

Java Threads: ( => current thread )
  0x00000286d68ba440 JavaThread "Reference Handler" daemon [_thread_blocked, id=14616, stack(0x000000f653600000,0x000000f653700000)]
  0x00000286d68bae00 JavaThread "Finalizer" daemon [_thread_blocked, id=11656, stack(0x000000f653700000,0x000000f653800000)]
  0x00000286d68cf7d0 JavaThread "Signal Dispatcher" daemon [_thread_blocked, id=3196, stack(0x000000f653800000,0x000000f653900000)]
  0x00000286d68d11a0 JavaThread "Attach Listener" daemon [_thread_blocked, id=14764, stack(0x000000f653900000,0x000000f653a00000)]
  0x00000286d68d1b60 JavaThread "Service Thread" daemon [_thread_blocked, id=6708, stack(0x000000f653a00000,0x000000f653b00000)]
  0x00000286d68da530 JavaThread "Monitor Deflation Thread" daemon [_thread_blocked, id=15828, stack(0x000000f653b00000,0x000000f653c00000)]
=>0x00000286d6900740 JavaThread "C2 CompilerThread0" daemon [_thread_in_native, id=10188, stack(0x000000f653c00000,0x000000f653d00000)]
  0x00000286d6912210 JavaThread "C1 CompilerThread0" daemon [_thread_blocked, id=3532, stack(0x000000f653d00000,0x000000f653e00000)]
  0x00000286d6915b40 JavaThread "Sweeper thread" daemon [_thread_blocked, id=7668, stack(0x000000f653e00000,0x000000f653f00000)]
  0x00000286d6b24550 JavaThread "Common-Cleaner" daemon [_thread_blocked, id=10580, stack(0x000000f653f00000,0x000000f654000000)]
  0x00000286d6d18500 JavaThread "Monitor Ctrl-Break" daemon [_thread_in_native, id=9968, stack(0x000000f654100000,0x000000f654200000)]
  0x000002871c0180b0 JavaThread "Notification Thread" daemon [_thread_blocked, id=9420, stack(0x000000f654200000,0x000000f654300000)]
  0x000002871c99ea70 JavaThread "Thread-4" daemon [_thread_in_native, id=17984, stack(0x000000f655000000,0x000000f655100000)]
  0x000002871c99e050 JavaThread "BufferPoolPruner-1-thread-1" daemon [_thread_blocked, id=18012, stack(0x000000f655100000,0x000000f655200000)]
  0x000002871c99c1f0 JavaThread "cluster-ClusterId{value='69a7b7f816088d03f801f312', description='OceanViewCluster'}-ac-6i55nrq-shard-00-02.eqqjlz8.mongodb.net:27017" daemon [_thread_in_native, id=18064, stack(0x000000f655300000,0x000000f655400000)]
  0x000002871c99d120 JavaThread "cluster-ClusterId{value='69a7b7f816088d03f801f312', description='OceanViewCluster'}-ac-6i55nrq-shard-00-01.eqqjlz8.mongodb.net:27017" daemon [_thread_in_native, id=18084, stack(0x000000f655400000,0x000000f655500000)]
  0x000002871c99c700 JavaThread "cluster-ClusterId{value='69a7b7f816088d03f801f312', description='OceanViewCluster'}-ac-6i55nrq-shard-00-00.eqqjlz8.mongodb.net:27017" daemon [_thread_in_native, id=18088, stack(0x000000f655500000,0x000000f655600000)]
  0x000002871c99db40 JavaThread "Catalina-utility-1" [_thread_blocked, id=18240, stack(0x000000f655700000,0x000000f655800000)]
  0x000002871f6686f0 JavaThread "Catalina-utility-2" [_thread_blocked, id=18244, stack(0x000000f655800000,0x000000f655900000)]
  0x000002871f668c00 JavaThread "container-0" [_thread_blocked, id=18260, stack(0x000000f655900000,0x000000f655a00000)]
  0x000002871f667cd0 JavaThread "Live Reload Server" daemon [_thread_in_native, id=18268, stack(0x000000f655b00000,0x000000f655c00000)]
  0x000002871f669110 JavaThread "cluster-rtt-ClusterId{value='69a7b7f816088d03f801f312', description='OceanViewCluster'}-ac-6i55nrq-shard-00-01.eqqjlz8.mongodb.net:27017" daemon [_thread_blocked, id=18280, stack(0x000000f655a00000,0x000000f655b00000)]
  0x000002871f6681e0 JavaThread "cluster-rtt-ClusterId{value='69a7b7f816088d03f801f312', description='OceanViewCluster'}-ac-6i55nrq-shard-00-00.eqqjlz8.mongodb.net:27017" daemon [_thread_blocked, id=18284, stack(0x000000f655c00000,0x000000f655d00000)]
  0x000002871f669620 JavaThread "cluster-rtt-ClusterId{value='69a7b7f816088d03f801f312', description='OceanViewCluster'}-ac-6i55nrq-shard-00-02.eqqjlz8.mongodb.net:27017" daemon [_thread_blocked, id=18288, stack(0x000000f655d00000,0x000000f655e00000)]
  0x000002871f669b30 JavaThread "MaintenanceTimer-2-thread-1" daemon [_thread_blocked, id=18292, stack(0x000000f655e00000,0x000000f655f00000)]
  0x000002871f6672b0 JavaThread "MaintenanceTimer-4-thread-1" daemon [_thread_blocked, id=18296, stack(0x000000f655f00000,0x000000f656000000)]
  0x000002871f666890 JavaThread "MaintenanceTimer-3-thread-1" daemon [_thread_blocked, id=18300, stack(0x000000f656000000,0x000000f656100000)]
  0x000002871f666da0 JavaThread "File Watcher" daemon [_thread_blocked, id=17516, stack(0x000000f656100000,0x000000f656200000)]
  0x000002871f66af70 JavaThread "http-nio-8080-exec-1" daemon [_thread_blocked, id=17512, stack(0x000000f656200000,0x000000f656300000)]
  0x000002871f6677c0 JavaThread "http-nio-8080-exec-2" daemon [_thread_blocked, id=17508, stack(0x000000f656300000,0x000000f656400000)]
  0x000002871f66d7f0 JavaThread "http-nio-8080-exec-3" daemon [_thread_blocked, id=17524, stack(0x000000f656400000,0x000000f656500000)]
  0x000002871f66b480 JavaThread "http-nio-8080-exec-4" daemon [_thread_blocked, id=17540, stack(0x000000f656500000,0x000000f656600000)]
  0x000002871f66e210 JavaThread "http-nio-8080-exec-5" daemon [_thread_blocked, id=17528, stack(0x000000f656600000,0x000000f656700000)]
  0x000002871f66b990 JavaThread "http-nio-8080-exec-6" daemon [_thread_blocked, id=17532, stack(0x000000f656700000,0x000000f656800000)]
  0x000002871f66c3b0 JavaThread "http-nio-8080-exec-7" daemon [_thread_blocked, id=17556, stack(0x000000f656800000,0x000000f656900000)]
  0x000002871f66bea0 JavaThread "http-nio-8080-exec-8" daemon [_thread_blocked, id=17568, stack(0x000000f656900000,0x000000f656a00000)]
  0x000002871f66c8c0 JavaThread "http-nio-8080-exec-9" daemon [_thread_blocked, id=17560, stack(0x000000f656a00000,0x000000f656b00000)]
  0x000002871f66cdd0 JavaThread "http-nio-8080-exec-10" daemon [_thread_blocked, id=17564, stack(0x000000f656b00000,0x000000f656c00000)]
  0x000002871f66d2e0 JavaThread "http-nio-8080-Poller" daemon [_thread_in_native, id=17572, stack(0x000000f656c00000,0x000000f656d00000)]
  0x000002871f66dd00 JavaThread "http-nio-8080-Acceptor" daemon [_thread_in_native, id=17592, stack(0x000000f656d00000,0x000000f656e00000)]
  0x000002871e21ecf0 JavaThread "DestroyJavaVM" [_thread_blocked, id=2960, stack(0x000000f652f00000,0x000000f653000000)]

Other Threads:
  0x00000286d68b4a90 VMThread "VM Thread" [stack: 0x000000f653500000,0x000000f653600000] [id=7792]
  0x00000286b89abff0 WatcherThread [stack: 0x000000f654300000,0x000000f654400000] [id=14392]
  0x00000286b8985660 GCTaskThread "GC Thread#0" [stack: 0x000000f653000000,0x000000f653100000] [id=2548]
  0x000002871c57f020 GCTaskThread "GC Thread#1" [stack: 0x000000f654500000,0x000000f654600000] [id=3012]
  0x000002871c57f2e0 GCTaskThread "GC Thread#2" [stack: 0x000000f654600000,0x000000f654700000] [id=6240]
  0x000002871c57f5a0 GCTaskThread "GC Thread#3" [stack: 0x000000f654700000,0x000000f654800000] [id=3744]
  0x000002871c57f860 GCTaskThread "GC Thread#4" [stack: 0x000000f654800000,0x000000f654900000] [id=4856]
  0x000002871c2879d0 GCTaskThread "GC Thread#5" [stack: 0x000000f654900000,0x000000f654a00000] [id=17412]
  0x000002871cb70670 GCTaskThread "GC Thread#6" [stack: 0x000000f654d00000,0x000000f654e00000] [id=17584]
  0x000002871c9ca920 GCTaskThread "GC Thread#7" [stack: 0x000000f654e00000,0x000000f654f00000] [id=17588]
  0x00000286b8996f20 ConcurrentGCThread "G1 Main Marker" [stack: 0x000000f653100000,0x000000f653200000] [id=3076]
  0x00000286b899a360 ConcurrentGCThread "G1 Conc#0" [stack: 0x000000f653200000,0x000000f653300000] [id=9356]
  0x000002871cc98850 ConcurrentGCThread "G1 Conc#1" [stack: 0x000000f654c00000,0x000000f654d00000] [id=17668]
  0x00000286b89ed100 ConcurrentGCThread "G1 Refine#0" [stack: 0x000000f653300000,0x000000f653400000] [id=16904]
  0x000002871ca54f00 ConcurrentGCThread "G1 Refine#1" [stack: 0x000000f654a00000,0x000000f654b00000] [id=17416]
  0x00000286b89ed9d0 ConcurrentGCThread "G1 Service" [stack: 0x000000f653400000,0x000000f653500000] [id=15856]

Threads with active compile tasks:
C2 CompilerThread0  1444503 7358   !   4       com.mongodb.internal.connection.ProtocolHelper::getNestedFieldValue (84 bytes)

VM state: not at safepoint (normal execution)

VM Mutex/Monitor currently owned by a thread: None

Heap address: 0x0000000084000000, size: 1984 MB, Compressed Oops mode: 32-bit

CDS archive(s) mapped at: [0x00000286d7000000-0x00000286d7bd0000-0x00000286d7bd0000), size 12386304, SharedBaseAddress: 0x00000286d7000000, ArchiveRelocationMode: 1.
Compressed class space mapped at: 0x00000286d8000000-0x0000028718000000, reserved size: 1073741824
Narrow klass base: 0x00000286d7000000, Narrow klass shift: 0, Narrow klass range: 0x100000000

GC Precious Log:
 CPUs: 8 total, 8 available
 Memory: 7932M
 Large Page Support: Disabled
 NUMA Support: Disabled
 Compressed Oops: Enabled (32-bit)
 Heap Region Size: 1M
 Heap Min Capacity: 8M
 Heap Initial Capacity: 124M
 Heap Max Capacity: 1984M
 Pre-touch: Disabled
 Parallel Workers: 8
 Concurrent Workers: 2
 Concurrent Refinement Workers: 8
 Periodic GC: Disabled

Heap:
 garbage-first heap   total 61440K, used 32691K [0x0000000084000000, 0x0000000100000000)
  region size 1024K, 7 young (7168K), 1 survivors (1024K)
 Metaspace       used 53448K, committed 54016K, reserved 1114112K
  class space    used 7013K, committed 7296K, reserved 1048576K

Heap Regions: E=young(eden), S=young(survivor), O=old, HS=humongous(starts), HC=humongous(continues), CS=collection set, F=free, OA=open archive, CA=closed archive, TAMS=top-at-mark-start (previous, next)
|   0|0x0000000084000000, 0x0000000084100000, 0x0000000084100000|100%| O|  |TAMS 0x0000000084100000, 0x0000000084000000| Untracked 
|   1|0x0000000084100000, 0x0000000084200000, 0x0000000084200000|100%| O|  |TAMS 0x0000000084200000, 0x0000000084100000| Untracked 
|   2|0x0000000084200000, 0x0000000084300000, 0x0000000084300000|100%| O|  |TAMS 0x0000000084300000, 0x0000000084200000| Untracked 
|   3|0x0000000084300000, 0x0000000084400000, 0x0000000084400000|100%| O|  |TAMS 0x0000000084400000, 0x0000000084300000| Untracked 
|   4|0x0000000084400000, 0x0000000084500000, 0x0000000084500000|100%| O|  |TAMS 0x0000000084500000, 0x0000000084400000| Untracked 
|   5|0x0000000084500000, 0x0000000084600000, 0x0000000084600000|100%| O|  |TAMS 0x0000000084600000, 0x0000000084500000| Untracked 
|   6|0x0000000084600000, 0x0000000084700000, 0x0000000084700000|100%| O|  |TAMS 0x0000000084700000, 0x0000000084600000| Untracked 
|   7|0x0000000084700000, 0x0000000084800000, 0x0000000084800000|100%| O|  |TAMS 0x0000000084800000, 0x0000000084700000| Untracked 
|   8|0x0000000084800000, 0x0000000084900000, 0x0000000084900000|100%| O|  |TAMS 0x0000000084900000, 0x0000000084800000| Untracked 
|   9|0x0000000084900000, 0x0000000084a00000, 0x0000000084a00000|100%| O|  |TAMS 0x0000000084a00000, 0x0000000084900000| Untracked 
|  10|0x0000000084a00000, 0x0000000084b00000, 0x0000000084b00000|100%| O|  |TAMS 0x0000000084b00000, 0x0000000084a00000| Untracked 
|  11|0x0000000084b00000, 0x0000000084c00000, 0x0000000084c00000|100%| O|  |TAMS 0x0000000084c00000, 0x0000000084b00000| Untracked 
|  12|0x0000000084c00000, 0x0000000084d00000, 0x0000000084d00000|100%| O|  |TAMS 0x0000000084d00000, 0x0000000084c00000| Untracked 
|  13|0x0000000084d00000, 0x0000000084e00000, 0x0000000084e00000|100%| O|  |TAMS 0x0000000084d00000, 0x0000000084d00000| Untracked 
|  14|0x0000000084e00000, 0x0000000084f00000, 0x0000000084f00000|100%| O|  |TAMS 0x0000000084e9f200, 0x0000000084e00000| Untracked 
|  15|0x0000000084f00000, 0x0000000085000000, 0x0000000085000000|100%| O|  |TAMS 0x0000000084f00000, 0x0000000084f00000| Untracked 
|  16|0x0000000085000000, 0x0000000085100000, 0x0000000085100000|100%| O|  |TAMS 0x0000000085000000, 0x0000000085000000| Untracked 
|  17|0x0000000085100000, 0x0000000085200000, 0x0000000085200000|100%| O|  |TAMS 0x0000000085100000, 0x0000000085100000| Untracked 
|  18|0x0000000085200000, 0x0000000085300000, 0x0000000085300000|100%| O|  |TAMS 0x0000000085200000, 0x0000000085200000| Untracked 
|  19|0x0000000085300000, 0x0000000085400000, 0x0000000085400000|100%| O|  |TAMS 0x0000000085300000, 0x0000000085300000| Untracked 
|  20|0x0000000085400000, 0x0000000085500000, 0x0000000085500000|100%| O|  |TAMS 0x0000000085400000, 0x0000000085400000| Untracked 
|  21|0x0000000085500000, 0x0000000085600000, 0x0000000085600000|100%| O|  |TAMS 0x0000000085500000, 0x0000000085500000| Untracked 
|  22|0x0000000085600000, 0x0000000085700000, 0x0000000085700000|100%| O|  |TAMS 0x0000000085600000, 0x0000000085600000| Untracked 
|  23|0x0000000085700000, 0x0000000085800000, 0x0000000085800000|100%| O|  |TAMS 0x0000000085700000, 0x0000000085700000| Untracked 
|  24|0x0000000085800000, 0x0000000085900000, 0x0000000085900000|100%| O|  |TAMS 0x0000000085800000, 0x0000000085800000| Untracked 
|  25|0x0000000085900000, 0x0000000085a00000, 0x0000000085a00000|100%| O|  |TAMS 0x0000000085900000, 0x0000000085900000| Untracked 
|  26|0x0000000085a00000, 0x0000000085a79400, 0x0000000085b00000| 47%| O|  |TAMS 0x0000000085a00000, 0x0000000085a00000| Untracked 
|  27|0x0000000085b00000, 0x0000000085b00000, 0x0000000085c00000|  0%| F|  |TAMS 0x0000000085b00000, 0x0000000085b00000| Untracked 
|  28|0x0000000085c00000, 0x0000000085c00000, 0x0000000085d00000|  0%| F|  |TAMS 0x0000000085c00000, 0x0000000085c00000| Untracked 
|  29|0x0000000085d00000, 0x0000000085d00000, 0x0000000085e00000|  0%| F|  |TAMS 0x0000000085d00000, 0x0000000085d00000| Untracked 
|  30|0x0000000085e00000, 0x0000000085e00000, 0x0000000085f00000|  0%| F|  |TAMS 0x0000000085e00000, 0x0000000085e00000| Untracked 
|  31|0x0000000085f00000, 0x0000000085f00000, 0x0000000086000000|  0%| F|  |TAMS 0x0000000085f00000, 0x0000000085f00000| Untracked 
|  32|0x0000000086000000, 0x0000000086000000, 0x0000000086100000|  0%| F|  |TAMS 0x0000000086000000, 0x0000000086000000| Untracked 
|  33|0x0000000086100000, 0x0000000086100000, 0x0000000086200000|  0%| F|  |TAMS 0x0000000086100000, 0x0000000086100000| Untracked 
|  34|0x0000000086200000, 0x0000000086273b90, 0x0000000086300000| 45%| S|CS|TAMS 0x0000000086200000, 0x0000000086200000| Complete 
|  35|0x0000000086300000, 0x0000000086300000, 0x0000000086400000|  0%| F|  |TAMS 0x0000000086300000, 0x0000000086300000| Untracked 
|  36|0x0000000086400000, 0x0000000086400000, 0x0000000086500000|  0%| F|  |TAMS 0x0000000086400000, 0x0000000086400000| Untracked 
|  37|0x0000000086500000, 0x0000000086500000, 0x0000000086600000|  0%| F|  |TAMS 0x0000000086500000, 0x0000000086500000| Untracked 
|  38|0x0000000086600000, 0x0000000086600000, 0x0000000086700000|  0%| F|  |TAMS 0x0000000086600000, 0x0000000086600000| Untracked 
|  39|0x0000000086700000, 0x0000000086700000, 0x0000000086800000|  0%| F|  |TAMS 0x0000000086700000, 0x0000000086700000| Untracked 
|  40|0x0000000086800000, 0x0000000086800000, 0x0000000086900000|  0%| F|  |TAMS 0x0000000086800000, 0x0000000086800000| Untracked 
|  41|0x0000000086900000, 0x0000000086900000, 0x0000000086a00000|  0%| F|  |TAMS 0x0000000086900000, 0x0000000086900000| Untracked 
|  42|0x0000000086a00000, 0x0000000086a00000, 0x0000000086b00000|  0%| F|  |TAMS 0x0000000086a00000, 0x0000000086a00000| Untracked 
|  43|0x0000000086b00000, 0x0000000086b00000, 0x0000000086c00000|  0%| F|  |TAMS 0x0000000086b00000, 0x0000000086b00000| Untracked 
|  44|0x0000000086c00000, 0x0000000086c00000, 0x0000000086d00000|  0%| F|  |TAMS 0x0000000086c00000, 0x0000000086c00000| Untracked 
|  45|0x0000000086d00000, 0x0000000086d00000, 0x0000000086e00000|  0%| F|  |TAMS 0x0000000086d00000, 0x0000000086d00000| Untracked 
|  46|0x0000000086e00000, 0x0000000086e00000, 0x0000000086f00000|  0%| F|  |TAMS 0x0000000086e00000, 0x0000000086e00000| Untracked 
|  47|0x0000000086f00000, 0x0000000086f00000, 0x0000000087000000|  0%| F|  |TAMS 0x0000000086f00000, 0x0000000086f00000| Untracked 
|  48|0x0000000087000000, 0x0000000087000000, 0x0000000087100000|  0%| F|  |TAMS 0x0000000087000000, 0x0000000087000000| Untracked 
|  49|0x0000000087100000, 0x0000000087100000, 0x0000000087200000|  0%| F|  |TAMS 0x0000000087100000, 0x0000000087100000| Untracked 
|  50|0x0000000087200000, 0x0000000087200000, 0x0000000087300000|  0%| F|  |TAMS 0x0000000087200000, 0x0000000087200000| Untracked 
|  51|0x0000000087300000, 0x0000000087300000, 0x0000000087400000|  0%| F|  |TAMS 0x0000000087300000, 0x0000000087300000| Untracked 
|  69|0x0000000088500000, 0x0000000088500000, 0x0000000088600000|  0%| F|  |TAMS 0x0000000088500000, 0x0000000088500000| Untracked 
|  70|0x0000000088600000, 0x0000000088600000, 0x0000000088700000|  0%| F|  |TAMS 0x0000000088600000, 0x0000000088600000| Untracked 
|  71|0x0000000088700000, 0x0000000088775e18, 0x0000000088800000| 46%| E|  |TAMS 0x0000000088700000, 0x0000000088700000| Complete 
|  72|0x0000000088800000, 0x0000000088900000, 0x0000000088900000|100%| E|CS|TAMS 0x0000000088800000, 0x0000000088800000| Complete 
|  73|0x0000000088900000, 0x0000000088a00000, 0x0000000088a00000|100%| E|CS|TAMS 0x0000000088900000, 0x0000000088900000| Complete 
|  74|0x0000000088a00000, 0x0000000088b00000, 0x0000000088b00000|100%| E|CS|TAMS 0x0000000088a00000, 0x0000000088a00000| Complete 
|  75|0x0000000088b00000, 0x0000000088c00000, 0x0000000088c00000|100%| E|CS|TAMS 0x0000000088b00000, 0x0000000088b00000| Complete 
| 123|0x000000008bb00000, 0x000000008bc00000, 0x000000008bc00000|100%| E|CS|TAMS 0x000000008bb00000, 0x000000008bb00000| Complete 

Card table byte_map: [0x00000286cf8f0000,0x00000286cfcd0000] _byte_map_base: 0x00000286cf4d0000

Marking Bits (Prev, Next): (CMBitMap*) 0x00000286b8985c80, (CMBitMap*) 0x00000286b8985cc0
 Prev Bits: [0x00000286d00b0000, 0x00000286d1fb0000)
 Next Bits: [0x00000286d1fb0000, 0x00000286d3eb0000)

Polling page: 0x00000286b80f0000

Metaspace:

Usage:
  Non-class:     45.35 MB used.
      Class:      6.85 MB used.
       Both:     52.20 MB used.

Virtual space:
  Non-class space:       64.00 MB reserved,      45.62 MB ( 71%) committed,  1 nodes.
      Class space:        1.00 GB reserved,       7.12 MB ( <1%) committed,  1 nodes.
             Both:        1.06 GB reserved,      52.75 MB (  5%) committed. 

Chunk freelists:
   Non-Class:  2.39 MB
       Class:  8.80 MB
        Both:  11.19 MB

MaxMetaspaceSize: unlimited
CompressedClassSpaceSize: 1.00 GB
Initial GC threshold: 21.00 MB
Current GC threshold: 59.19 MB
CDS: on
MetaspaceReclaimPolicy: balanced
 - commit_granule_bytes: 65536.
 - commit_granule_words: 8192.
 - virtual_space_node_default_size: 8388608.
 - enlarge_chunks_in_place: 1.
 - new_chunks_are_fully_committed: 0.
 - uncommit_free_chunks: 1.
 - use_allocation_guard: 0.
 - handle_deallocations: 1.


Internal statistics:

num_allocs_failed_limit: 6.
num_arena_births: 792.
num_arena_deaths: 0.
num_vsnodes_births: 2.
num_vsnodes_deaths: 0.
num_space_committed: 844.
num_space_uncommitted: 0.
num_chunks_returned_to_freelist: 6.
num_chunks_taken_from_freelist: 2674.
num_chunk_merges: 3.
num_chunk_splits: 1811.
num_chunks_enlarged: 1321.
num_inconsistent_stats: 0.

CodeHeap 'non-profiled nmethods': size=120000Kb used=4475Kb max_used=4475Kb free=115524Kb
 bounds [0x00000286c7cb0000, 0x00000286c8110000, 0x00000286cf1e0000]
CodeHeap 'profiled nmethods': size=120000Kb used=12990Kb max_used=12990Kb free=107009Kb
 bounds [0x00000286c01e0000, 0x00000286c0e90000, 0x00000286c7710000]
CodeHeap 'non-nmethods': size=5760Kb used=1327Kb max_used=1410Kb free=4432Kb
 bounds [0x00000286c7710000, 0x00000286c7980000, 0x00000286c7cb0000]
 total_blobs=7235 nmethods=6599 adapters=546
 compilation: enabled
              stopped_count=0, restarted_count=0
 full_count=0

Compilation events (20 events):
Event: 1410.734 Thread 0x00000286d6912210 nmethod 7348 0x00000286c0e8a890 code [0x00000286c0e8aa40, 0x00000286c0e8ac08]
Event: 1410.734 Thread 0x00000286d6912210 7349   !   3       sun.security.ssl.SSLSocketImpl$AppOutputStream::write (325 bytes)
Event: 1410.738 Thread 0x00000286d6912210 nmethod 7349 0x00000286c0e8ad10 code [0x00000286c0e8b100, 0x00000286c0e8ca08]
Event: 1410.749 Thread 0x00000286d6912210 7350       3       com.mongodb.internal.connection.CommandHelper::getCommandMessage (70 bytes)
Event: 1410.750 Thread 0x00000286d6912210 nmethod 7350 0x00000286c0e8d590 code [0x00000286c0e8d7e0, 0x00000286c0e8e258]
Event: 1419.354 Thread 0x00000286d6900740 7351       4       org.bson.AbstractBsonReader::setStateOnEnd (93 bytes)
Event: 1419.357 Thread 0x00000286d6900740 nmethod 7351 0x00000286c810e090 code [0x00000286c810e220, 0x00000286c810e498]
Event: 1420.882 Thread 0x00000286d6912210 7352       3       sun.security.ssl.Authenticator$SSLAuthenticator::seqNumOverflow (85 bytes)
Event: 1420.882 Thread 0x00000286d6912210 nmethod 7352 0x00000286c0e8e690 code [0x00000286c0e8e840, 0x00000286c0e8ec38]
Event: 1420.882 Thread 0x00000286d6912210 7353       3       com.mongodb.internal.connection.ElementExtendingBsonWriter::writeStartDocument (5 bytes)
Event: 1420.882 Thread 0x00000286d6912210 nmethod 7353 0x00000286c0e8ed90 code [0x00000286c0e8ef40, 0x00000286c0e8f1c8]
Event: 1420.882 Thread 0x00000286d6912210 7354       3       com.mongodb.internal.connection.ElementExtendingBsonWriter::writeEndDocument (23 bytes)
Event: 1420.883 Thread 0x00000286d6912210 nmethod 7354 0x00000286c0e8f310 code [0x00000286c0e8f4e0, 0x00000286c0e8f898]
Event: 1428.537 Thread 0x00000286d6900740 7355       4       java.util.concurrent.atomic.AtomicLong::set (12 bytes)
Event: 1428.537 Thread 0x00000286d6900740 nmethod 7355 0x00000286c810e610 code [0x00000286c810e780, 0x00000286c810e7f8]
Event: 1429.348 Thread 0x00000286d6900740 7356       4       org.bson.BsonBinaryReader$Context::popContext (54 bytes)
Event: 1429.349 Thread 0x00000286d6900740 nmethod 7356 0x00000286c810e910 code [0x00000286c810ea80, 0x00000286c810eb38]
Event: 1429.368 Thread 0x00000286d6900740 7357       4       org.bson.BsonInt32::getBsonType (4 bytes)
Event: 1429.368 Thread 0x00000286d6900740 nmethod 7357 0x00000286c810ec10 code [0x00000286c810ed80, 0x00000286c810edf8]
Event: 1441.345 Thread 0x00000286d6900740 7358   !   4       com.mongodb.internal.connection.ProtocolHelper::getNestedFieldValue (84 bytes)

GC Heap History (20 events):
Event: 8.231 GC heap before
{Heap before GC invocations=13 (full 0):
 garbage-first heap   total 61440K, used 46338K [0x0000000084000000, 0x0000000100000000)
  region size 1024K, 26 young (26624K), 1 survivors (1024K)
 Metaspace       used 44196K, committed 44672K, reserved 1114112K
  class space    used 5846K, committed 6080K, reserved 1048576K
}
Event: 8.236 GC heap after
{Heap after GC invocations=14 (full 0):
 garbage-first heap   total 61440K, used 22371K [0x0000000084000000, 0x0000000100000000)
  region size 1024K, 3 young (3072K), 3 survivors (3072K)
 Metaspace       used 44196K, committed 44672K, reserved 1114112K
  class space    used 5846K, committed 6080K, reserved 1048576K
}
Event: 9.030 GC heap before
{Heap before GC invocations=14 (full 0):
 garbage-first heap   total 61440K, used 46947K [0x0000000084000000, 0x0000000100000000)
  region size 1024K, 27 young (27648K), 3 survivors (3072K)
 Metaspace       used 46343K, committed 46848K, reserved 1114112K
  class space    used 6135K, committed 6400K, reserved 1048576K
}
Event: 9.037 GC heap after
{Heap after GC invocations=15 (full 0):
 garbage-first heap   total 61440K, used 24134K [0x0000000084000000, 0x0000000100000000)
  region size 1024K, 4 young (4096K), 4 survivors (4096K)
 Metaspace       used 46343K, committed 46848K, reserved 1114112K
  class space    used 6135K, committed 6400K, reserved 1048576K
}
Event: 9.667 GC heap before
{Heap before GC invocations=15 (full 0):
 garbage-first heap   total 61440K, used 47686K [0x0000000084000000, 0x0000000100000000)
  region size 1024K, 27 young (27648K), 4 survivors (4096K)
 Metaspace       used 48092K, committed 48640K, reserved 1114112K
  class space    used 6388K, committed 6656K, reserved 1048576K
}
Event: 9.673 GC heap after
{Heap after GC invocations=16 (full 0):
 garbage-first heap   total 61440K, used 25998K [0x0000000084000000, 0x0000000100000000)
  region size 1024K, 4 young (4096K), 4 survivors (4096K)
 Metaspace       used 48092K, committed 48640K, reserved 1114112K
  class space    used 6388K, committed 6656K, reserved 1048576K
}
Event: 39.781 GC heap before
{Heap before GC invocations=16 (full 0):
 garbage-first heap   total 61440K, used 47502K [0x0000000084000000, 0x0000000100000000)
  region size 1024K, 26 young (26624K), 4 survivors (4096K)
 Metaspace       used 51390K, committed 51968K, reserved 1114112K
  class space    used 6819K, committed 7104K, reserved 1048576K
}
Event: 39.789 GC heap after
{Heap after GC invocations=17 (full 0):
 garbage-first heap   total 61440K, used 27286K [0x0000000084000000, 0x0000000100000000)
  region size 1024K, 4 young (4096K), 4 survivors (4096K)
 Metaspace       used 51390K, committed 51968K, reserved 1114112K
  class space    used 6819K, committed 7104K, reserved 1048576K
}
Event: 192.744 GC heap before
{Heap before GC invocations=17 (full 0):
 garbage-first heap   total 61440K, used 48790K [0x0000000084000000, 0x0000000100000000)
  region size 1024K, 25 young (25600K), 4 survivors (4096K)
 Metaspace       used 52988K, committed 53632K, reserved 1114112K
  class space    used 7013K, committed 7296K, reserved 1048576K
}
Event: 192.758 GC heap after
{Heap after GC invocations=18 (full 0):
 garbage-first heap   total 61440K, used 27634K [0x0000000084000000, 0x0000000100000000)
  region size 1024K, 2 young (2048K), 2 survivors (2048K)
 Metaspace       used 52988K, committed 53632K, reserved 1114112K
  class space    used 7013K, committed 7296K, reserved 1048576K
}
Event: 412.963 GC heap before
{Heap before GC invocations=18 (full 0):
 garbage-first heap   total 61440K, used 49138K [0x0000000084000000, 0x0000000100000000)
  region size 1024K, 23 young (23552K), 2 survivors (2048K)
 Metaspace       used 53162K, committed 53760K, reserved 1114112K
  class space    used 7013K, committed 7296K, reserved 1048576K
}
Event: 412.968 GC heap after
{Heap after GC invocations=19 (full 0):
 garbage-first heap   total 61440K, used 27678K [0x0000000084000000, 0x0000000100000000)
  region size 1024K, 1 young (1024K), 1 survivors (1024K)
 Metaspace       used 53162K, committed 53760K, reserved 1114112K
  class space    used 7013K, committed 7296K, reserved 1048576K
}
Event: 643.121 GC heap before
{Heap before GC invocations=19 (full 0):
 garbage-first heap   total 61440K, used 50206K [0x0000000084000000, 0x0000000100000000)
  region size 1024K, 23 young (23552K), 1 survivors (1024K)
 Metaspace       used 53228K, committed 53824K, reserved 1114112K
  class space    used 7013K, committed 7296K, reserved 1048576K
}
Event: 643.124 GC heap after
{Heap after GC invocations=20 (full 0):
 garbage-first heap   total 61440K, used 27593K [0x0000000084000000, 0x0000000100000000)
  region size 1024K, 1 young (1024K), 1 survivors (1024K)
 Metaspace       used 53228K, committed 53824K, reserved 1114112K
  class space    used 7013K, committed 7296K, reserved 1048576K
}
Event: 888.514 GC heap before
{Heap before GC invocations=20 (full 0):
 garbage-first heap   total 61440K, used 51145K [0x0000000084000000, 0x0000000100000000)
  region size 1024K, 24 young (24576K), 1 survivors (1024K)
 Metaspace       used 53324K, committed 53952K, reserved 1114112K
  class space    used 7013K, committed 7296K, reserved 1048576K
}
Event: 888.518 GC heap after
{Heap after GC invocations=21 (full 0):
 garbage-first heap   total 61440K, used 27547K [0x0000000084000000, 0x0000000100000000)
  region size 1024K, 1 young (1024K), 1 survivors (1024K)
 Metaspace       used 53324K, committed 53952K, reserved 1114112K
  class space    used 7013K, committed 7296K, reserved 1048576K
}
Event: 1139.053 GC heap before
{Heap before GC invocations=21 (full 0):
 garbage-first heap   total 61440K, used 51099K [0x0000000084000000, 0x0000000100000000)
  region size 1024K, 24 young (24576K), 1 survivors (1024K)
 Metaspace       used 53395K, committed 53952K, reserved 1114112K
  class space    used 7013K, committed 7296K, reserved 1048576K
}
Event: 1139.076 GC heap after
{Heap after GC invocations=22 (full 0):
 garbage-first heap   total 61440K, used 27544K [0x0000000084000000, 0x0000000100000000)
  region size 1024K, 1 young (1024K), 1 survivors (1024K)
 Metaspace       used 53395K, committed 53952K, reserved 1114112K
  class space    used 7013K, committed 7296K, reserved 1048576K
}
Event: 1389.251 GC heap before
{Heap before GC invocations=22 (full 0):
 garbage-first heap   total 61440K, used 52120K [0x0000000084000000, 0x0000000100000000)
  region size 1024K, 25 young (25600K), 1 survivors (1024K)
 Metaspace       used 53441K, committed 54016K, reserved 1114112K
  class space    used 7013K, committed 7296K, reserved 1048576K
}
Event: 1389.261 GC heap after
{Heap after GC invocations=23 (full 0):
 garbage-first heap   total 61440K, used 27571K [0x0000000084000000, 0x0000000100000000)
  region size 1024K, 1 young (1024K), 1 survivors (1024K)
 Metaspace       used 53441K, committed 54016K, reserved 1114112K
  class space    used 7013K, committed 7296K, reserved 1048576K
}

Deoptimization events (20 events):
Event: 39.642 Thread 0x000002871f66af70 DEOPT PACKING pc=0x00000286c7d8a20c sp=0x000000f6562f8bc0
Event: 39.642 Thread 0x000002871f66af70 DEOPT UNPACKING pc=0x00000286c7765ba3 sp=0x000000f6562f8ad8 mode 2
Event: 40.054 Thread 0x000002871f66af70 Uncommon trap: trap_request=0xffffff45 fr.pc=0x00000286c7e7e588 relative=0x0000000000000508
Event: 40.054 Thread 0x000002871f66af70 Uncommon trap: reason=unstable_if action=reinterpret pc=0x00000286c7e7e588 method=jdk.internal.org.objectweb.asm.Type.getArgumentsAndReturnSizes(Ljava/lang/String;)I @ 123 c2
Event: 40.054 Thread 0x000002871f66af70 DEOPT PACKING pc=0x00000286c7e7e588 sp=0x000000f6562f83f0
Event: 40.054 Thread 0x000002871f66af70 DEOPT UNPACKING pc=0x00000286c7765ba3 sp=0x000000f6562f8370 mode 2
Event: 40.054 Thread 0x000002871f66af70 Uncommon trap: trap_request=0xffffff45 fr.pc=0x00000286c801efa0 relative=0x0000000000005940
Event: 40.054 Thread 0x000002871f66af70 Uncommon trap: reason=unstable_if action=reinterpret pc=0x00000286c801efa0 method=jdk.internal.org.objectweb.asm.Type.getArgumentsAndReturnSizes(Ljava/lang/String;)I @ 123 c2
Event: 40.054 Thread 0x000002871f66af70 DEOPT PACKING pc=0x00000286c801efa0 sp=0x000000f6562f83c0
Event: 40.054 Thread 0x000002871f66af70 DEOPT UNPACKING pc=0x00000286c7765ba3 sp=0x000000f6562f8268 mode 2
Event: 40.056 Thread 0x000002871f66af70 Uncommon trap: trap_request=0xffffff45 fr.pc=0x00000286c7df3a14 relative=0x00000000000008b4
Event: 40.056 Thread 0x000002871f66af70 Uncommon trap: reason=unstable_if action=reinterpret pc=0x00000286c7df3a14 method=jdk.internal.org.objectweb.asm.MethodWriter.visitVarInsn(II)V @ 242 c2
Event: 40.056 Thread 0x000002871f66af70 DEOPT PACKING pc=0x00000286c7df3a14 sp=0x000000f6562f8980
Event: 40.056 Thread 0x000002871f66af70 DEOPT UNPACKING pc=0x00000286c7765ba3 sp=0x000000f6562f8968 mode 2
Event: 48.195 Thread 0x000002871c99c1f0 DEOPT PACKING pc=0x00000286c0bf7356 sp=0x000000f6553fec90
Event: 48.195 Thread 0x000002871c99c1f0 DEOPT UNPACKING pc=0x00000286c77666e3 sp=0x000000f6553fe118 mode 0
Event: 49.161 Thread 0x000002871f6681e0 DEOPT PACKING pc=0x00000286c0bf7356 sp=0x000000f655cfe870
Event: 49.161 Thread 0x000002871f6681e0 DEOPT UNPACKING pc=0x00000286c77666e3 sp=0x000000f655cfdcf8 mode 0
Event: 88.229 Thread 0x000002871c99c1f0 DEOPT PACKING pc=0x00000286c02ab0c2 sp=0x000000f6553fe7b0
Event: 88.229 Thread 0x000002871c99c1f0 DEOPT UNPACKING pc=0x00000286c77666e3 sp=0x000000f6553fdca0 mode 0

Classes unloaded (0 events):
No events

Classes redefined (0 events):
No events

Internal exceptions (20 events):
Event: 8.160 Thread 0x000002871c664b90 Exception <a 'java/io/FileNotFoundException'{0x000000008632a3a0}> (0x000000008632a3a0) 
thrown [s\open\src\hotspot\share\prims\jni.cpp, line 516]
Event: 8.297 Thread 0x000002871c664b90 Exception <a 'java/lang/IncompatibleClassChangeError'{0x0000000088a616c8}: Found class java.lang.Object, but interface was expected> (0x0000000088a616c8) 
thrown [s\open\src\hotspot\share\interpreter\linkResolver.cpp, line 826]
Event: 9.099 Thread 0x000002871c664b90 Exception <a 'sun/nio/fs/WindowsException'{0x0000000088a63e58}> (0x0000000088a63e58) 
thrown [s\open\src\hotspot\share\prims\jni.cpp, line 516]
Event: 9.227 Thread 0x000002871c664b90 Exception <a 'java/lang/IncompatibleClassChangeError'{0x0000000088568c68}: Found class java.lang.Object, but interface was expected> (0x0000000088568c68) 
thrown [s\open\src\hotspot\share\interpreter\linkResolver.cpp, line 826]
Event: 9.409 Thread 0x000002871c664b90 Exception <a 'java/lang/NoSuchMethodError'{0x0000000086d68c88}: 'java.lang.Object java.lang.invoke.DirectMethodHandle$Holder.invokeInterface(java.lang.Object, java.lang.Object, java.lang.Object, java.lang.Object)'> (0x0000000086d68c88) 
thrown [s\open\src\hotspot\share\interpreter\linkResolver.cpp, line 759]
Event: 9.505 Thread 0x000002871c664b90 Exception <a 'java/lang/NoSuchMethodError'{0x0000000086a20d78}: 'void java.lang.invoke.DirectMethodHandle$Holder.invokeVirtual(java.lang.Object, java.lang.Object, long)'> (0x0000000086a20d78) 
thrown [s\open\src\hotspot\share\interpreter\linkResolver.cpp, line 759]
Event: 9.642 Thread 0x000002871c664b90 Exception <a 'java/lang/NoSuchMethodError'{0x0000000086517950}: 'java.lang.Object java.lang.invoke.Invokers$Holder.invoke_MT(java.lang.Object, java.lang.Object, java.lang.Object, java.lang.Object, java.lang.Object, java.lang.Object, java.lang.Object, java.lang.Object, java.lang.Object)'> (0x0000000086517950) 
thrown [s\open\src\hotspot\share\interpreter\linkResolver.cpp, line 759]
Event: 9.882 Thread 0x000002871c664b90 Exception <a 'java/lang/NoSuchMethodError'{0x0000000088563980}: 'java.lang.Object java.lang.invoke.DirectMethodHandle$Holder.newInvokeSpecial(java.lang.Object, java.lang.Object, int, java.lang.Object, java.lang.Object)'> (0x0000000088563980) 
thrown [s\open\src\hotspot\share\interpreter\linkResolver.cpp, line 759]
Event: 38.520 Thread 0x000002871f66af70 Exception <a 'java/lang/NoSuchMethodError'{0x0000000086d63fa8}: 'java.lang.Object java.lang.invoke.DirectMethodHandle$Holder.invokeSpecial(java.lang.Object, java.lang.Object, java.lang.Object, java.lang.Object, java.lang.Object, long)'> (0x0000000086d63fa8) 
thrown [s\open\src\hotspot\share\interpreter\linkResolver.cpp, line 759]
Event: 38.521 Thread 0x000002871f66af70 Exception <a 'java/lang/NoSuchMethodError'{0x0000000086d679e8}: 'java.lang.Object java.lang.invoke.Invokers$Holder.linkToTargetMethod(java.lang.Object, java.lang.Object, java.lang.Object, long, java.lang.Object)'> (0x0000000086d679e8) 
thrown [s\open\src\hotspot\share\interpreter\linkResolver.cpp, line 759]
Event: 38.931 Thread 0x000002871f66af70 Exception <a 'java/lang/reflect/InvocationTargetException'{0x00000000867c1690}> (0x00000000867c1690) 
thrown [s\open\src\hotspot\share\runtime\reflection.cpp, line 1121]
Event: 39.642 Thread 0x000002871f66af70 Implicit null exception at 0x00000286c7d89751 to 0x00000286c7d8a1dc
Event: 39.972 Thread 0x000002871f66af70 Exception <a 'java/lang/NoSuchMethodError'{0x000000008bba30c8}: 'long java.lang.invoke.DirectMethodHandle$Holder.invokeStatic(java.lang.Object, long)'> (0x000000008bba30c8) 
thrown [s\open\src\hotspot\share\interpreter\linkResolver.cpp, line 759]
Event: 39.980 Thread 0x000002871f66af70 Exception <a 'java/lang/NoSuchMethodError'{0x000000008bbebee8}: 'java.lang.Object java.lang.invoke.DirectMethodHandle$Holder.invokeVirtual(java.lang.Object, java.lang.Object, java.lang.Object, java.lang.Object, java.lang.Object)'> (0x000000008bbebee8) 
thrown [s\open\src\hotspot\share\interpreter\linkResolver.cpp, line 759]
Event: 40.023 Thread 0x000002871f66af70 Exception <a 'java/lang/NoSuchMethodError'{0x0000000088a0afc0}: 'void java.lang.invoke.Invokers$Holder.invoke_MT(java.lang.Object, java.lang.Object, java.lang.Object, java.lang.Object)'> (0x0000000088a0afc0) 
thrown [s\open\src\hotspot\share\interpreter\linkResolver.cpp, line 759]
Event: 40.030 Thread 0x000002871f66af70 Exception <a 'java/lang/NoSuchMethodError'{0x0000000088a342b0}: 'int java.lang.invoke.DirectMethodHandle$Holder.invokeSpecial(java.lang.Object, java.lang.Object, java.lang.Object, int)'> (0x0000000088a342b0) 
thrown [s\open\src\hotspot\share\interpreter\linkResolver.cpp, line 759]
Event: 40.032 Thread 0x000002871f66af70 Exception <a 'java/lang/NoSuchMethodError'{0x0000000088a46b98}: 'java.lang.Object java.lang.invoke.DirectMethodHandle$Holder.invokeStatic(java.lang.Object, java.lang.Object, java.lang.Object, java.lang.Object, int)'> (0x0000000088a46b98) 
thrown [s\open\src\hotspot\share\interpreter\linkResolver.cpp, line 759]
Event: 40.033 Thread 0x000002871f66af70 Exception <a 'java/lang/NoSuchMethodError'{0x0000000088a51b18}: 'void java.lang.invoke.DelegatingMethodHandle$Holder.reinvoke_L(java.lang.Object, java.lang.Object, int)'> (0x0000000088a51b18) 
thrown [s\open\src\hotspot\share\interpreter\linkResolver.cpp, line 759]
Event: 40.055 Thread 0x000002871f66af70 Exception <a 'java/lang/NoSuchMethodError'{0x0000000088af4900}: 'double java.lang.invoke.DelegatingMethodHandle$Holder.reinvoke_L(java.lang.Object, java.lang.Object, int)'> (0x0000000088af4900) 
thrown [s\open\src\hotspot\share\interpreter\linkResolver.cpp, line 759]
Event: 40.056 Thread 0x000002871f66af70 Exception <a 'java/lang/NoSuchMethodError'{0x0000000088900080}: 'void java.lang.invoke.DelegatingMethodHandle$Holder.reinvoke_L(java.lang.Object, java.lang.Object, double)'> (0x0000000088900080) 
thrown [s\open\src\hotspot\share\interpreter\linkResolver.cpp, line 759]

VM Operations (20 events):
Event: 1330.369 Executing VM operation: Cleanup
Event: 1330.369 Executing VM operation: Cleanup done
Event: 1349.481 Executing VM operation: Cleanup
Event: 1349.482 Executing VM operation: Cleanup done
Event: 1350.484 Executing VM operation: Cleanup
Event: 1350.484 Executing VM operation: Cleanup done
Event: 1360.565 Executing VM operation: Cleanup
Event: 1360.565 Executing VM operation: Cleanup done
Event: 1370.650 Executing VM operation: Cleanup
Event: 1370.650 Executing VM operation: Cleanup done
Event: 1379.716 Executing VM operation: Cleanup
Event: 1379.716 Executing VM operation: Cleanup done
Event: 1380.717 Executing VM operation: Cleanup
Event: 1380.717 Executing VM operation: Cleanup done
Event: 1389.250 Executing VM operation: G1CollectForAllocation
Event: 1389.261 Executing VM operation: G1CollectForAllocation done
Event: 1411.413 Executing VM operation: Cleanup
Event: 1411.413 Executing VM operation: Cleanup done
Event: 1431.572 Executing VM operation: Cleanup
Event: 1431.573 Executing VM operation: Cleanup done

Events (20 events):
Event: 40.074 loading class java/time/format/DateTimeFormatterBuilder$ZoneTextPrinterParser done
Event: 40.074 loading class java/time/format/DateTimeFormatterBuilder$ReducedPrinterParser
Event: 40.074 loading class java/time/format/DateTimeFormatterBuilder$ReducedPrinterParser done
Event: 40.270 loading class java/util/AbstractMap$SimpleEntry
Event: 40.271 loading class java/util/AbstractMap$SimpleEntry done
Event: 40.341 loading class java/util/stream/LongStream
Event: 40.342 loading class java/util/stream/LongStream done
Event: 40.342 loading class java/util/stream/DoubleStream
Event: 40.342 loading class java/util/stream/DoubleStream done
Event: 40.372 loading class org/w3c/dom/Node
Event: 40.372 loading class org/w3c/dom/Node done
Event: 40.372 loading class org/w3c/dom/Document
Event: 40.373 loading class org/w3c/dom/Document done
Event: 40.376 loading class jdk/internal/ValueBased
Event: 40.376 loading class jdk/internal/ValueBased done
Event: 40.396 loading class java/time/Instant$1
Event: 40.396 loading class java/time/Instant$1 done
Event: 41.649 Thread 0x000002871c934eb0 Thread exited: 0x000002871c934eb0
Event: 41.649 Thread 0x000002871d48a030 Thread exited: 0x000002871d48a030
Event: 66.375 Thread 0x000002871c99ef80 Thread exited: 0x000002871c99ef80


Dynamic libraries:
0x00007ff72d380000 - 0x00007ff72d390000 	C:\Program Files\Java\jdk-17\bin\java.exe
0x00007ffea5740000 - 0x00007ffea59a8000 	C:\WINDOWS\SYSTEM32\ntdll.dll
0x00007ffea5630000 - 0x00007ffea56f9000 	C:\WINDOWS\System32\KERNEL32.DLL
0x00007ffea2640000 - 0x00007ffea2a31000 	C:\WINDOWS\System32\KERNELBASE.dll
0x00007ffea20d0000 - 0x00007ffea221b000 	C:\WINDOWS\System32\ucrtbase.dll
0x00007ffe906e0000 - 0x00007ffe906f9000 	C:\Program Files\Java\jdk-17\bin\jli.dll
0x00007ffe90200000 - 0x00007ffe9021b000 	C:\Program Files\Java\jdk-17\bin\VCRUNTIME140.dll
0x00007ffea43e0000 - 0x00007ffea4494000 	C:\WINDOWS\System32\ADVAPI32.dll
0x00007ffea44a0000 - 0x00007ffea4549000 	C:\WINDOWS\System32\msvcrt.dll
0x00007ffea45e0000 - 0x00007ffea4686000 	C:\WINDOWS\System32\sechost.dll
0x00007ffea54f0000 - 0x00007ffea5608000 	C:\WINDOWS\System32\RPCRT4.dll
0x00007ffea4b60000 - 0x00007ffea4d26000 	C:\WINDOWS\System32\USER32.dll
0x00007ffea2a40000 - 0x00007ffea2a67000 	C:\WINDOWS\System32\win32u.dll
0x00007ffea4ad0000 - 0x00007ffea4afb000 	C:\WINDOWS\System32\GDI32.dll
0x00007ffe80520000 - 0x00007ffe807b3000 	C:\WINDOWS\WinSxS\amd64_microsoft.windows.common-controls_6595b64144ccf1df_6.0.26100.7824_none_3e0870b2e3345462\COMCTL32.dll
0x00007ffea2220000 - 0x00007ffea234b000 	C:\WINDOWS\System32\gdi32full.dll
0x00007ffea2020000 - 0x00007ffea20c3000 	C:\WINDOWS\System32\msvcp_win.dll
0x00007ffe98ae0000 - 0x00007ffe98aeb000 	C:\WINDOWS\SYSTEM32\VERSION.dll
0x00007ffea3d80000 - 0x00007ffea3db1000 	C:\WINDOWS\System32\IMM32.DLL
0x00007ffe90c50000 - 0x00007ffe90c5c000 	C:\Program Files\Java\jdk-17\bin\vcruntime140_1.dll
0x00007ffe3cdb0000 - 0x00007ffe3ce3e000 	C:\Program Files\Java\jdk-17\bin\msvcp140.dll
0x00007ffdfd780000 - 0x00007ffdfe360000 	C:\Program Files\Java\jdk-17\bin\server\jvm.dll
0x00007ffea5610000 - 0x00007ffea5618000 	C:\WINDOWS\System32\PSAPI.DLL
0x00007ffe84e80000 - 0x00007ffe84e8a000 	C:\WINDOWS\SYSTEM32\WSOCK32.dll
0x00007ffe994a0000 - 0x00007ffe994d5000 	C:\WINDOWS\SYSTEM32\WINMM.dll
0x00007ffea3c00000 - 0x00007ffea3c74000 	C:\WINDOWS\System32\WS2_32.dll
0x00007ffea0dc0000 - 0x00007ffea0ddb000 	C:\WINDOWS\SYSTEM32\kernel.appcore.dll
0x00007ffe905f0000 - 0x00007ffe905fa000 	C:\Program Files\Java\jdk-17\bin\jimage.dll
0x00007ffe9fea0000 - 0x00007ffea00e2000 	C:\WINDOWS\SYSTEM32\DBGHELP.DLL
0x00007ffea4710000 - 0x00007ffea4a96000 	C:\WINDOWS\System32\combase.dll
0x00007ffea4300000 - 0x00007ffea43d7000 	C:\WINDOWS\System32\OLEAUT32.dll
0x00007ffe808e0000 - 0x00007ffe8091b000 	C:\WINDOWS\SYSTEM32\dbgcore.DLL
0x00007ffea2350000 - 0x00007ffea23f5000 	C:\WINDOWS\System32\bcryptPrimitives.dll
0x00007ffe8f770000 - 0x00007ffe8f77e000 	C:\Program Files\Java\jdk-17\bin\instrument.dll
0x00007ffe8f800000 - 0x00007ffe8f825000 	C:\Program Files\Java\jdk-17\bin\java.dll
0x00007ffe32560000 - 0x00007ffe32637000 	C:\Program Files\Java\jdk-17\bin\jsvml.dll
0x00007ffea4d90000 - 0x00007ffea54e2000 	C:\WINDOWS\System32\SHELL32.dll
0x00007ffea2a70000 - 0x00007ffea2bda000 	C:\WINDOWS\System32\wintypes.dll
0x00007ffea2c70000 - 0x00007ffea34d3000 	C:\WINDOWS\System32\windows.storage.dll
0x00007ffea4010000 - 0x00007ffea4106000 	C:\WINDOWS\System32\SHCORE.dll
0x00007ffea3dc0000 - 0x00007ffea3e27000 	C:\WINDOWS\System32\shlwapi.dll
0x00007ffea1f40000 - 0x00007ffea1f69000 	C:\WINDOWS\SYSTEM32\profapi.dll
0x00007ffe7d110000 - 0x00007ffe7d128000 	C:\Program Files\Java\jdk-17\bin\zip.dll
0x00007ffe7fae0000 - 0x00007ffe7faf9000 	C:\Program Files\Java\jdk-17\bin\net.dll
0x00007ffe98980000 - 0x00007ffe98aa7000 	C:\WINDOWS\SYSTEM32\WINHTTP.dll
0x00007ffea1330000 - 0x00007ffea139b000 	C:\WINDOWS\system32\mswsock.dll
0x00007ffe7d7f0000 - 0x00007ffe7d806000 	C:\Program Files\Java\jdk-17\bin\nio.dll
0x00007ffe86d30000 - 0x00007ffe86d3a000 	C:\Program Files\Java\jdk-17\bin\management.dll
0x00007ffe7fad0000 - 0x00007ffe7fadb000 	C:\Program Files\Java\jdk-17\bin\management_ext.dll
0x00007ffe904a0000 - 0x00007ffe904ae000 	C:\Program Files\Java\jdk-17\bin\sunmscapi.dll
0x00007ffea2400000 - 0x00007ffea2577000 	C:\WINDOWS\System32\CRYPT32.dll
0x00007ffea1820000 - 0x00007ffea1850000 	C:\WINDOWS\SYSTEM32\ncrypt.dll
0x00007ffea17d0000 - 0x00007ffea180f000 	C:\WINDOWS\SYSTEM32\NTASN1.dll
0x00007ffea1600000 - 0x00007ffea161b000 	C:\WINDOWS\SYSTEM32\CRYPTSP.dll
0x00007ffea0d20000 - 0x00007ffea0d59000 	C:\WINDOWS\system32\rsaenh.dll
0x00007ffea13e0000 - 0x00007ffea140b000 	C:\WINDOWS\SYSTEM32\USERENV.dll
0x00007ffea1f10000 - 0x00007ffea1f3a000 	C:\WINDOWS\SYSTEM32\bcrypt.dll
0x00007ffea1620000 - 0x00007ffea162c000 	C:\WINDOWS\SYSTEM32\CRYPTBASE.dll
0x00007ffea07d0000 - 0x00007ffea0804000 	C:\WINDOWS\SYSTEM32\IPHLPAPI.DLL
0x00007ffea4d30000 - 0x00007ffea4d3a000 	C:\WINDOWS\System32\NSI.dll
0x00007ffe9bea0000 - 0x00007ffe9bebe000 	C:\WINDOWS\SYSTEM32\dhcpcsvc6.DLL
0x00007ffe9be60000 - 0x00007ffe9be83000 	C:\WINDOWS\SYSTEM32\dhcpcsvc.DLL
0x00007ffea0870000 - 0x00007ffea099c000 	C:\WINDOWS\SYSTEM32\DNSAPI.dll
0x00007ffe990b0000 - 0x00007ffe990bb000 	C:\Windows\System32\rasadhlp.dll
0x00007ffe9c0a0000 - 0x00007ffe9c126000 	C:\WINDOWS\System32\fwpuclnt.dll
0x00007ffe91b70000 - 0x00007ffe91b78000 	C:\WINDOWS\system32\wshunix.dll
0x00007ffe8f970000 - 0x00007ffe8f980000 	C:\Program Files\Java\jdk-17\bin\verify.dll

dbghelp: loaded successfully - version: 4.0.5 - missing functions: none
symbol engine: initialized successfully - sym options: 0x614 - pdb path: .;C:\Program Files\Java\jdk-17\bin;C:\WINDOWS\SYSTEM32;C:\WINDOWS\WinSxS\amd64_microsoft.windows.common-controls_6595b64144ccf1df_6.0.26100.7824_none_3e0870b2e3345462;C:\Program Files\Java\jdk-17\bin\server

VM Arguments:
jvm_args: -javaagent:C:\Program Files\JetBrains\IntelliJ IDEA Community Edition 2025.2.6.1\lib\idea_rt.jar=61729 -Dfile.encoding=UTF-8 
java_command: com.ovr.oceanview_reservation_api.OceanviewReservationApiApplication
java_class_path (initial): C:\Users\HP\Desktop\Assignments\Nadil\AP\oceanview\oceanview-reservation-api\target\classes;C:\Users\HP\.m2\repository\org\springframework\boot\spring-boot-starter-web\3.4.3\spring-boot-starter-web-3.4.3.jar;C:\Users\HP\.m2\repository\org\springframework\boot\spring-boot-starter\3.4.3\spring-boot-starter-3.4.3.jar;C:\Users\HP\.m2\repository\org\springframework\boot\spring-boot-starter-logging\3.4.3\spring-boot-starter-logging-3.4.3.jar;C:\Users\HP\.m2\repository\ch\qos\logback\logback-classic\1.5.16\logback-classic-1.5.16.jar;C:\Users\HP\.m2\repository\ch\qos\logback\logback-core\1.5.16\logback-core-1.5.16.jar;C:\Users\HP\.m2\repository\org\apache\logging\log4j\log4j-to-slf4j\2.24.3\log4j-to-slf4j-2.24.3.jar;C:\Users\HP\.m2\repository\org\apache\logging\log4j\log4j-api\2.24.3\log4j-api-2.24.3.jar;C:\Users\HP\.m2\repository\org\slf4j\jul-to-slf4j\2.0.16\jul-to-slf4j-2.0.16.jar;C:\Users\HP\.m2\repository\jakarta\annotation\jakarta.annotation-api\2.1.1\jakarta.annotation-api-2.1.1.jar;C:\Users\HP\.m2\repository\org\yaml\snakeyaml\2.3\snakeyaml-2.3.jar;C:\Users\HP\.m2\repository\org\springframework\boot\spring-boot-starter-json\3.4.3\spring-boot-starter-json-3.4.3.jar;C:\Users\HP\.m2\repository\com\fasterxml\jackson\datatype\jackson-datatype-jdk8\2.18.2\jackson-datatype-jdk8-2.18.2.jar;C:\Users\HP\.m2\repository\com\fasterxml\jackson\datatype\jackson-datatype-jsr310\2.18.2\jackson-datatype-jsr310-2.18.2.jar;C:\Users\HP\.m2\repository\com\fasterxml\jackson\module\jackson-module-parameter-names\2.18.2\jackson-module-parameter-names-2.18.2.jar;C:\Users\HP\.m2\repository\org\springframework\boot\spring-boot-starter-tomcat\3.4.3\spring-boot-starter-tomcat-3.4.3.jar;C:\Users\HP\.m2\repository\org\apache\tomcat\embed\tomcat-embed-core\10.1.36\tomcat-embed-core-10.1.36.jar;C:\Users\HP\.m2\repository\org\apache\tomcat\embed\tomcat-embed-websocket\10.1.36\tomcat-embed-websocket-10.1.36.jar;C:\Users\HP\.m2\repository\org\springframework\spring-web\6.2.
Launcher Type: SUN_STANDARD

[Global flags]
     intx CICompilerCount                          = 4                                         {product} {ergonomic}
     uint ConcGCThreads                            = 2                                         {product} {ergonomic}
     uint G1ConcRefinementThreads                  = 8                                         {product} {ergonomic}
   size_t G1HeapRegionSize                         = 1048576                                   {product} {ergonomic}
    uintx GCDrainStackTargetSize                   = 64                                        {product} {ergonomic}
   size_t InitialHeapSize                          = 130023424                                 {product} {ergonomic}
   size_t MarkStackSize                            = 4194304                                   {product} {ergonomic}
   size_t MaxHeapSize                              = 2080374784                                {product} {ergonomic}
   size_t MaxNewSize                               = 1247805440                                {product} {ergonomic}
   size_t MinHeapDeltaBytes                        = 1048576                                   {product} {ergonomic}
   size_t MinHeapSize                              = 8388608                                   {product} {ergonomic}
    uintx NonNMethodCodeHeapSize                   = 5839372                                {pd product} {ergonomic}
    uintx NonProfiledCodeHeapSize                  = 122909434                              {pd product} {ergonomic}
    uintx ProfiledCodeHeapSize                     = 122909434                              {pd product} {ergonomic}
    uintx ReservedCodeCacheSize                    = 251658240                              {pd product} {ergonomic}
     bool SegmentedCodeCache                       = true                                      {product} {ergonomic}
   size_t SoftMaxHeapSize                          = 2080374784                             {manageable} {ergonomic}
     bool UseCompressedClassPointers               = true                           {product lp64_product} {ergonomic}
     bool UseCompressedOops                        = true                           {product lp64_product} {ergonomic}
     bool UseG1GC                                  = true                                      {product} {ergonomic}
     bool UseLargePagesIndividualAllocation        = false                                  {pd product} {ergonomic}

Logging:
Log output configuration:
 #0: stdout all=warning uptime,level,tags
 #1: stderr all=off uptime,level,tags

Environment Variables:
JAVA_HOME=C:\Program Files\Java\jdk-17
PATH=C:\Program Files\Apache Maven\apache-maven-3.9.9\bin;C:\Program Files\Common Files\Oracle\Java\javapath;C:\Program Files (x86)\Common Files\Oracle\Java\java8path;C:\Program Files (x86)\Common Files\Oracle\Java\javapath;C:\WINDOWS\system32;C:\WINDOWS;C:\WINDOWS\System32\Wbem;C:\WINDOWS\System32\WindowsPowerShell\v1.0\;C:\WINDOWS\System32\OpenSSH\;C:\ProgramData\chocolatey\bin;C:\Program Files\dotnet\;D:\Git\cmd;C:\Program Files\Microsoft SQL Server\150\Tools\Binn\;C:\Program Files\Microsoft SQL Server\Client SDK\ODBC\170\Tools\Binn\;C:\Program Files (x86)\Microsoft SQL Server\160\Tools\Binn\;C:\Program Files\Microsoft SQL Server\160\Tools\Binn\;C:\Program Files\Microsoft SQL Server\160\DTS\Binn\;C:\Program Files\Azure Data Studio\bin;C:\Program Files\Apache;C:\Program Files\Apache Maven\apache-maven-3.9.9\\bin;C:\Program Files\Java\jdk-17\bin;C:\Program Files\nodejs\;C:\PHP\;C:\Program Files\Apache Maven\apache-maven-3.9.9\bin;C:\Program Files\Common Files\Oracle\Java\javapath;C:\WINDOWS\system32;C:\WINDOWS;C:\WINDOWS\System32\Wbem;C:\WINDOWS\System32\WindowsPowerShell\v1.0\;C:\WINDOWS\System32\OpenSSH\;C:\ProgramData\chocolatey\bin;C:\Program Files\dotnet\;D:\Git\cmd;C:\Program Files\Microsoft SQL Server\150\Tools\Binn\;C:\Program Files\Microsoft SQL Server\130\Tools\Binn\;C:\Program Files\Microsoft SQL Server\Client SDK\ODBC\170\Tools\Binn\;C:\Program Files (x86)\Microsoft SQL Server\160\Tools\Binn\;C:\Program Files\Microsoft SQL Server\160\Tools\Binn\;C:\Program Files\Microsoft SQL Server\160\DTS\Binn\;C:\Program Files (x86)\Microsoft SQL Server\160\DTS\Binn\;C:\Program Files\Azure Data Studio\bin;C:\Program Files\nodejs\;C:\Program Files\Apache\maven\bin;C:\Users\HP\AppData\Local\Programs\Python\Python312\Scripts\;C:\Users\HP\AppData\Local\Programs\Python\Python312\;C:\Users\HP\AppData\Local\Programs\Python\Launcher\;C:\Users\HP\AppData\Local\Microsoft\WindowsApps;D:\Microsoft VS Code\bin;C:\Users\HP\AppData\Local\GitHubDesktop;C:\Users\HP\AppData\Roaming\npm;C
USERNAME=HP
OS=Windows_NT
PROCESSOR_IDENTIFIER=Intel64 Family 6 Model 140 Stepping 1, GenuineIntel



---------------  S Y S T E M  ---------------

OS:
 Windows 11 , 64 bit Build 26100 (10.0.26100.7705)
OS uptime: 0 days 3:08 hours
Hyper-V role detected

CPU: total 8 (initial active 8) (4 cores per cpu, 2 threads per core) family 6 model 140 stepping 1 microcode 0xac, cx8, cmov, fxsr, ht, mmx, 3dnowpref, sse, sse2, sse3, ssse3, sse4.1, sse4.2, popcnt, lzcnt, tsc, tscinvbit, avx, avx2, aes, erms, clmul, bmi1, bmi2, adx, avx512f, avx512dq, avx512cd, avx512bw, avx512vl, sha, fma, vzeroupper, avx512_vpopcntdq, avx512_vpclmulqdq, avx512_vaes, avx512_vnni, clflush, clflushopt, clwb, avx512_vbmi2, avx512_vbmi, hv

Memory: 4k page, system-wide physical 7932M (495M free)
TotalPageFile size 14076M (AvailPageFile size 0M)
current process WorkingSet (physical memory assigned to process): 59M, peak: 256M
current process commit charge ("private bytes"): 244M, peak: 293M

vm_info: Java HotSpot(TM) 64-Bit Server VM (17.0.11+7-LTS-207) for windows-amd64 JRE (17.0.11+7-LTS-207), built on Mar 11 2024 19:01:50 by "mach5one" with MS VC++ 17.6 (VS2022)

END.
